<?xml version="1.0" encoding="UTF-8"?>
<!-- Generated by org.testng.reporters.JUnitReportReporter -->
<testsuite hostname="DESKTOP-SS9KUUU" failures="0" tests="3" name="com.browserstack.BStackDemoTest" time="72.754" errors="0" timestamp="2023-05-24T15:51:59 IST" skipped="0">
  <testcase classname="com.browserstack.BStackDemoTest" name="addProductToCart" time="22.189"/>
  <system-out/>
  <testcase classname="com.browserstack.BStackDemoTest" name="addProductToCart" time="19.333"/>
  <system-out/>
  <testcase classname="com.browserstack.BStackDemoTest" name="addProductToCart" time="31.232"/>
  <system-out/>
</testsuite> <!-- com.browserstack.BStackDemoTest -->
