<?xml version="1.0" encoding="UTF-8"?>
<!-- Generated by org.testng.reporters.JUnitReportReporter -->
<testsuite hostname="DESKTOP-SS9KUUU" failures="0" tests="3" name="com.browserstack.BStackDemoTest" time="89.788" errors="0" timestamp="2023-05-24T17:51:44 IST" skipped="0">
  <testcase classname="com.browserstack.BStackDemoTest" name="addProductToCart" time="25.823"/>
  <system-out/>
  <testcase classname="com.browserstack.BStackDemoTest" name="addProductToCart" time="41.716"/>
  <system-out/>
  <testcase classname="com.browserstack.BStackDemoTest" name="addProductToCart" time="22.249"/>
  <system-out/>
</testsuite> <!-- com.browserstack.BStackDemoTest -->
