<?xml version="1.0" encoding="UTF-8"?>
<!-- Generated by org.testng.reporters.JUnitReportReporter -->
<testsuite hostname="DESKTOP-SS9KUUU" failures="0" tests="3" name="com.browserstack.BStackDemoTest" time="58.250" errors="0" timestamp="2023-05-25T10:09:14 IST" skipped="0">
  <testcase classname="com.browserstack.BStackDemoTest" name="addProductToCart" time="16.633"/>
  <system-out/>
  <testcase classname="com.browserstack.BStackDemoTest" name="addProductToCart" time="16.310"/>
  <system-out/>
  <testcase classname="com.browserstack.BStackDemoTest" name="addProductToCart" time="25.307"/>
  <system-out/>
</testsuite> <!-- com.browserstack.BStackDemoTest -->
