<?xml version="1.0" encoding="UTF-8"?>
<!-- Generated by org.testng.reporters.JUnitReportReporter -->
<testsuite hostname="DESKTOP-SS9KUUU" failures="0" tests="3" name="com.browserstack.BStackDemoTest" time="54.727" errors="0" timestamp="2023-05-24T09:41:22 IST" skipped="0">
  <testcase classname="com.browserstack.BStackDemoTest" name="addProductToCart" time="14.003"/>
  <system-out/>
  <testcase classname="com.browserstack.BStackDemoTest" name="addProductToCart" time="16.013"/>
  <system-out/>
  <testcase classname="com.browserstack.BStackDemoTest" name="addProductToCart" time="24.711"/>
  <system-out/>
</testsuite> <!-- com.browserstack.BStackDemoTest -->
