<?xml version="1.0" encoding="UTF-8"?>
<!-- Generated by org.testng.reporters.JUnitReportReporter -->
<testsuite hostname="DESKTOP-SS9KUUU" failures="0" tests="3" name="com.browserstack.BStackDemoTest" time="54.094" errors="0" timestamp="2023-05-25T13:02:18 IST" skipped="0">
  <testcase classname="com.browserstack.BStackDemoTest" name="addProductToCart" time="14.189"/>
  <system-out/>
  <testcase classname="com.browserstack.BStackDemoTest" name="addProductToCart" time="19.949"/>
  <system-out/>
  <testcase classname="com.browserstack.BStackDemoTest" name="addProductToCart" time="19.956"/>
  <system-out/>
</testsuite> <!-- com.browserstack.BStackDemoTest -->
