<?xml version="1.0" encoding="UTF-8"?>
<testsuite xmlns:xsi="http://www.w3.org/2001/XMLSchema-instance" xsi:schemaLocation="https://maven.apache.org/surefire/maven-surefire-plugin/xsd/surefire-test-report.xsd" name="TestSuite" time="508.199" tests="232" errors="0" skipped="95" failures="79">
  <properties>
    <property name="jansi.mode" value="force"/>
    <property name="java.runtime.name" value="OpenJDK Runtime Environment"/>
    <property name="java.vm.version" value="17.0.7+7"/>
    <property name="sun.boot.library.path" value="C:\Users\huft\.p2\pool\plugins\org.eclipse.justj.openjdk.hotspot.jre.full.win32.x86_64_17.0.7.v20230425-1502\jre\bin"/>
    <property name="maven.multiModuleProjectDirectory" value="C:\Users\huft\Documents\GitHub\BrowserStack\testng-browserstack-master"/>
    <property name="java.vm.vendor" value="Eclipse Adoptium"/>
    <property name="java.vendor.url" value="https://adoptium.net/"/>
    <property name="guice.disable.misplaced.annotation.check" value="true"/>
    <property name="path.separator" value=";"/>
    <property name="java.vm.name" value="OpenJDK 64-Bit Server VM"/>
    <property name="sun.os.patch.level" value=""/>
    <property name="user.script" value=""/>
    <property name="user.country" value="IN"/>
    <property name="sun.java.launcher" value="SUN_STANDARD"/>
    <property name="java.vm.specification.name" value="Java Virtual Machine Specification"/>
    <property name="user.dir" value="C:\Users\huft\Documents\GitHub\BrowserStack\testng-browserstack-master"/>
    <property name="java.vm.compressedOopsMode" value="Zero based"/>
    <property name="java.runtime.version" value="17.0.7+7"/>
    <property name="os.arch" value="amd64"/>
    <property name="java.io.tmpdir" value="C:\Users\huft\AppData\Local\Temp\"/>
    <property name="line.separator" value="&#10;"/>
    <property name="java.vm.specification.vendor" value="Oracle Corporation"/>
    <property name="user.variant" value=""/>
    <property name="os.name" value="Windows 11"/>
    <property name="classworlds.conf" value="D:\HUFT\.metadata\.plugins\org.eclipse.m2e.launching\launches\m2conf1475760347122515153.tmp"/>
    <property name="sun.jnu.encoding" value="Cp1252"/>
    <property name="java.library.path" value="C:\Users\huft\.p2\pool\plugins\org.eclipse.justj.openjdk.hotspot.jre.full.win32.x86_64_17.0.7.v20230425-1502\jre\bin;C:\Windows\Sun\Java\bin;C:\Windows\system32;C:\Windows;C:/Users/huft/.p2/pool/plugins/org.eclipse.justj.openjdk.hotspot.jre.full.win32.x86_64_17.0.7.v20230425-1502/jre/bin/server;C:/Users/huft/.p2/pool/plugins/org.eclipse.justj.openjdk.hotspot.jre.full.win32.x86_64_17.0.7.v20230425-1502/jre/bin;C:\Program Files (x86)\Common Files\Oracle\Java\javapath;C:\Windows\system32;C:\Windows;C:\Windows\System32\Wbem;C:\Windows\System32\WindowsPowerShell\v1.0\;C:\Windows\System32\OpenSSH\;D:\python installation\Scripts\;D:\python installation\;C:\Program Files\Java\jre-1.8\bin;;C:\Windows\System32;;."/>
    <property name="jdk.debug" value="release"/>
    <property name="java.class.version" value="61.0"/>
    <property name="java.specification.name" value="Java Platform API Specification"/>
    <property name="sun.management.compiler" value="HotSpot 64-Bit Tiered Compilers"/>
    <property name="os.version" value="10.0"/>
    <property name="user.home" value="C:\Users\huft"/>
    <property name="user.timezone" value="Asia/Calcutta"/>
    <property name="file.encoding" value="UTF-8"/>
    <property name="java.specification.version" value="17"/>
    <property name="user.name" value="huft"/>
    <property name="java.class.path" value="C:\Users\huft\.p2\pool\plugins\org.eclipse.m2e.maven.runtime_3.8.701.20230209-1606\jars\plexus-classworlds-2.6.0.jar"/>
    <property name="java.vm.specification.version" value="17"/>
    <property name="sun.arch.data.model" value="64"/>
    <property name="sun.java.command" value="org.codehaus.plexus.classworlds.launcher.Launcher -B -Dstyle.color=always test"/>
    <property name="java.home" value="C:\Users\huft\.p2\pool\plugins\org.eclipse.justj.openjdk.hotspot.jre.full.win32.x86_64_17.0.7.v20230425-1502\jre"/>
    <property name="user.language" value="en"/>
    <property name="java.specification.vendor" value="Oracle Corporation"/>
    <property name="java.vm.info" value="mixed mode"/>
    <property name="java.version" value="17.0.7"/>
    <property name="native.encoding" value="Cp1252"/>
    <property name="java.vendor" value="Eclipse Adoptium"/>
    <property name="maven.home" value="C:\Users\huft\Documents\GitHub\BrowserStack\testng-browserstack-master\EMBEDDED"/>
    <property name="style.color" value="always"/>
    <property name="file.separator" value="\"/>
    <property name="java.version.date" value="2023-04-18"/>
    <property name="java.vendor.url.bug" value="https://github.com/adoptium/adoptium-support/issues"/>
    <property name="sun.io.unicode.encoding" value="UnicodeLittle"/>
    <property name="sun.cpu.endian" value="little"/>
    <property name="java.vendor.version" value="Temurin-17.0.7+7"/>
    <property name="m2e.build.project.data.socket.port" value="53782"/>
    <property name="sun.cpu.isalist" value="amd64"/>
  </properties>
  <testcase name="Beagle" classname="com.browserstack.staticpages" time="2.099"/>
  <testcase name="Beagle" classname="com.browserstack.staticpages" time="2.625"/>
  <testcase name="Beagle" classname="com.browserstack.staticpages" time="5.038"/>
  <testcase name="Beagle" classname="com.browserstack.staticpages" time="0.427"/>
  <testcase name="Beagle" classname="com.browserstack.staticpages" time="1.548"/>
  <testcase name="aboutus" classname="com.browserstack.staticpages" time="9.267"/>
  <testcase name="aboutus" classname="com.browserstack.staticpages" time="9.593"/>
  <testcase name="aboutus" classname="com.browserstack.staticpages" time="4.266"/>
  <testcase name="aboutus" classname="com.browserstack.staticpages" time="5.381"/>
  <testcase name="aboutus" classname="com.browserstack.staticpages" time="12.148"/>
  <testcase name="alldogtreats" classname="com.browserstack.staticpages" time="6.484"/>
  <testcase name="alldogtreats" classname="com.browserstack.staticpages" time="1.857"/>
  <testcase name="alldogtreats" classname="com.browserstack.staticpages" time="4.698"/>
  <testcase name="alldogtreats" classname="com.browserstack.staticpages" time="11.614"/>
  <testcase name="alldogtreats" classname="com.browserstack.staticpages" time="4.577"/>
  <testcase name="awards" classname="com.browserstack.staticpages" time="9.538"/>
  <testcase name="awards" classname="com.browserstack.staticpages" time="1.036"/>
  <testcase name="awards" classname="com.browserstack.staticpages" time="9.848"/>
  <testcase name="awards" classname="com.browserstack.staticpages" time="1"/>
  <testcase name="awards" classname="com.browserstack.staticpages" time="0">
    <skipped message="Could not start a new session. Handshake response does not match any supported protocol &#10;Host info: host: &apos;DESKTOP-SS9KUUU&apos;, ip: &apos;192.168.1.178&apos;&#10;Build info: version: &apos;4.9.1&apos;, revision: &apos;eb2032df7f&apos;&#10;System info: os.name: &apos;Windows 11&apos;, os.arch: &apos;amd64&apos;, os.version: &apos;10.0&apos;, java.version: &apos;17.0.7&apos;&#10;Driver info: org.openqa.selenium.chrome.ChromeDriver&#10;Command: [null, newSession {capabilities=[Capabilities {browserName: Safari, browserVersion: latest, bstack:options: {accessKey: twqxQydQD82kykCXeAwz, browser: Safari, browserName: Safari, browserVersion: latest, browserstackSDK: testng-javaagent/1.5.2, buildIdentifier: #58, buildName: jenkins_BrowserStack-, consoleLogs: errors, debug: false, hostName: DESKTOP-SS9KUUU, local: true, localIdentifier: 30_May_1127_DESKTOP_SS9KUUU..., networkLogs: false, os: OS X, osVersion: Big Sur, projectName: BrowserStack Samples, source: testng:sample-master:v1.1, userName: deepakkumar_rQ89ol}, goog:chromeOptions: {args: [--remote-allow-origins=*, start-maximized, --disable-notifications], extensions: []}}]}]"/>
  </testcase>
  <testcase name="birthdayclub" classname="com.browserstack.staticpages" time="0.797"/>
  <testcase name="birthdayclub" classname="com.browserstack.staticpages" time="12.75"/>
  <testcase name="birthdayclub" classname="com.browserstack.staticpages" time="1.623"/>
  <testcase name="birthdayclub" classname="com.browserstack.staticpages" time="11.538"/>
  <testcase name="birthdayclub" classname="com.browserstack.staticpages" time="0">
    <skipped message="Could not start a new session. Handshake response does not match any supported protocol &#10;Host info: host: &apos;DESKTOP-SS9KUUU&apos;, ip: &apos;192.168.1.178&apos;&#10;Build info: version: &apos;4.9.1&apos;, revision: &apos;eb2032df7f&apos;&#10;System info: os.name: &apos;Windows 11&apos;, os.arch: &apos;amd64&apos;, os.version: &apos;10.0&apos;, java.version: &apos;17.0.7&apos;&#10;Driver info: org.openqa.selenium.chrome.ChromeDriver&#10;Command: [null, newSession {capabilities=[Capabilities {browserName: Safari, browserVersion: latest, bstack:options: {accessKey: twqxQydQD82kykCXeAwz, browser: Safari, browserName: Safari, browserVersion: latest, browserstackSDK: testng-javaagent/1.5.2, buildIdentifier: #58, buildName: jenkins_BrowserStack-, consoleLogs: errors, debug: false, hostName: DESKTOP-SS9KUUU, local: true, localIdentifier: 30_May_1127_DESKTOP_SS9KUUU..., networkLogs: false, os: OS X, osVersion: Big Sur, projectName: BrowserStack Samples, source: testng:sample-master:v1.1, userName: deepakkumar_rQ89ol}, goog:chromeOptions: {args: [--remote-allow-origins=*, start-maximized, --disable-notifications], extensions: []}}]}]"/>
  </testcase>
  <testcase name="blogs" classname="com.browserstack.staticpages" time="0.572"/>
  <testcase name="blogs" classname="com.browserstack.staticpages" time="0.334"/>
  <testcase name="blogs" classname="com.browserstack.staticpages" time="7.383"/>
  <testcase name="blogs" classname="com.browserstack.staticpages" time="0.95"/>
  <testcase name="blogs" classname="com.browserstack.staticpages" time="0">
    <skipped message="Could not start a new session. Handshake response does not match any supported protocol &#10;Host info: host: &apos;DESKTOP-SS9KUUU&apos;, ip: &apos;192.168.1.178&apos;&#10;Build info: version: &apos;4.9.1&apos;, revision: &apos;eb2032df7f&apos;&#10;System info: os.name: &apos;Windows 11&apos;, os.arch: &apos;amd64&apos;, os.version: &apos;10.0&apos;, java.version: &apos;17.0.7&apos;&#10;Driver info: org.openqa.selenium.chrome.ChromeDriver&#10;Command: [null, newSession {capabilities=[Capabilities {browserName: Safari, browserVersion: latest, bstack:options: {accessKey: twqxQydQD82kykCXeAwz, browser: Safari, browserName: Safari, browserVersion: latest, browserstackSDK: testng-javaagent/1.5.2, buildIdentifier: #58, buildName: jenkins_BrowserStack-, consoleLogs: errors, debug: false, hostName: DESKTOP-SS9KUUU, local: true, localIdentifier: 30_May_1127_DESKTOP_SS9KUUU..., networkLogs: false, os: OS X, osVersion: Big Sur, projectName: BrowserStack Samples, source: testng:sample-master:v1.1, userName: deepakkumar_rQ89ol}, goog:chromeOptions: {args: [--remote-allow-origins=*, start-maximized, --disable-notifications], extensions: []}}]}]"/>
    <system-err><![CDATA[May 30, 2023 11:31:21 AM org.openqa.selenium.devtools.CdpVersionFinder findNearestMatch
WARNING: Unable to find CDP implementation matching 14
May 30, 2023 11:31:21 AM org.openqa.selenium.chromium.ChromiumDriver lambda$new$3
WARNING: Unable to find version of CDP to use for . You may need to include a dependency on a specific version of the CDP using something similar to `org.seleniumhq.selenium:selenium-devtools-v86:4.9.1` where the version ("v86") matches the version of the chromium-based browser you're using and the version number of the artifact is the same as Selenium's.
]]></system-err>
  </testcase>
  <testcase name="boxer" classname="com.browserstack.staticpages" time="11.966"/>
  <testcase name="boxer" classname="com.browserstack.staticpages" time="6.968"/>
  <testcase name="boxer" classname="com.browserstack.staticpages" time="13.229"/>
  <testcase name="boxer" classname="com.browserstack.staticpages" time="0">
    <skipped message="Could not start a new session. Handshake response does not match any supported protocol &#10;Host info: host: &apos;DESKTOP-SS9KUUU&apos;, ip: &apos;192.168.1.178&apos;&#10;Build info: version: &apos;4.9.1&apos;, revision: &apos;eb2032df7f&apos;&#10;System info: os.name: &apos;Windows 11&apos;, os.arch: &apos;amd64&apos;, os.version: &apos;10.0&apos;, java.version: &apos;17.0.7&apos;&#10;Driver info: org.openqa.selenium.chrome.ChromeDriver&#10;Command: [null, newSession {capabilities=[Capabilities {browserName: Safari, browserVersion: latest, bstack:options: {accessKey: twqxQydQD82kykCXeAwz, browser: Safari, browserName: Safari, browserVersion: latest, browserstackSDK: testng-javaagent/1.5.2, buildIdentifier: #58, buildName: jenkins_BrowserStack-, consoleLogs: errors, debug: false, hostName: DESKTOP-SS9KUUU, local: true, localIdentifier: 30_May_1127_DESKTOP_SS9KUUU..., networkLogs: false, os: OS X, osVersion: Big Sur, projectName: BrowserStack Samples, source: testng:sample-master:v1.1, userName: deepakkumar_rQ89ol}, goog:chromeOptions: {args: [--remote-allow-origins=*, start-maximized, --disable-notifications], extensions: []}}]}]"/>
    <system-err><![CDATA[May 30, 2023 11:31:32 AM org.openqa.selenium.manager.SeleniumManager getDriverPath
INFO: Applicable driver not found; attempting to install with Selenium Manager (Beta)
May 30, 2023 11:31:33 AM org.openqa.selenium.devtools.CdpVersionFinder findNearestMatch
WARNING: Unable to find CDP implementation matching 14
May 30, 2023 11:31:33 AM org.openqa.selenium.chromium.ChromiumDriver lambda$new$3
WARNING: Unable to find version of CDP to use for . You may need to include a dependency on a specific version of the CDP using something similar to `org.seleniumhq.selenium:selenium-devtools-v86:4.9.1` where the version ("v86") matches the version of the chromium-based browser you're using and the version number of the artifact is the same as Selenium's.
]]></system-err>
  </testcase>
  <testcase name="boxer" classname="com.browserstack.staticpages" time="4.012"/>
  <testcase name="career" classname="com.browserstack.staticpages" time="12.055"/>
  <testcase name="career" classname="com.browserstack.staticpages" time="5.155"/>
  <testcase name="career" classname="com.browserstack.staticpages" time="6.749"/>
  <testcase name="career" classname="com.browserstack.staticpages" time="0">
    <skipped message="Could not start a new session. Handshake response does not match any supported protocol &#10;Host info: host: &apos;DESKTOP-SS9KUUU&apos;, ip: &apos;192.168.1.178&apos;&#10;Build info: version: &apos;4.9.1&apos;, revision: &apos;eb2032df7f&apos;&#10;System info: os.name: &apos;Windows 11&apos;, os.arch: &apos;amd64&apos;, os.version: &apos;10.0&apos;, java.version: &apos;17.0.7&apos;&#10;Driver info: org.openqa.selenium.chrome.ChromeDriver&#10;Command: [null, newSession {capabilities=[Capabilities {browserName: Safari, browserVersion: latest, bstack:options: {accessKey: twqxQydQD82kykCXeAwz, browser: Safari, browserName: Safari, browserVersion: latest, browserstackSDK: testng-javaagent/1.5.2, buildIdentifier: #58, buildName: jenkins_BrowserStack-, consoleLogs: errors, debug: false, hostName: DESKTOP-SS9KUUU, local: true, localIdentifier: 30_May_1127_DESKTOP_SS9KUUU..., networkLogs: false, os: OS X, osVersion: Big Sur, projectName: BrowserStack Samples, source: testng:sample-master:v1.1, userName: deepakkumar_rQ89ol}, goog:chromeOptions: {args: [--remote-allow-origins=*, start-maximized, --disable-notifications], extensions: []}}]}]"/>
    <system-err><![CDATA[May 30, 2023 11:31:35 AM org.openqa.selenium.chromium.ChromiumDriver lambda$new$3
WARNING: Unable to find version of CDP to use for . You may need to include a dependency on a specific version of the CDP using something similar to `org.seleniumhq.selenium:selenium-devtools-v86:4.9.1` where the version ("v86") matches the version of the chromium-based browser you're using and the version number of the artifact is the same as Selenium's.
May 30, 2023 11:31:35 AM org.openqa.selenium.manager.SeleniumManager getDriverPath
INFO: Applicable driver not found; attempting to install with Selenium Manager (Beta)
May 30, 2023 11:31:40 AM org.openqa.selenium.devtools.CdpVersionFinder findNearestMatch
WARNING: Unable to find CDP implementation matching 14
May 30, 2023 11:31:40 AM org.openqa.selenium.chromium.ChromiumDriver lambda$new$3
WARNING: Unable to find version of CDP to use for . You may need to include a dependency on a specific version of the CDP using something similar to `org.seleniumhq.selenium:selenium-devtools-v86:4.9.1` where the version ("v86") matches the version of the chromium-based browser you're using and the version number of the artifact is the same as Selenium's.
]]></system-err>
  </testcase>
  <testcase name="career" classname="com.browserstack.staticpages" time="0.549"/>
  <testcase name="cats" classname="com.browserstack.staticpages" time="12.001"/>
  <testcase name="cats" classname="com.browserstack.staticpages" time="1.331"/>
  <testcase name="cats" classname="com.browserstack.staticpages" time="5.361"/>
  <testcase name="cats" classname="com.browserstack.staticpages" time="0">
    <skipped message="Could not start a new session. Handshake response does not match any supported protocol &#10;Host info: host: &apos;DESKTOP-SS9KUUU&apos;, ip: &apos;192.168.1.178&apos;&#10;Build info: version: &apos;4.9.1&apos;, revision: &apos;eb2032df7f&apos;&#10;System info: os.name: &apos;Windows 11&apos;, os.arch: &apos;amd64&apos;, os.version: &apos;10.0&apos;, java.version: &apos;17.0.7&apos;&#10;Driver info: org.openqa.selenium.chrome.ChromeDriver&#10;Command: [null, newSession {capabilities=[Capabilities {browserName: Safari, browserVersion: latest, bstack:options: {accessKey: twqxQydQD82kykCXeAwz, browser: Safari, browserName: Safari, browserVersion: latest, browserstackSDK: testng-javaagent/1.5.2, buildIdentifier: #58, buildName: jenkins_BrowserStack-, consoleLogs: errors, debug: false, hostName: DESKTOP-SS9KUUU, local: true, localIdentifier: 30_May_1127_DESKTOP_SS9KUUU..., networkLogs: false, os: OS X, osVersion: Big Sur, projectName: BrowserStack Samples, source: testng:sample-master:v1.1, userName: deepakkumar_rQ89ol}, goog:chromeOptions: {args: [--remote-allow-origins=*, start-maximized, --disable-notifications], extensions: []}}]}]"/>
    <system-err><![CDATA[May 30, 2023 11:31:50 AM org.openqa.selenium.manager.SeleniumManager getDriverPath
INFO: Applicable driver not found; attempting to install with Selenium Manager (Beta)
May 30, 2023 11:31:50 AM org.openqa.selenium.devtools.CdpVersionFinder findNearestMatch
WARNING: Unable to find CDP implementation matching 14
May 30, 2023 11:31:50 AM org.openqa.selenium.chromium.ChromiumDriver lambda$new$3
WARNING: Unable to find version of CDP to use for . You may need to include a dependency on a specific version of the CDP using something similar to `org.seleniumhq.selenium:selenium-devtools-v86:4.9.1` where the version ("v86") matches the version of the chromium-based browser you're using and the version number of the artifact is the same as Selenium's.
]]></system-err>
  </testcase>
  <testcase name="cats" classname="com.browserstack.staticpages" time="2.668"/>
  <testcase name="setUp" classname="com.browserstack.staticpages" time="3.364">
    <failure message="Could not start a new session. Handshake response does not match any supported protocol &#10;Host info: host: &apos;DESKTOP-SS9KUUU&apos;, ip: &apos;192.168.1.178&apos;&#10;Build info: version: &apos;4.9.1&apos;, revision: &apos;eb2032df7f&apos;&#10;System info: os.name: &apos;Windows 11&apos;, os.arch: &apos;amd64&apos;, os.version: &apos;10.0&apos;, java.version: &apos;17.0.7&apos;&#10;Driver info: org.openqa.selenium.chrome.ChromeDriver&#10;Command: [null, newSession {capabilities=[Capabilities {browserName: Safari, browserVersion: latest, bstack:options: {accessKey: twqxQydQD82kykCXeAwz, browser: Safari, browserName: Safari, browserVersion: latest, browserstackSDK: testng-javaagent/1.5.2, buildIdentifier: #58, buildName: jenkins_BrowserStack-, consoleLogs: errors, debug: false, hostName: DESKTOP-SS9KUUU, local: true, localIdentifier: 30_May_1127_DESKTOP_SS9KUUU..., networkLogs: false, os: OS X, osVersion: Big Sur, projectName: BrowserStack Samples, source: testng:sample-master:v1.1, userName: deepakkumar_rQ89ol}, goog:chromeOptions: {args: [--remote-allow-origins=*, start-maximized, --disable-notifications], extensions: []}}]}]" type="org.openqa.selenium.SessionNotCreatedException">org.openqa.selenium.SessionNotCreatedException: 
Could not start a new session. Handshake response does not match any supported protocol 
Host info: host: 'DESKTOP-SS9KUUU', ip: '192.168.1.178'
Build info: version: '4.9.1', revision: 'eb2032df7f'
System info: os.name: 'Windows 11', os.arch: 'amd64', os.version: '10.0', java.version: '17.0.7'
Driver info: org.openqa.selenium.chrome.ChromeDriver
Command: [null, newSession {capabilities=[Capabilities {browserName: Safari, browserVersion: latest, bstack:options: {accessKey: twqxQydQD82kykCXeAwz, browser: Safari, browserName: Safari, browserVersion: latest, browserstackSDK: testng-javaagent/1.5.2, buildIdentifier: #58, buildName: jenkins_BrowserStack-, consoleLogs: errors, debug: false, hostName: DESKTOP-SS9KUUU, local: true, localIdentifier: 30_May_1127_DESKTOP_SS9KUUU..., networkLogs: false, os: OS X, osVersion: Big Sur, projectName: BrowserStack Samples, source: testng:sample-master:v1.1, userName: deepakkumar_rQ89ol}, goog:chromeOptions: {args: [--remote-allow-origins=*, start-maximized, --disable-notifications], extensions: []}}]}]
</failure>
  </testcase>
  <testcase name="setUp" classname="com.browserstack.staticpages" time="8.085">
    <failure message="Could not start a new session. Possible causes are invalid address of the remote server or browser start-up failure. &#10;Host info: host: &apos;DESKTOP-SS9KUUU&apos;, ip: &apos;192.168.1.178&apos;" type="org.openqa.selenium.SessionNotCreatedException">org.openqa.selenium.SessionNotCreatedException: 
Could not start a new session. Possible causes are invalid address of the remote server or browser start-up failure. 
Host info: host: 'DESKTOP-SS9KUUU', ip: '192.168.1.178'
Caused by: org.openqa.selenium.WebDriverException: 
Automate testing time expired.
Build info: version: '4.9.1', revision: 'eb2032df7f'
System info: os.name: 'Windows 11', os.arch: 'amd64', os.version: '10.0', java.version: '17.0.7'
Driver info: driver.version: ChromeDriver
remote stacktrace: 
</failure>
    <system-err><![CDATA[May 30, 2023 11:33:49 AM org.openqa.selenium.manager.SeleniumManager getDriverPath
INFO: Applicable driver not found; attempting to install with Selenium Manager (Beta)
]]></system-err>
  </testcase>
  <testcase name="setUp" classname="com.browserstack.staticpages" time="0.249">
    <failure message="Could not start a new session. Handshake response does not match any supported protocol &#10;Host info: host: &apos;DESKTOP-SS9KUUU&apos;, ip: &apos;192.168.1.178&apos;&#10;Build info: version: &apos;4.9.1&apos;, revision: &apos;eb2032df7f&apos;&#10;System info: os.name: &apos;Windows 11&apos;, os.arch: &apos;amd64&apos;, os.version: &apos;10.0&apos;, java.version: &apos;17.0.7&apos;&#10;Driver info: org.openqa.selenium.chrome.ChromeDriver&#10;Command: [null, newSession {capabilities=[Capabilities {browserName: Chrome, browserVersion: latest, bstack:options: {accessKey: twqxQydQD82kykCXeAwz, browser: Chrome, browserName: Chrome, browserVersion: latest, browserstackSDK: testng-javaagent/1.5.2, buildIdentifier: #58, buildName: jenkins_BrowserStack-, consoleLogs: errors, debug: false, hostName: DESKTOP-SS9KUUU, local: true, localIdentifier: 30_May_1127_DESKTOP_SS9KUUU..., networkLogs: false, os: Windows, osVersion: 10, projectName: BrowserStack Samples, source: testng:sample-master:v1.1, userName: deepakkumar_rQ89ol}, goog:chromeOptions: {args: [--remote-allow-origins=*, start-maximized, --disable-notifications], extensions: []}}]}]" type="org.openqa.selenium.SessionNotCreatedException">org.openqa.selenium.SessionNotCreatedException: 
Could not start a new session. Handshake response does not match any supported protocol 
Host info: host: 'DESKTOP-SS9KUUU', ip: '192.168.1.178'
Build info: version: '4.9.1', revision: 'eb2032df7f'
System info: os.name: 'Windows 11', os.arch: 'amd64', os.version: '10.0', java.version: '17.0.7'
Driver info: org.openqa.selenium.chrome.ChromeDriver
Command: [null, newSession {capabilities=[Capabilities {browserName: Chrome, browserVersion: latest, bstack:options: {accessKey: twqxQydQD82kykCXeAwz, browser: Chrome, browserName: Chrome, browserVersion: latest, browserstackSDK: testng-javaagent/1.5.2, buildIdentifier: #58, buildName: jenkins_BrowserStack-, consoleLogs: errors, debug: false, hostName: DESKTOP-SS9KUUU, local: true, localIdentifier: 30_May_1127_DESKTOP_SS9KUUU..., networkLogs: false, os: Windows, osVersion: 10, projectName: BrowserStack Samples, source: testng:sample-master:v1.1, userName: deepakkumar_rQ89ol}, goog:chromeOptions: {args: [--remote-allow-origins=*, start-maximized, --disable-notifications], extensions: []}}]}]
</failure>
    <system-err><![CDATA[May 30, 2023 11:33:55 AM org.openqa.selenium.devtools.CdpVersionFinder findNearestMatch
WARNING: Unable to find CDP implementation matching 14
May 30, 2023 11:33:55 AM org.openqa.selenium.chromium.ChromiumDriver lambda$new$3
WARNING: Unable to find version of CDP to use for . You may need to include a dependency on a specific version of the CDP using something similar to `org.seleniumhq.selenium:selenium-devtools-v86:4.9.1` where the version ("v86") matches the version of the chromium-based browser you're using and the version number of the artifact is the same as Selenium's.
]]></system-err>
  </testcase>
  <testcase name="setUp" classname="com.browserstack.staticpages" time="2.533">
    <failure message="Could not start a new session. Handshake response does not match any supported protocol &#10;Host info: host: &apos;DESKTOP-SS9KUUU&apos;, ip: &apos;192.168.1.178&apos;&#10;Build info: version: &apos;4.9.1&apos;, revision: &apos;eb2032df7f&apos;&#10;System info: os.name: &apos;Windows 11&apos;, os.arch: &apos;amd64&apos;, os.version: &apos;10.0&apos;, java.version: &apos;17.0.7&apos;&#10;Driver info: org.openqa.selenium.chrome.ChromeDriver&#10;Command: [null, newSession {capabilities=[Capabilities {browserName: safari, browserVersion: null, bstack:options: {accessKey: twqxQydQD82kykCXeAwz, browser: safari, browserName: safari, browserVersion: null, browserstackSDK: testng-javaagent/1.5.2, buildIdentifier: #58, buildName: jenkins_BrowserStack-, consoleLogs: errors, debug: false, deviceName: iPhone 12, hostName: DESKTOP-SS9KUUU, local: true, localIdentifier: 30_May_1127_DESKTOP_SS9KUUU..., networkLogs: false, os: ios, osVersion: 14.0, projectName: BrowserStack Samples, source: testng:sample-master:v1.1, userName: deepakkumar_rQ89ol}, goog:chromeOptions: {args: [--remote-allow-origins=*, start-maximized, --disable-notifications], extensions: []}}]}]" type="org.openqa.selenium.SessionNotCreatedException">org.openqa.selenium.SessionNotCreatedException: 
Could not start a new session. Handshake response does not match any supported protocol 
Host info: host: 'DESKTOP-SS9KUUU', ip: '192.168.1.178'
Build info: version: '4.9.1', revision: 'eb2032df7f'
System info: os.name: 'Windows 11', os.arch: 'amd64', os.version: '10.0', java.version: '17.0.7'
Driver info: org.openqa.selenium.chrome.ChromeDriver
Command: [null, newSession {capabilities=[Capabilities {browserName: safari, browserVersion: null, bstack:options: {accessKey: twqxQydQD82kykCXeAwz, browser: safari, browserName: safari, browserVersion: null, browserstackSDK: testng-javaagent/1.5.2, buildIdentifier: #58, buildName: jenkins_BrowserStack-, consoleLogs: errors, debug: false, deviceName: iPhone 12, hostName: DESKTOP-SS9KUUU, local: true, localIdentifier: 30_May_1127_DESKTOP_SS9KUUU..., networkLogs: false, os: ios, osVersion: 14.0, projectName: BrowserStack Samples, source: testng:sample-master:v1.1, userName: deepakkumar_rQ89ol}, goog:chromeOptions: {args: [--remote-allow-origins=*, start-maximized, --disable-notifications], extensions: []}}]}]
</failure>
    <system-err><![CDATA[May 30, 2023 11:33:56 AM org.openqa.selenium.manager.SeleniumManager getDriverPath
INFO: Applicable driver not found; attempting to install with Selenium Manager (Beta)
May 30, 2023 11:33:57 AM org.openqa.selenium.manager.SeleniumManager getDriverPath
INFO: Applicable driver not found; attempting to install with Selenium Manager (Beta)
]]></system-err>
  </testcase>
  <testcase name="setUp" classname="com.browserstack.staticpages" time="0.217">
    <failure message="Could not start a new session. Handshake response does not match any supported protocol &#10;Host info: host: &apos;DESKTOP-SS9KUUU&apos;, ip: &apos;192.168.1.178&apos;&#10;Build info: version: &apos;4.9.1&apos;, revision: &apos;eb2032df7f&apos;&#10;System info: os.name: &apos;Windows 11&apos;, os.arch: &apos;amd64&apos;, os.version: &apos;10.0&apos;, java.version: &apos;17.0.7&apos;&#10;Driver info: org.openqa.selenium.chrome.ChromeDriver&#10;Command: [null, newSession {capabilities=[Capabilities {browserName: chrome, browserVersion: null, bstack:options: {accessKey: twqxQydQD82kykCXeAwz, browser: chrome, browserName: chrome, browserVersion: null, browserstackSDK: testng-javaagent/1.5.2, buildIdentifier: #58, buildName: jenkins_BrowserStack-, consoleLogs: errors, debug: false, deviceName: Samsung Galaxy S21, hostName: DESKTOP-SS9KUUU, local: true, localIdentifier: 30_May_1127_DESKTOP_SS9KUUU..., networkLogs: false, os: android, osVersion: 11.0, projectName: BrowserStack Samples, source: testng:sample-master:v1.1, userName: deepakkumar_rQ89ol}, goog:chromeOptions: {args: [--remote-allow-origins=*, start-maximized, --disable-notifications], extensions: []}}]}]" type="org.openqa.selenium.SessionNotCreatedException">org.openqa.selenium.SessionNotCreatedException: 
Could not start a new session. Handshake response does not match any supported protocol 
Host info: host: 'DESKTOP-SS9KUUU', ip: '192.168.1.178'
Build info: version: '4.9.1', revision: 'eb2032df7f'
System info: os.name: 'Windows 11', os.arch: 'amd64', os.version: '10.0', java.version: '17.0.7'
Driver info: org.openqa.selenium.chrome.ChromeDriver
Command: [null, newSession {capabilities=[Capabilities {browserName: chrome, browserVersion: null, bstack:options: {accessKey: twqxQydQD82kykCXeAwz, browser: chrome, browserName: chrome, browserVersion: null, browserstackSDK: testng-javaagent/1.5.2, buildIdentifier: #58, buildName: jenkins_BrowserStack-, consoleLogs: errors, debug: false, deviceName: Samsung Galaxy S21, hostName: DESKTOP-SS9KUUU, local: true, localIdentifier: 30_May_1127_DESKTOP_SS9KUUU..., networkLogs: false, os: android, osVersion: 11.0, projectName: BrowserStack Samples, source: testng:sample-master:v1.1, userName: deepakkumar_rQ89ol}, goog:chromeOptions: {args: [--remote-allow-origins=*, start-maximized, --disable-notifications], extensions: []}}]}]
</failure>
  </testcase>
  <testcase name="setUp" classname="com.browserstack.staticpages" time="1.116">
    <failure message="Could not start a new session. Handshake response does not match any supported protocol &#10;Host info: host: &apos;DESKTOP-SS9KUUU&apos;, ip: &apos;192.168.1.178&apos;&#10;Build info: version: &apos;4.9.1&apos;, revision: &apos;eb2032df7f&apos;&#10;System info: os.name: &apos;Windows 11&apos;, os.arch: &apos;amd64&apos;, os.version: &apos;10.0&apos;, java.version: &apos;17.0.7&apos;&#10;Driver info: org.openqa.selenium.chrome.ChromeDriver&#10;Command: [null, newSession {capabilities=[Capabilities {browserName: Safari, browserVersion: latest, bstack:options: {accessKey: twqxQydQD82kykCXeAwz, browser: Safari, browserName: Safari, browserVersion: latest, browserstackSDK: testng-javaagent/1.5.2, buildIdentifier: #58, buildName: jenkins_BrowserStack-, consoleLogs: errors, debug: false, hostName: DESKTOP-SS9KUUU, local: true, localIdentifier: 30_May_1127_DESKTOP_SS9KUUU..., networkLogs: false, os: OS X, osVersion: Big Sur, projectName: BrowserStack Samples, source: testng:sample-master:v1.1, userName: deepakkumar_rQ89ol}, goog:chromeOptions: {args: [--remote-allow-origins=*, start-maximized, --disable-notifications], extensions: []}}]}]" type="org.openqa.selenium.SessionNotCreatedException">org.openqa.selenium.SessionNotCreatedException: 
Could not start a new session. Handshake response does not match any supported protocol 
Host info: host: 'DESKTOP-SS9KUUU', ip: '192.168.1.178'
Build info: version: '4.9.1', revision: 'eb2032df7f'
System info: os.name: 'Windows 11', os.arch: 'amd64', os.version: '10.0', java.version: '17.0.7'
Driver info: org.openqa.selenium.chrome.ChromeDriver
Command: [null, newSession {capabilities=[Capabilities {browserName: Safari, browserVersion: latest, bstack:options: {accessKey: twqxQydQD82kykCXeAwz, browser: Safari, browserName: Safari, browserVersion: latest, browserstackSDK: testng-javaagent/1.5.2, buildIdentifier: #58, buildName: jenkins_BrowserStack-, consoleLogs: errors, debug: false, hostName: DESKTOP-SS9KUUU, local: true, localIdentifier: 30_May_1127_DESKTOP_SS9KUUU..., networkLogs: false, os: OS X, osVersion: Big Sur, projectName: BrowserStack Samples, source: testng:sample-master:v1.1, userName: deepakkumar_rQ89ol}, goog:chromeOptions: {args: [--remote-allow-origins=*, start-maximized, --disable-notifications], extensions: []}}]}]
</failure>
  </testcase>
  <testcase name="setUp" classname="com.browserstack.staticpages" time="1.072">
    <failure message="Could not start a new session. Handshake response does not match any supported protocol &#10;Host info: host: &apos;DESKTOP-SS9KUUU&apos;, ip: &apos;192.168.1.178&apos;&#10;Build info: version: &apos;4.9.1&apos;, revision: &apos;eb2032df7f&apos;&#10;System info: os.name: &apos;Windows 11&apos;, os.arch: &apos;amd64&apos;, os.version: &apos;10.0&apos;, java.version: &apos;17.0.7&apos;&#10;Driver info: org.openqa.selenium.chrome.ChromeDriver&#10;Command: [null, newSession {capabilities=[Capabilities {browserName: Chrome, browserVersion: latest, bstack:options: {accessKey: twqxQydQD82kykCXeAwz, browser: Chrome, browserName: Chrome, browserVersion: latest, browserstackSDK: testng-javaagent/1.5.2, buildIdentifier: #58, buildName: jenkins_BrowserStack-, consoleLogs: errors, debug: false, hostName: DESKTOP-SS9KUUU, local: true, localIdentifier: 30_May_1127_DESKTOP_SS9KUUU..., networkLogs: false, os: Windows, osVersion: 10, projectName: BrowserStack Samples, source: testng:sample-master:v1.1, userName: deepakkumar_rQ89ol}, goog:chromeOptions: {args: [--remote-allow-origins=*, start-maximized, --disable-notifications], extensions: []}}]}]" type="org.openqa.selenium.SessionNotCreatedException">org.openqa.selenium.SessionNotCreatedException: 
Could not start a new session. Handshake response does not match any supported protocol 
Host info: host: 'DESKTOP-SS9KUUU', ip: '192.168.1.178'
Build info: version: '4.9.1', revision: 'eb2032df7f'
System info: os.name: 'Windows 11', os.arch: 'amd64', os.version: '10.0', java.version: '17.0.7'
Driver info: org.openqa.selenium.chrome.ChromeDriver
Command: [null, newSession {capabilities=[Capabilities {browserName: Chrome, browserVersion: latest, bstack:options: {accessKey: twqxQydQD82kykCXeAwz, browser: Chrome, browserName: Chrome, browserVersion: latest, browserstackSDK: testng-javaagent/1.5.2, buildIdentifier: #58, buildName: jenkins_BrowserStack-, consoleLogs: errors, debug: false, hostName: DESKTOP-SS9KUUU, local: true, localIdentifier: 30_May_1127_DESKTOP_SS9KUUU..., networkLogs: false, os: Windows, osVersion: 10, projectName: BrowserStack Samples, source: testng:sample-master:v1.1, userName: deepakkumar_rQ89ol}, goog:chromeOptions: {args: [--remote-allow-origins=*, start-maximized, --disable-notifications], extensions: []}}]}]
</failure>
  </testcase>
  <testcase name="setUp" classname="com.browserstack.staticpages" time="2.398">
    <failure message="Could not start a new session. Handshake response does not match any supported protocol &#10;Host info: host: &apos;DESKTOP-SS9KUUU&apos;, ip: &apos;192.168.1.178&apos;&#10;Build info: version: &apos;4.9.1&apos;, revision: &apos;eb2032df7f&apos;&#10;System info: os.name: &apos;Windows 11&apos;, os.arch: &apos;amd64&apos;, os.version: &apos;10.0&apos;, java.version: &apos;17.0.7&apos;&#10;Driver info: org.openqa.selenium.chrome.ChromeDriver&#10;Command: [null, newSession {capabilities=[Capabilities {browserName: safari, browserVersion: null, bstack:options: {accessKey: twqxQydQD82kykCXeAwz, browser: safari, browserName: safari, browserVersion: null, browserstackSDK: testng-javaagent/1.5.2, buildIdentifier: #58, buildName: jenkins_BrowserStack-, consoleLogs: errors, debug: false, deviceName: iPhone 12, hostName: DESKTOP-SS9KUUU, local: true, localIdentifier: 30_May_1127_DESKTOP_SS9KUUU..., networkLogs: false, os: ios, osVersion: 14.0, projectName: BrowserStack Samples, source: testng:sample-master:v1.1, userName: deepakkumar_rQ89ol}, goog:chromeOptions: {args: [--remote-allow-origins=*, start-maximized, --disable-notifications], extensions: []}}]}]" type="org.openqa.selenium.SessionNotCreatedException">org.openqa.selenium.SessionNotCreatedException: 
Could not start a new session. Handshake response does not match any supported protocol 
Host info: host: 'DESKTOP-SS9KUUU', ip: '192.168.1.178'
Build info: version: '4.9.1', revision: 'eb2032df7f'
System info: os.name: 'Windows 11', os.arch: 'amd64', os.version: '10.0', java.version: '17.0.7'
Driver info: org.openqa.selenium.chrome.ChromeDriver
Command: [null, newSession {capabilities=[Capabilities {browserName: safari, browserVersion: null, bstack:options: {accessKey: twqxQydQD82kykCXeAwz, browser: safari, browserName: safari, browserVersion: null, browserstackSDK: testng-javaagent/1.5.2, buildIdentifier: #58, buildName: jenkins_BrowserStack-, consoleLogs: errors, debug: false, deviceName: iPhone 12, hostName: DESKTOP-SS9KUUU, local: true, localIdentifier: 30_May_1127_DESKTOP_SS9KUUU..., networkLogs: false, os: ios, osVersion: 14.0, projectName: BrowserStack Samples, source: testng:sample-master:v1.1, userName: deepakkumar_rQ89ol}, goog:chromeOptions: {args: [--remote-allow-origins=*, start-maximized, --disable-notifications], extensions: []}}]}]
</failure>
    <system-err><![CDATA[May 30, 2023 11:34:01 AM org.openqa.selenium.manager.SeleniumManager getDriverPath
INFO: Applicable driver not found; attempting to install with Selenium Manager (Beta)
May 30, 2023 11:34:02 AM org.openqa.selenium.manager.SeleniumManager getDriverPath
INFO: Applicable driver not found; attempting to install with Selenium Manager (Beta)
]]></system-err>
  </testcase>
  <testcase name="setUp" classname="com.browserstack.staticpages" time="0.213">
    <failure message="Could not start a new session. Handshake response does not match any supported protocol &#10;Host info: host: &apos;DESKTOP-SS9KUUU&apos;, ip: &apos;192.168.1.178&apos;&#10;Build info: version: &apos;4.9.1&apos;, revision: &apos;eb2032df7f&apos;&#10;System info: os.name: &apos;Windows 11&apos;, os.arch: &apos;amd64&apos;, os.version: &apos;10.0&apos;, java.version: &apos;17.0.7&apos;&#10;Driver info: org.openqa.selenium.chrome.ChromeDriver&#10;Command: [null, newSession {capabilities=[Capabilities {browserName: chrome, browserVersion: null, bstack:options: {accessKey: twqxQydQD82kykCXeAwz, browser: chrome, browserName: chrome, browserVersion: null, browserstackSDK: testng-javaagent/1.5.2, buildIdentifier: #58, buildName: jenkins_BrowserStack-, consoleLogs: errors, debug: false, deviceName: Samsung Galaxy S21, hostName: DESKTOP-SS9KUUU, local: true, localIdentifier: 30_May_1127_DESKTOP_SS9KUUU..., networkLogs: false, os: android, osVersion: 11.0, projectName: BrowserStack Samples, source: testng:sample-master:v1.1, userName: deepakkumar_rQ89ol}, goog:chromeOptions: {args: [--remote-allow-origins=*, start-maximized, --disable-notifications], extensions: []}}]}]" type="org.openqa.selenium.SessionNotCreatedException">org.openqa.selenium.SessionNotCreatedException: 
Could not start a new session. Handshake response does not match any supported protocol 
Host info: host: 'DESKTOP-SS9KUUU', ip: '192.168.1.178'
Build info: version: '4.9.1', revision: 'eb2032df7f'
System info: os.name: 'Windows 11', os.arch: 'amd64', os.version: '10.0', java.version: '17.0.7'
Driver info: org.openqa.selenium.chrome.ChromeDriver
Command: [null, newSession {capabilities=[Capabilities {browserName: chrome, browserVersion: null, bstack:options: {accessKey: twqxQydQD82kykCXeAwz, browser: chrome, browserName: chrome, browserVersion: null, browserstackSDK: testng-javaagent/1.5.2, buildIdentifier: #58, buildName: jenkins_BrowserStack-, consoleLogs: errors, debug: false, deviceName: Samsung Galaxy S21, hostName: DESKTOP-SS9KUUU, local: true, localIdentifier: 30_May_1127_DESKTOP_SS9KUUU..., networkLogs: false, os: android, osVersion: 11.0, projectName: BrowserStack Samples, source: testng:sample-master:v1.1, userName: deepakkumar_rQ89ol}, goog:chromeOptions: {args: [--remote-allow-origins=*, start-maximized, --disable-notifications], extensions: []}}]}]
</failure>
  </testcase>
  <testcase name="setUp" classname="com.browserstack.staticpages" time="0.966">
    <failure message="Could not start a new session. Handshake response does not match any supported protocol &#10;Host info: host: &apos;DESKTOP-SS9KUUU&apos;, ip: &apos;192.168.1.178&apos;&#10;Build info: version: &apos;4.9.1&apos;, revision: &apos;eb2032df7f&apos;&#10;System info: os.name: &apos;Windows 11&apos;, os.arch: &apos;amd64&apos;, os.version: &apos;10.0&apos;, java.version: &apos;17.0.7&apos;&#10;Driver info: org.openqa.selenium.chrome.ChromeDriver&#10;Command: [null, newSession {capabilities=[Capabilities {browserName: Safari, browserVersion: latest, bstack:options: {accessKey: twqxQydQD82kykCXeAwz, browser: Safari, browserName: Safari, browserVersion: latest, browserstackSDK: testng-javaagent/1.5.2, buildIdentifier: #58, buildName: jenkins_BrowserStack-, consoleLogs: errors, debug: false, hostName: DESKTOP-SS9KUUU, local: true, localIdentifier: 30_May_1127_DESKTOP_SS9KUUU..., networkLogs: false, os: OS X, osVersion: Big Sur, projectName: BrowserStack Samples, source: testng:sample-master:v1.1, userName: deepakkumar_rQ89ol}, goog:chromeOptions: {args: [--remote-allow-origins=*, start-maximized, --disable-notifications], extensions: []}}]}]" type="org.openqa.selenium.SessionNotCreatedException">org.openqa.selenium.SessionNotCreatedException: 
Could not start a new session. Handshake response does not match any supported protocol 
Host info: host: 'DESKTOP-SS9KUUU', ip: '192.168.1.178'
Build info: version: '4.9.1', revision: 'eb2032df7f'
System info: os.name: 'Windows 11', os.arch: 'amd64', os.version: '10.0', java.version: '17.0.7'
Driver info: org.openqa.selenium.chrome.ChromeDriver
Command: [null, newSession {capabilities=[Capabilities {browserName: Safari, browserVersion: latest, bstack:options: {accessKey: twqxQydQD82kykCXeAwz, browser: Safari, browserName: Safari, browserVersion: latest, browserstackSDK: testng-javaagent/1.5.2, buildIdentifier: #58, buildName: jenkins_BrowserStack-, consoleLogs: errors, debug: false, hostName: DESKTOP-SS9KUUU, local: true, localIdentifier: 30_May_1127_DESKTOP_SS9KUUU..., networkLogs: false, os: OS X, osVersion: Big Sur, projectName: BrowserStack Samples, source: testng:sample-master:v1.1, userName: deepakkumar_rQ89ol}, goog:chromeOptions: {args: [--remote-allow-origins=*, start-maximized, --disable-notifications], extensions: []}}]}]
</failure>
  </testcase>
  <testcase name="setUp" classname="com.browserstack.staticpages" time="0.95">
    <failure message="Could not start a new session. Handshake response does not match any supported protocol &#10;Host info: host: &apos;DESKTOP-SS9KUUU&apos;, ip: &apos;192.168.1.178&apos;&#10;Build info: version: &apos;4.9.1&apos;, revision: &apos;eb2032df7f&apos;&#10;System info: os.name: &apos;Windows 11&apos;, os.arch: &apos;amd64&apos;, os.version: &apos;10.0&apos;, java.version: &apos;17.0.7&apos;&#10;Driver info: org.openqa.selenium.chrome.ChromeDriver&#10;Command: [null, newSession {capabilities=[Capabilities {browserName: Chrome, browserVersion: latest, bstack:options: {accessKey: twqxQydQD82kykCXeAwz, browser: Chrome, browserName: Chrome, browserVersion: latest, browserstackSDK: testng-javaagent/1.5.2, buildIdentifier: #58, buildName: jenkins_BrowserStack-, consoleLogs: errors, debug: false, hostName: DESKTOP-SS9KUUU, local: true, localIdentifier: 30_May_1127_DESKTOP_SS9KUUU..., networkLogs: false, os: Windows, osVersion: 10, projectName: BrowserStack Samples, source: testng:sample-master:v1.1, userName: deepakkumar_rQ89ol}, goog:chromeOptions: {args: [--remote-allow-origins=*, start-maximized, --disable-notifications], extensions: []}}]}]" type="org.openqa.selenium.SessionNotCreatedException">org.openqa.selenium.SessionNotCreatedException: 
Could not start a new session. Handshake response does not match any supported protocol 
Host info: host: 'DESKTOP-SS9KUUU', ip: '192.168.1.178'
Build info: version: '4.9.1', revision: 'eb2032df7f'
System info: os.name: 'Windows 11', os.arch: 'amd64', os.version: '10.0', java.version: '17.0.7'
Driver info: org.openqa.selenium.chrome.ChromeDriver
Command: [null, newSession {capabilities=[Capabilities {browserName: Chrome, browserVersion: latest, bstack:options: {accessKey: twqxQydQD82kykCXeAwz, browser: Chrome, browserName: Chrome, browserVersion: latest, browserstackSDK: testng-javaagent/1.5.2, buildIdentifier: #58, buildName: jenkins_BrowserStack-, consoleLogs: errors, debug: false, hostName: DESKTOP-SS9KUUU, local: true, localIdentifier: 30_May_1127_DESKTOP_SS9KUUU..., networkLogs: false, os: Windows, osVersion: 10, projectName: BrowserStack Samples, source: testng:sample-master:v1.1, userName: deepakkumar_rQ89ol}, goog:chromeOptions: {args: [--remote-allow-origins=*, start-maximized, --disable-notifications], extensions: []}}]}]
</failure>
  </testcase>
  <testcase name="setUp" classname="com.browserstack.staticpages" time="0.131">
    <failure message="Could not start a new session. Handshake response does not match any supported protocol &#10;Host info: host: &apos;DESKTOP-SS9KUUU&apos;, ip: &apos;192.168.1.178&apos;&#10;Build info: version: &apos;4.9.1&apos;, revision: &apos;eb2032df7f&apos;&#10;System info: os.name: &apos;Windows 11&apos;, os.arch: &apos;amd64&apos;, os.version: &apos;10.0&apos;, java.version: &apos;17.0.7&apos;&#10;Driver info: org.openqa.selenium.chrome.ChromeDriver&#10;Command: [null, newSession {capabilities=[Capabilities {browserName: Firefox, browserVersion: latest, bstack:options: {accessKey: twqxQydQD82kykCXeAwz, browser: Firefox, browserName: Firefox, browserVersion: latest, browserstackSDK: testng-javaagent/1.5.2, buildIdentifier: #58, buildName: jenkins_BrowserStack-, consoleLogs: errors, debug: false, hostName: DESKTOP-SS9KUUU, local: true, localIdentifier: 30_May_1127_DESKTOP_SS9KUUU..., networkLogs: false, os: Windows, osVersion: 10, projectName: BrowserStack Samples, source: testng:sample-master:v1.1, userName: deepakkumar_rQ89ol}, goog:chromeOptions: {args: [--remote-allow-origins=*, start-maximized, --disable-notifications], extensions: []}}]}]" type="org.openqa.selenium.SessionNotCreatedException">org.openqa.selenium.SessionNotCreatedException: 
Could not start a new session. Handshake response does not match any supported protocol 
Host info: host: 'DESKTOP-SS9KUUU', ip: '192.168.1.178'
Build info: version: '4.9.1', revision: 'eb2032df7f'
System info: os.name: 'Windows 11', os.arch: 'amd64', os.version: '10.0', java.version: '17.0.7'
Driver info: org.openqa.selenium.chrome.ChromeDriver
Command: [null, newSession {capabilities=[Capabilities {browserName: Firefox, browserVersion: latest, bstack:options: {accessKey: twqxQydQD82kykCXeAwz, browser: Firefox, browserName: Firefox, browserVersion: latest, browserstackSDK: testng-javaagent/1.5.2, buildIdentifier: #58, buildName: jenkins_BrowserStack-, consoleLogs: errors, debug: false, hostName: DESKTOP-SS9KUUU, local: true, localIdentifier: 30_May_1127_DESKTOP_SS9KUUU..., networkLogs: false, os: Windows, osVersion: 10, projectName: BrowserStack Samples, source: testng:sample-master:v1.1, userName: deepakkumar_rQ89ol}, goog:chromeOptions: {args: [--remote-allow-origins=*, start-maximized, --disable-notifications], extensions: []}}]}]
</failure>
  </testcase>
  <testcase name="setUp" classname="com.browserstack.staticpages" time="2.319">
    <failure message="Could not start a new session. Handshake response does not match any supported protocol &#10;Host info: host: &apos;DESKTOP-SS9KUUU&apos;, ip: &apos;192.168.1.178&apos;&#10;Build info: version: &apos;4.9.1&apos;, revision: &apos;eb2032df7f&apos;&#10;System info: os.name: &apos;Windows 11&apos;, os.arch: &apos;amd64&apos;, os.version: &apos;10.0&apos;, java.version: &apos;17.0.7&apos;&#10;Driver info: org.openqa.selenium.chrome.ChromeDriver&#10;Command: [null, newSession {capabilities=[Capabilities {browserName: safari, browserVersion: null, bstack:options: {accessKey: twqxQydQD82kykCXeAwz, browser: safari, browserName: safari, browserVersion: null, browserstackSDK: testng-javaagent/1.5.2, buildIdentifier: #58, buildName: jenkins_BrowserStack-, consoleLogs: errors, debug: false, deviceName: iPhone 12, hostName: DESKTOP-SS9KUUU, local: true, localIdentifier: 30_May_1127_DESKTOP_SS9KUUU..., networkLogs: false, os: ios, osVersion: 14.0, projectName: BrowserStack Samples, source: testng:sample-master:v1.1, userName: deepakkumar_rQ89ol}, goog:chromeOptions: {args: [--remote-allow-origins=*, start-maximized, --disable-notifications], extensions: []}}]}]" type="org.openqa.selenium.SessionNotCreatedException">org.openqa.selenium.SessionNotCreatedException: 
Could not start a new session. Handshake response does not match any supported protocol 
Host info: host: 'DESKTOP-SS9KUUU', ip: '192.168.1.178'
Build info: version: '4.9.1', revision: 'eb2032df7f'
System info: os.name: 'Windows 11', os.arch: 'amd64', os.version: '10.0', java.version: '17.0.7'
Driver info: org.openqa.selenium.chrome.ChromeDriver
Command: [null, newSession {capabilities=[Capabilities {browserName: safari, browserVersion: null, bstack:options: {accessKey: twqxQydQD82kykCXeAwz, browser: safari, browserName: safari, browserVersion: null, browserstackSDK: testng-javaagent/1.5.2, buildIdentifier: #58, buildName: jenkins_BrowserStack-, consoleLogs: errors, debug: false, deviceName: iPhone 12, hostName: DESKTOP-SS9KUUU, local: true, localIdentifier: 30_May_1127_DESKTOP_SS9KUUU..., networkLogs: false, os: ios, osVersion: 14.0, projectName: BrowserStack Samples, source: testng:sample-master:v1.1, userName: deepakkumar_rQ89ol}, goog:chromeOptions: {args: [--remote-allow-origins=*, start-maximized, --disable-notifications], extensions: []}}]}]
</failure>
    <system-err><![CDATA[May 30, 2023 11:34:06 AM org.openqa.selenium.manager.SeleniumManager getDriverPath
INFO: Applicable driver not found; attempting to install with Selenium Manager (Beta)
May 30, 2023 11:34:07 AM org.openqa.selenium.manager.SeleniumManager getDriverPath
INFO: Applicable driver not found; attempting to install with Selenium Manager (Beta)
]]></system-err>
  </testcase>
  <testcase name="setUp" classname="com.browserstack.staticpages" time="0.416">
    <failure message="Could not start a new session. Handshake response does not match any supported protocol &#10;Host info: host: &apos;DESKTOP-SS9KUUU&apos;, ip: &apos;192.168.1.178&apos;&#10;Build info: version: &apos;4.9.1&apos;, revision: &apos;eb2032df7f&apos;&#10;System info: os.name: &apos;Windows 11&apos;, os.arch: &apos;amd64&apos;, os.version: &apos;10.0&apos;, java.version: &apos;17.0.7&apos;&#10;Driver info: org.openqa.selenium.chrome.ChromeDriver&#10;Command: [null, newSession {capabilities=[Capabilities {browserName: chrome, browserVersion: null, bstack:options: {accessKey: twqxQydQD82kykCXeAwz, browser: chrome, browserName: chrome, browserVersion: null, browserstackSDK: testng-javaagent/1.5.2, buildIdentifier: #58, buildName: jenkins_BrowserStack-, consoleLogs: errors, debug: false, deviceName: Samsung Galaxy S21, hostName: DESKTOP-SS9KUUU, local: true, localIdentifier: 30_May_1127_DESKTOP_SS9KUUU..., networkLogs: false, os: android, osVersion: 11.0, projectName: BrowserStack Samples, source: testng:sample-master:v1.1, userName: deepakkumar_rQ89ol}, goog:chromeOptions: {args: [--remote-allow-origins=*, start-maximized, --disable-notifications], extensions: []}}]}]" type="org.openqa.selenium.SessionNotCreatedException">org.openqa.selenium.SessionNotCreatedException: 
Could not start a new session. Handshake response does not match any supported protocol 
Host info: host: 'DESKTOP-SS9KUUU', ip: '192.168.1.178'
Build info: version: '4.9.1', revision: 'eb2032df7f'
System info: os.name: 'Windows 11', os.arch: 'amd64', os.version: '10.0', java.version: '17.0.7'
Driver info: org.openqa.selenium.chrome.ChromeDriver
Command: [null, newSession {capabilities=[Capabilities {browserName: chrome, browserVersion: null, bstack:options: {accessKey: twqxQydQD82kykCXeAwz, browser: chrome, browserName: chrome, browserVersion: null, browserstackSDK: testng-javaagent/1.5.2, buildIdentifier: #58, buildName: jenkins_BrowserStack-, consoleLogs: errors, debug: false, deviceName: Samsung Galaxy S21, hostName: DESKTOP-SS9KUUU, local: true, localIdentifier: 30_May_1127_DESKTOP_SS9KUUU..., networkLogs: false, os: android, osVersion: 11.0, projectName: BrowserStack Samples, source: testng:sample-master:v1.1, userName: deepakkumar_rQ89ol}, goog:chromeOptions: {args: [--remote-allow-origins=*, start-maximized, --disable-notifications], extensions: []}}]}]
</failure>
  </testcase>
  <testcase name="setUp" classname="com.browserstack.staticpages" time="0.898">
    <failure message="Could not start a new session. Handshake response does not match any supported protocol &#10;Host info: host: &apos;DESKTOP-SS9KUUU&apos;, ip: &apos;192.168.1.178&apos;&#10;Build info: version: &apos;4.9.1&apos;, revision: &apos;eb2032df7f&apos;&#10;System info: os.name: &apos;Windows 11&apos;, os.arch: &apos;amd64&apos;, os.version: &apos;10.0&apos;, java.version: &apos;17.0.7&apos;&#10;Driver info: org.openqa.selenium.chrome.ChromeDriver&#10;Command: [null, newSession {capabilities=[Capabilities {browserName: Safari, browserVersion: latest, bstack:options: {accessKey: twqxQydQD82kykCXeAwz, browser: Safari, browserName: Safari, browserVersion: latest, browserstackSDK: testng-javaagent/1.5.2, buildIdentifier: #58, buildName: jenkins_BrowserStack-, consoleLogs: errors, debug: false, hostName: DESKTOP-SS9KUUU, local: true, localIdentifier: 30_May_1127_DESKTOP_SS9KUUU..., networkLogs: false, os: OS X, osVersion: Big Sur, projectName: BrowserStack Samples, source: testng:sample-master:v1.1, userName: deepakkumar_rQ89ol}, goog:chromeOptions: {args: [--remote-allow-origins=*, start-maximized, --disable-notifications], extensions: []}}]}]" type="org.openqa.selenium.SessionNotCreatedException">org.openqa.selenium.SessionNotCreatedException: 
Could not start a new session. Handshake response does not match any supported protocol 
Host info: host: 'DESKTOP-SS9KUUU', ip: '192.168.1.178'
Build info: version: '4.9.1', revision: 'eb2032df7f'
System info: os.name: 'Windows 11', os.arch: 'amd64', os.version: '10.0', java.version: '17.0.7'
Driver info: org.openqa.selenium.chrome.ChromeDriver
Command: [null, newSession {capabilities=[Capabilities {browserName: Safari, browserVersion: latest, bstack:options: {accessKey: twqxQydQD82kykCXeAwz, browser: Safari, browserName: Safari, browserVersion: latest, browserstackSDK: testng-javaagent/1.5.2, buildIdentifier: #58, buildName: jenkins_BrowserStack-, consoleLogs: errors, debug: false, hostName: DESKTOP-SS9KUUU, local: true, localIdentifier: 30_May_1127_DESKTOP_SS9KUUU..., networkLogs: false, os: OS X, osVersion: Big Sur, projectName: BrowserStack Samples, source: testng:sample-master:v1.1, userName: deepakkumar_rQ89ol}, goog:chromeOptions: {args: [--remote-allow-origins=*, start-maximized, --disable-notifications], extensions: []}}]}]
</failure>
  </testcase>
  <testcase name="setUp" classname="com.browserstack.staticpages" time="0.798">
    <failure message="Could not start a new session. Handshake response does not match any supported protocol &#10;Host info: host: &apos;DESKTOP-SS9KUUU&apos;, ip: &apos;192.168.1.178&apos;&#10;Build info: version: &apos;4.9.1&apos;, revision: &apos;eb2032df7f&apos;&#10;System info: os.name: &apos;Windows 11&apos;, os.arch: &apos;amd64&apos;, os.version: &apos;10.0&apos;, java.version: &apos;17.0.7&apos;&#10;Driver info: org.openqa.selenium.chrome.ChromeDriver&#10;Command: [null, newSession {capabilities=[Capabilities {browserName: Chrome, browserVersion: latest, bstack:options: {accessKey: twqxQydQD82kykCXeAwz, browser: Chrome, browserName: Chrome, browserVersion: latest, browserstackSDK: testng-javaagent/1.5.2, buildIdentifier: #58, buildName: jenkins_BrowserStack-, consoleLogs: errors, debug: false, hostName: DESKTOP-SS9KUUU, local: true, localIdentifier: 30_May_1127_DESKTOP_SS9KUUU..., networkLogs: false, os: Windows, osVersion: 10, projectName: BrowserStack Samples, source: testng:sample-master:v1.1, userName: deepakkumar_rQ89ol}, goog:chromeOptions: {args: [--remote-allow-origins=*, start-maximized, --disable-notifications], extensions: []}}]}]" type="org.openqa.selenium.SessionNotCreatedException">org.openqa.selenium.SessionNotCreatedException: 
Could not start a new session. Handshake response does not match any supported protocol 
Host info: host: 'DESKTOP-SS9KUUU', ip: '192.168.1.178'
Build info: version: '4.9.1', revision: 'eb2032df7f'
System info: os.name: 'Windows 11', os.arch: 'amd64', os.version: '10.0', java.version: '17.0.7'
Driver info: org.openqa.selenium.chrome.ChromeDriver
Command: [null, newSession {capabilities=[Capabilities {browserName: Chrome, browserVersion: latest, bstack:options: {accessKey: twqxQydQD82kykCXeAwz, browser: Chrome, browserName: Chrome, browserVersion: latest, browserstackSDK: testng-javaagent/1.5.2, buildIdentifier: #58, buildName: jenkins_BrowserStack-, consoleLogs: errors, debug: false, hostName: DESKTOP-SS9KUUU, local: true, localIdentifier: 30_May_1127_DESKTOP_SS9KUUU..., networkLogs: false, os: Windows, osVersion: 10, projectName: BrowserStack Samples, source: testng:sample-master:v1.1, userName: deepakkumar_rQ89ol}, goog:chromeOptions: {args: [--remote-allow-origins=*, start-maximized, --disable-notifications], extensions: []}}]}]
</failure>
  </testcase>
  <testcase name="setUp" classname="com.browserstack.staticpages" time="0.155">
    <failure message="Could not start a new session. Handshake response does not match any supported protocol &#10;Host info: host: &apos;DESKTOP-SS9KUUU&apos;, ip: &apos;192.168.1.178&apos;&#10;Build info: version: &apos;4.9.1&apos;, revision: &apos;eb2032df7f&apos;&#10;System info: os.name: &apos;Windows 11&apos;, os.arch: &apos;amd64&apos;, os.version: &apos;10.0&apos;, java.version: &apos;17.0.7&apos;&#10;Driver info: org.openqa.selenium.chrome.ChromeDriver&#10;Command: [null, newSession {capabilities=[Capabilities {browserName: Firefox, browserVersion: latest, bstack:options: {accessKey: twqxQydQD82kykCXeAwz, browser: Firefox, browserName: Firefox, browserVersion: latest, browserstackSDK: testng-javaagent/1.5.2, buildIdentifier: #58, buildName: jenkins_BrowserStack-, consoleLogs: errors, debug: false, hostName: DESKTOP-SS9KUUU, local: true, localIdentifier: 30_May_1127_DESKTOP_SS9KUUU..., networkLogs: false, os: Windows, osVersion: 10, projectName: BrowserStack Samples, source: testng:sample-master:v1.1, userName: deepakkumar_rQ89ol}, goog:chromeOptions: {args: [--remote-allow-origins=*, start-maximized, --disable-notifications], extensions: []}}]}]" type="org.openqa.selenium.SessionNotCreatedException">org.openqa.selenium.SessionNotCreatedException: 
Could not start a new session. Handshake response does not match any supported protocol 
Host info: host: 'DESKTOP-SS9KUUU', ip: '192.168.1.178'
Build info: version: '4.9.1', revision: 'eb2032df7f'
System info: os.name: 'Windows 11', os.arch: 'amd64', os.version: '10.0', java.version: '17.0.7'
Driver info: org.openqa.selenium.chrome.ChromeDriver
Command: [null, newSession {capabilities=[Capabilities {browserName: Firefox, browserVersion: latest, bstack:options: {accessKey: twqxQydQD82kykCXeAwz, browser: Firefox, browserName: Firefox, browserVersion: latest, browserstackSDK: testng-javaagent/1.5.2, buildIdentifier: #58, buildName: jenkins_BrowserStack-, consoleLogs: errors, debug: false, hostName: DESKTOP-SS9KUUU, local: true, localIdentifier: 30_May_1127_DESKTOP_SS9KUUU..., networkLogs: false, os: Windows, osVersion: 10, projectName: BrowserStack Samples, source: testng:sample-master:v1.1, userName: deepakkumar_rQ89ol}, goog:chromeOptions: {args: [--remote-allow-origins=*, start-maximized, --disable-notifications], extensions: []}}]}]
</failure>
  </testcase>
  <testcase name="setUp" classname="com.browserstack.staticpages" time="2.166">
    <failure message="Could not start a new session. Handshake response does not match any supported protocol &#10;Host info: host: &apos;DESKTOP-SS9KUUU&apos;, ip: &apos;192.168.1.178&apos;&#10;Build info: version: &apos;4.9.1&apos;, revision: &apos;eb2032df7f&apos;&#10;System info: os.name: &apos;Windows 11&apos;, os.arch: &apos;amd64&apos;, os.version: &apos;10.0&apos;, java.version: &apos;17.0.7&apos;&#10;Driver info: org.openqa.selenium.chrome.ChromeDriver&#10;Command: [null, newSession {capabilities=[Capabilities {browserName: safari, browserVersion: null, bstack:options: {accessKey: twqxQydQD82kykCXeAwz, browser: safari, browserName: safari, browserVersion: null, browserstackSDK: testng-javaagent/1.5.2, buildIdentifier: #58, buildName: jenkins_BrowserStack-, consoleLogs: errors, debug: false, deviceName: iPhone 12, hostName: DESKTOP-SS9KUUU, local: true, localIdentifier: 30_May_1127_DESKTOP_SS9KUUU..., networkLogs: false, os: ios, osVersion: 14.0, projectName: BrowserStack Samples, source: testng:sample-master:v1.1, userName: deepakkumar_rQ89ol}, goog:chromeOptions: {args: [--remote-allow-origins=*, start-maximized, --disable-notifications], extensions: []}}]}]" type="org.openqa.selenium.SessionNotCreatedException">org.openqa.selenium.SessionNotCreatedException: 
Could not start a new session. Handshake response does not match any supported protocol 
Host info: host: 'DESKTOP-SS9KUUU', ip: '192.168.1.178'
Build info: version: '4.9.1', revision: 'eb2032df7f'
System info: os.name: 'Windows 11', os.arch: 'amd64', os.version: '10.0', java.version: '17.0.7'
Driver info: org.openqa.selenium.chrome.ChromeDriver
Command: [null, newSession {capabilities=[Capabilities {browserName: safari, browserVersion: null, bstack:options: {accessKey: twqxQydQD82kykCXeAwz, browser: safari, browserName: safari, browserVersion: null, browserstackSDK: testng-javaagent/1.5.2, buildIdentifier: #58, buildName: jenkins_BrowserStack-, consoleLogs: errors, debug: false, deviceName: iPhone 12, hostName: DESKTOP-SS9KUUU, local: true, localIdentifier: 30_May_1127_DESKTOP_SS9KUUU..., networkLogs: false, os: ios, osVersion: 14.0, projectName: BrowserStack Samples, source: testng:sample-master:v1.1, userName: deepakkumar_rQ89ol}, goog:chromeOptions: {args: [--remote-allow-origins=*, start-maximized, --disable-notifications], extensions: []}}]}]
</failure>
    <system-err><![CDATA[May 30, 2023 11:34:10 AM org.openqa.selenium.manager.SeleniumManager getDriverPath
INFO: Applicable driver not found; attempting to install with Selenium Manager (Beta)
May 30, 2023 11:34:11 AM org.openqa.selenium.manager.SeleniumManager getDriverPath
INFO: Applicable driver not found; attempting to install with Selenium Manager (Beta)
]]></system-err>
  </testcase>
  <testcase name="setUp" classname="com.browserstack.staticpages" time="0.516">
    <failure message="Could not start a new session. Handshake response does not match any supported protocol &#10;Host info: host: &apos;DESKTOP-SS9KUUU&apos;, ip: &apos;192.168.1.178&apos;&#10;Build info: version: &apos;4.9.1&apos;, revision: &apos;eb2032df7f&apos;&#10;System info: os.name: &apos;Windows 11&apos;, os.arch: &apos;amd64&apos;, os.version: &apos;10.0&apos;, java.version: &apos;17.0.7&apos;&#10;Driver info: org.openqa.selenium.chrome.ChromeDriver&#10;Command: [null, newSession {capabilities=[Capabilities {browserName: chrome, browserVersion: null, bstack:options: {accessKey: twqxQydQD82kykCXeAwz, browser: chrome, browserName: chrome, browserVersion: null, browserstackSDK: testng-javaagent/1.5.2, buildIdentifier: #58, buildName: jenkins_BrowserStack-, consoleLogs: errors, debug: false, deviceName: Samsung Galaxy S21, hostName: DESKTOP-SS9KUUU, local: true, localIdentifier: 30_May_1127_DESKTOP_SS9KUUU..., networkLogs: false, os: android, osVersion: 11.0, projectName: BrowserStack Samples, source: testng:sample-master:v1.1, userName: deepakkumar_rQ89ol}, goog:chromeOptions: {args: [--remote-allow-origins=*, start-maximized, --disable-notifications], extensions: []}}]}]" type="org.openqa.selenium.SessionNotCreatedException">org.openqa.selenium.SessionNotCreatedException: 
Could not start a new session. Handshake response does not match any supported protocol 
Host info: host: 'DESKTOP-SS9KUUU', ip: '192.168.1.178'
Build info: version: '4.9.1', revision: 'eb2032df7f'
System info: os.name: 'Windows 11', os.arch: 'amd64', os.version: '10.0', java.version: '17.0.7'
Driver info: org.openqa.selenium.chrome.ChromeDriver
Command: [null, newSession {capabilities=[Capabilities {browserName: chrome, browserVersion: null, bstack:options: {accessKey: twqxQydQD82kykCXeAwz, browser: chrome, browserName: chrome, browserVersion: null, browserstackSDK: testng-javaagent/1.5.2, buildIdentifier: #58, buildName: jenkins_BrowserStack-, consoleLogs: errors, debug: false, deviceName: Samsung Galaxy S21, hostName: DESKTOP-SS9KUUU, local: true, localIdentifier: 30_May_1127_DESKTOP_SS9KUUU..., networkLogs: false, os: android, osVersion: 11.0, projectName: BrowserStack Samples, source: testng:sample-master:v1.1, userName: deepakkumar_rQ89ol}, goog:chromeOptions: {args: [--remote-allow-origins=*, start-maximized, --disable-notifications], extensions: []}}]}]
</failure>
    <system-err><![CDATA[May 30, 2023 11:34:12 AM org.openqa.selenium.manager.SeleniumManager getDriverPath
INFO: Applicable driver not found; attempting to install with Selenium Manager (Beta)
]]></system-err>
  </testcase>
  <testcase name="setUp" classname="com.browserstack.staticpages" time="0.812">
    <failure message="Could not start a new session. Handshake response does not match any supported protocol &#10;Host info: host: &apos;DESKTOP-SS9KUUU&apos;, ip: &apos;192.168.1.178&apos;&#10;Build info: version: &apos;4.9.1&apos;, revision: &apos;eb2032df7f&apos;&#10;System info: os.name: &apos;Windows 11&apos;, os.arch: &apos;amd64&apos;, os.version: &apos;10.0&apos;, java.version: &apos;17.0.7&apos;&#10;Driver info: org.openqa.selenium.chrome.ChromeDriver&#10;Command: [null, newSession {capabilities=[Capabilities {browserName: Safari, browserVersion: latest, bstack:options: {accessKey: twqxQydQD82kykCXeAwz, browser: Safari, browserName: Safari, browserVersion: latest, browserstackSDK: testng-javaagent/1.5.2, buildIdentifier: #58, buildName: jenkins_BrowserStack-, consoleLogs: errors, debug: false, hostName: DESKTOP-SS9KUUU, local: true, localIdentifier: 30_May_1127_DESKTOP_SS9KUUU..., networkLogs: false, os: OS X, osVersion: Big Sur, projectName: BrowserStack Samples, source: testng:sample-master:v1.1, userName: deepakkumar_rQ89ol}, goog:chromeOptions: {args: [--remote-allow-origins=*, start-maximized, --disable-notifications], extensions: []}}]}]" type="org.openqa.selenium.SessionNotCreatedException">org.openqa.selenium.SessionNotCreatedException: 
Could not start a new session. Handshake response does not match any supported protocol 
Host info: host: 'DESKTOP-SS9KUUU', ip: '192.168.1.178'
Build info: version: '4.9.1', revision: 'eb2032df7f'
System info: os.name: 'Windows 11', os.arch: 'amd64', os.version: '10.0', java.version: '17.0.7'
Driver info: org.openqa.selenium.chrome.ChromeDriver
Command: [null, newSession {capabilities=[Capabilities {browserName: Safari, browserVersion: latest, bstack:options: {accessKey: twqxQydQD82kykCXeAwz, browser: Safari, browserName: Safari, browserVersion: latest, browserstackSDK: testng-javaagent/1.5.2, buildIdentifier: #58, buildName: jenkins_BrowserStack-, consoleLogs: errors, debug: false, hostName: DESKTOP-SS9KUUU, local: true, localIdentifier: 30_May_1127_DESKTOP_SS9KUUU..., networkLogs: false, os: OS X, osVersion: Big Sur, projectName: BrowserStack Samples, source: testng:sample-master:v1.1, userName: deepakkumar_rQ89ol}, goog:chromeOptions: {args: [--remote-allow-origins=*, start-maximized, --disable-notifications], extensions: []}}]}]
</failure>
  </testcase>
  <testcase name="setUp" classname="com.browserstack.staticpages" time="0.786">
    <failure message="Could not start a new session. Handshake response does not match any supported protocol &#10;Host info: host: &apos;DESKTOP-SS9KUUU&apos;, ip: &apos;192.168.1.178&apos;&#10;Build info: version: &apos;4.9.1&apos;, revision: &apos;eb2032df7f&apos;&#10;System info: os.name: &apos;Windows 11&apos;, os.arch: &apos;amd64&apos;, os.version: &apos;10.0&apos;, java.version: &apos;17.0.7&apos;&#10;Driver info: org.openqa.selenium.chrome.ChromeDriver&#10;Command: [null, newSession {capabilities=[Capabilities {browserName: Chrome, browserVersion: latest, bstack:options: {accessKey: twqxQydQD82kykCXeAwz, browser: Chrome, browserName: Chrome, browserVersion: latest, browserstackSDK: testng-javaagent/1.5.2, buildIdentifier: #58, buildName: jenkins_BrowserStack-, consoleLogs: errors, debug: false, hostName: DESKTOP-SS9KUUU, local: true, localIdentifier: 30_May_1127_DESKTOP_SS9KUUU..., networkLogs: false, os: Windows, osVersion: 10, projectName: BrowserStack Samples, source: testng:sample-master:v1.1, userName: deepakkumar_rQ89ol}, goog:chromeOptions: {args: [--remote-allow-origins=*, start-maximized, --disable-notifications], extensions: []}}]}]" type="org.openqa.selenium.SessionNotCreatedException">org.openqa.selenium.SessionNotCreatedException: 
Could not start a new session. Handshake response does not match any supported protocol 
Host info: host: 'DESKTOP-SS9KUUU', ip: '192.168.1.178'
Build info: version: '4.9.1', revision: 'eb2032df7f'
System info: os.name: 'Windows 11', os.arch: 'amd64', os.version: '10.0', java.version: '17.0.7'
Driver info: org.openqa.selenium.chrome.ChromeDriver
Command: [null, newSession {capabilities=[Capabilities {browserName: Chrome, browserVersion: latest, bstack:options: {accessKey: twqxQydQD82kykCXeAwz, browser: Chrome, browserName: Chrome, browserVersion: latest, browserstackSDK: testng-javaagent/1.5.2, buildIdentifier: #58, buildName: jenkins_BrowserStack-, consoleLogs: errors, debug: false, hostName: DESKTOP-SS9KUUU, local: true, localIdentifier: 30_May_1127_DESKTOP_SS9KUUU..., networkLogs: false, os: Windows, osVersion: 10, projectName: BrowserStack Samples, source: testng:sample-master:v1.1, userName: deepakkumar_rQ89ol}, goog:chromeOptions: {args: [--remote-allow-origins=*, start-maximized, --disable-notifications], extensions: []}}]}]
</failure>
  </testcase>
  <testcase name="setUp" classname="com.browserstack.staticpages" time="0.126">
    <failure message="Could not start a new session. Handshake response does not match any supported protocol &#10;Host info: host: &apos;DESKTOP-SS9KUUU&apos;, ip: &apos;192.168.1.178&apos;&#10;Build info: version: &apos;4.9.1&apos;, revision: &apos;eb2032df7f&apos;&#10;System info: os.name: &apos;Windows 11&apos;, os.arch: &apos;amd64&apos;, os.version: &apos;10.0&apos;, java.version: &apos;17.0.7&apos;&#10;Driver info: org.openqa.selenium.chrome.ChromeDriver&#10;Command: [null, newSession {capabilities=[Capabilities {browserName: Firefox, browserVersion: latest, bstack:options: {accessKey: twqxQydQD82kykCXeAwz, browser: Firefox, browserName: Firefox, browserVersion: latest, browserstackSDK: testng-javaagent/1.5.2, buildIdentifier: #58, buildName: jenkins_BrowserStack-, consoleLogs: errors, debug: false, hostName: DESKTOP-SS9KUUU, local: true, localIdentifier: 30_May_1127_DESKTOP_SS9KUUU..., networkLogs: false, os: Windows, osVersion: 10, projectName: BrowserStack Samples, source: testng:sample-master:v1.1, userName: deepakkumar_rQ89ol}, goog:chromeOptions: {args: [--remote-allow-origins=*, start-maximized, --disable-notifications], extensions: []}}]}]" type="org.openqa.selenium.SessionNotCreatedException">org.openqa.selenium.SessionNotCreatedException: 
Could not start a new session. Handshake response does not match any supported protocol 
Host info: host: 'DESKTOP-SS9KUUU', ip: '192.168.1.178'
Build info: version: '4.9.1', revision: 'eb2032df7f'
System info: os.name: 'Windows 11', os.arch: 'amd64', os.version: '10.0', java.version: '17.0.7'
Driver info: org.openqa.selenium.chrome.ChromeDriver
Command: [null, newSession {capabilities=[Capabilities {browserName: Firefox, browserVersion: latest, bstack:options: {accessKey: twqxQydQD82kykCXeAwz, browser: Firefox, browserName: Firefox, browserVersion: latest, browserstackSDK: testng-javaagent/1.5.2, buildIdentifier: #58, buildName: jenkins_BrowserStack-, consoleLogs: errors, debug: false, hostName: DESKTOP-SS9KUUU, local: true, localIdentifier: 30_May_1127_DESKTOP_SS9KUUU..., networkLogs: false, os: Windows, osVersion: 10, projectName: BrowserStack Samples, source: testng:sample-master:v1.1, userName: deepakkumar_rQ89ol}, goog:chromeOptions: {args: [--remote-allow-origins=*, start-maximized, --disable-notifications], extensions: []}}]}]
</failure>
  </testcase>
  <testcase name="setUp" classname="com.browserstack.staticpages" time="2.14">
    <failure message="Could not start a new session. Handshake response does not match any supported protocol &#10;Host info: host: &apos;DESKTOP-SS9KUUU&apos;, ip: &apos;192.168.1.178&apos;&#10;Build info: version: &apos;4.9.1&apos;, revision: &apos;eb2032df7f&apos;&#10;System info: os.name: &apos;Windows 11&apos;, os.arch: &apos;amd64&apos;, os.version: &apos;10.0&apos;, java.version: &apos;17.0.7&apos;&#10;Driver info: org.openqa.selenium.chrome.ChromeDriver&#10;Command: [null, newSession {capabilities=[Capabilities {browserName: safari, browserVersion: null, bstack:options: {accessKey: twqxQydQD82kykCXeAwz, browser: safari, browserName: safari, browserVersion: null, browserstackSDK: testng-javaagent/1.5.2, buildIdentifier: #58, buildName: jenkins_BrowserStack-, consoleLogs: errors, debug: false, deviceName: iPhone 12, hostName: DESKTOP-SS9KUUU, local: true, localIdentifier: 30_May_1127_DESKTOP_SS9KUUU..., networkLogs: false, os: ios, osVersion: 14.0, projectName: BrowserStack Samples, source: testng:sample-master:v1.1, userName: deepakkumar_rQ89ol}, goog:chromeOptions: {args: [--remote-allow-origins=*, start-maximized, --disable-notifications], extensions: []}}]}]" type="org.openqa.selenium.SessionNotCreatedException">org.openqa.selenium.SessionNotCreatedException: 
Could not start a new session. Handshake response does not match any supported protocol 
Host info: host: 'DESKTOP-SS9KUUU', ip: '192.168.1.178'
Build info: version: '4.9.1', revision: 'eb2032df7f'
System info: os.name: 'Windows 11', os.arch: 'amd64', os.version: '10.0', java.version: '17.0.7'
Driver info: org.openqa.selenium.chrome.ChromeDriver
Command: [null, newSession {capabilities=[Capabilities {browserName: safari, browserVersion: null, bstack:options: {accessKey: twqxQydQD82kykCXeAwz, browser: safari, browserName: safari, browserVersion: null, browserstackSDK: testng-javaagent/1.5.2, buildIdentifier: #58, buildName: jenkins_BrowserStack-, consoleLogs: errors, debug: false, deviceName: iPhone 12, hostName: DESKTOP-SS9KUUU, local: true, localIdentifier: 30_May_1127_DESKTOP_SS9KUUU..., networkLogs: false, os: ios, osVersion: 14.0, projectName: BrowserStack Samples, source: testng:sample-master:v1.1, userName: deepakkumar_rQ89ol}, goog:chromeOptions: {args: [--remote-allow-origins=*, start-maximized, --disable-notifications], extensions: []}}]}]
</failure>
    <system-err><![CDATA[May 30, 2023 11:34:15 AM org.openqa.selenium.manager.SeleniumManager getDriverPath
INFO: Applicable driver not found; attempting to install with Selenium Manager (Beta)
May 30, 2023 11:34:16 AM org.openqa.selenium.manager.SeleniumManager getDriverPath
INFO: Applicable driver not found; attempting to install with Selenium Manager (Beta)
]]></system-err>
  </testcase>
  <testcase name="setUp" classname="com.browserstack.staticpages" time="0.677">
    <failure message="Could not start a new session. Handshake response does not match any supported protocol &#10;Host info: host: &apos;DESKTOP-SS9KUUU&apos;, ip: &apos;192.168.1.178&apos;&#10;Build info: version: &apos;4.9.1&apos;, revision: &apos;eb2032df7f&apos;&#10;System info: os.name: &apos;Windows 11&apos;, os.arch: &apos;amd64&apos;, os.version: &apos;10.0&apos;, java.version: &apos;17.0.7&apos;&#10;Driver info: org.openqa.selenium.chrome.ChromeDriver&#10;Command: [null, newSession {capabilities=[Capabilities {browserName: chrome, browserVersion: null, bstack:options: {accessKey: twqxQydQD82kykCXeAwz, browser: chrome, browserName: chrome, browserVersion: null, browserstackSDK: testng-javaagent/1.5.2, buildIdentifier: #58, buildName: jenkins_BrowserStack-, consoleLogs: errors, debug: false, deviceName: Samsung Galaxy S21, hostName: DESKTOP-SS9KUUU, local: true, localIdentifier: 30_May_1127_DESKTOP_SS9KUUU..., networkLogs: false, os: android, osVersion: 11.0, projectName: BrowserStack Samples, source: testng:sample-master:v1.1, userName: deepakkumar_rQ89ol}, goog:chromeOptions: {args: [--remote-allow-origins=*, start-maximized, --disable-notifications], extensions: []}}]}]" type="org.openqa.selenium.SessionNotCreatedException">org.openqa.selenium.SessionNotCreatedException: 
Could not start a new session. Handshake response does not match any supported protocol 
Host info: host: 'DESKTOP-SS9KUUU', ip: '192.168.1.178'
Build info: version: '4.9.1', revision: 'eb2032df7f'
System info: os.name: 'Windows 11', os.arch: 'amd64', os.version: '10.0', java.version: '17.0.7'
Driver info: org.openqa.selenium.chrome.ChromeDriver
Command: [null, newSession {capabilities=[Capabilities {browserName: chrome, browserVersion: null, bstack:options: {accessKey: twqxQydQD82kykCXeAwz, browser: chrome, browserName: chrome, browserVersion: null, browserstackSDK: testng-javaagent/1.5.2, buildIdentifier: #58, buildName: jenkins_BrowserStack-, consoleLogs: errors, debug: false, deviceName: Samsung Galaxy S21, hostName: DESKTOP-SS9KUUU, local: true, localIdentifier: 30_May_1127_DESKTOP_SS9KUUU..., networkLogs: false, os: android, osVersion: 11.0, projectName: BrowserStack Samples, source: testng:sample-master:v1.1, userName: deepakkumar_rQ89ol}, goog:chromeOptions: {args: [--remote-allow-origins=*, start-maximized, --disable-notifications], extensions: []}}]}]
</failure>
    <system-err><![CDATA[May 30, 2023 11:34:17 AM org.openqa.selenium.manager.SeleniumManager getDriverPath
INFO: Applicable driver not found; attempting to install with Selenium Manager (Beta)
May 30, 2023 11:34:17 AM org.openqa.selenium.manager.SeleniumManager getDriverPath
INFO: Applicable driver not found; attempting to install with Selenium Manager (Beta)
]]></system-err>
  </testcase>
  <testcase name="setUp" classname="com.browserstack.staticpages" time="0.744">
    <failure message="Could not start a new session. Handshake response does not match any supported protocol &#10;Host info: host: &apos;DESKTOP-SS9KUUU&apos;, ip: &apos;192.168.1.178&apos;&#10;Build info: version: &apos;4.9.1&apos;, revision: &apos;eb2032df7f&apos;&#10;System info: os.name: &apos;Windows 11&apos;, os.arch: &apos;amd64&apos;, os.version: &apos;10.0&apos;, java.version: &apos;17.0.7&apos;&#10;Driver info: org.openqa.selenium.chrome.ChromeDriver&#10;Command: [null, newSession {capabilities=[Capabilities {browserName: Safari, browserVersion: latest, bstack:options: {accessKey: twqxQydQD82kykCXeAwz, browser: Safari, browserName: Safari, browserVersion: latest, browserstackSDK: testng-javaagent/1.5.2, buildIdentifier: #58, buildName: jenkins_BrowserStack-, consoleLogs: errors, debug: false, hostName: DESKTOP-SS9KUUU, local: true, localIdentifier: 30_May_1127_DESKTOP_SS9KUUU..., networkLogs: false, os: OS X, osVersion: Big Sur, projectName: BrowserStack Samples, source: testng:sample-master:v1.1, userName: deepakkumar_rQ89ol}, goog:chromeOptions: {args: [--remote-allow-origins=*, start-maximized, --disable-notifications], extensions: []}}]}]" type="org.openqa.selenium.SessionNotCreatedException">org.openqa.selenium.SessionNotCreatedException: 
Could not start a new session. Handshake response does not match any supported protocol 
Host info: host: 'DESKTOP-SS9KUUU', ip: '192.168.1.178'
Build info: version: '4.9.1', revision: 'eb2032df7f'
System info: os.name: 'Windows 11', os.arch: 'amd64', os.version: '10.0', java.version: '17.0.7'
Driver info: org.openqa.selenium.chrome.ChromeDriver
Command: [null, newSession {capabilities=[Capabilities {browserName: Safari, browserVersion: latest, bstack:options: {accessKey: twqxQydQD82kykCXeAwz, browser: Safari, browserName: Safari, browserVersion: latest, browserstackSDK: testng-javaagent/1.5.2, buildIdentifier: #58, buildName: jenkins_BrowserStack-, consoleLogs: errors, debug: false, hostName: DESKTOP-SS9KUUU, local: true, localIdentifier: 30_May_1127_DESKTOP_SS9KUUU..., networkLogs: false, os: OS X, osVersion: Big Sur, projectName: BrowserStack Samples, source: testng:sample-master:v1.1, userName: deepakkumar_rQ89ol}, goog:chromeOptions: {args: [--remote-allow-origins=*, start-maximized, --disable-notifications], extensions: []}}]}]
</failure>
  </testcase>
  <testcase name="setUp" classname="com.browserstack.staticpages" time="0.755">
    <failure message="Could not start a new session. Handshake response does not match any supported protocol &#10;Host info: host: &apos;DESKTOP-SS9KUUU&apos;, ip: &apos;192.168.1.178&apos;&#10;Build info: version: &apos;4.9.1&apos;, revision: &apos;eb2032df7f&apos;&#10;System info: os.name: &apos;Windows 11&apos;, os.arch: &apos;amd64&apos;, os.version: &apos;10.0&apos;, java.version: &apos;17.0.7&apos;&#10;Driver info: org.openqa.selenium.chrome.ChromeDriver&#10;Command: [null, newSession {capabilities=[Capabilities {browserName: Chrome, browserVersion: latest, bstack:options: {accessKey: twqxQydQD82kykCXeAwz, browser: Chrome, browserName: Chrome, browserVersion: latest, browserstackSDK: testng-javaagent/1.5.2, buildIdentifier: #58, buildName: jenkins_BrowserStack-, consoleLogs: errors, debug: false, hostName: DESKTOP-SS9KUUU, local: true, localIdentifier: 30_May_1127_DESKTOP_SS9KUUU..., networkLogs: false, os: Windows, osVersion: 10, projectName: BrowserStack Samples, source: testng:sample-master:v1.1, userName: deepakkumar_rQ89ol}, goog:chromeOptions: {args: [--remote-allow-origins=*, start-maximized, --disable-notifications], extensions: []}}]}]" type="org.openqa.selenium.SessionNotCreatedException">org.openqa.selenium.SessionNotCreatedException: 
Could not start a new session. Handshake response does not match any supported protocol 
Host info: host: 'DESKTOP-SS9KUUU', ip: '192.168.1.178'
Build info: version: '4.9.1', revision: 'eb2032df7f'
System info: os.name: 'Windows 11', os.arch: 'amd64', os.version: '10.0', java.version: '17.0.7'
Driver info: org.openqa.selenium.chrome.ChromeDriver
Command: [null, newSession {capabilities=[Capabilities {browserName: Chrome, browserVersion: latest, bstack:options: {accessKey: twqxQydQD82kykCXeAwz, browser: Chrome, browserName: Chrome, browserVersion: latest, browserstackSDK: testng-javaagent/1.5.2, buildIdentifier: #58, buildName: jenkins_BrowserStack-, consoleLogs: errors, debug: false, hostName: DESKTOP-SS9KUUU, local: true, localIdentifier: 30_May_1127_DESKTOP_SS9KUUU..., networkLogs: false, os: Windows, osVersion: 10, projectName: BrowserStack Samples, source: testng:sample-master:v1.1, userName: deepakkumar_rQ89ol}, goog:chromeOptions: {args: [--remote-allow-origins=*, start-maximized, --disable-notifications], extensions: []}}]}]
</failure>
  </testcase>
  <testcase name="setUp" classname="com.browserstack.staticpages" time="0.094">
    <failure message="Could not start a new session. Handshake response does not match any supported protocol &#10;Host info: host: &apos;DESKTOP-SS9KUUU&apos;, ip: &apos;192.168.1.178&apos;&#10;Build info: version: &apos;4.9.1&apos;, revision: &apos;eb2032df7f&apos;&#10;System info: os.name: &apos;Windows 11&apos;, os.arch: &apos;amd64&apos;, os.version: &apos;10.0&apos;, java.version: &apos;17.0.7&apos;&#10;Driver info: org.openqa.selenium.chrome.ChromeDriver&#10;Command: [null, newSession {capabilities=[Capabilities {browserName: Firefox, browserVersion: latest, bstack:options: {accessKey: twqxQydQD82kykCXeAwz, browser: Firefox, browserName: Firefox, browserVersion: latest, browserstackSDK: testng-javaagent/1.5.2, buildIdentifier: #58, buildName: jenkins_BrowserStack-, consoleLogs: errors, debug: false, hostName: DESKTOP-SS9KUUU, local: true, localIdentifier: 30_May_1127_DESKTOP_SS9KUUU..., networkLogs: false, os: Windows, osVersion: 10, projectName: BrowserStack Samples, source: testng:sample-master:v1.1, userName: deepakkumar_rQ89ol}, goog:chromeOptions: {args: [--remote-allow-origins=*, start-maximized, --disable-notifications], extensions: []}}]}]" type="org.openqa.selenium.SessionNotCreatedException">org.openqa.selenium.SessionNotCreatedException: 
Could not start a new session. Handshake response does not match any supported protocol 
Host info: host: 'DESKTOP-SS9KUUU', ip: '192.168.1.178'
Build info: version: '4.9.1', revision: 'eb2032df7f'
System info: os.name: 'Windows 11', os.arch: 'amd64', os.version: '10.0', java.version: '17.0.7'
Driver info: org.openqa.selenium.chrome.ChromeDriver
Command: [null, newSession {capabilities=[Capabilities {browserName: Firefox, browserVersion: latest, bstack:options: {accessKey: twqxQydQD82kykCXeAwz, browser: Firefox, browserName: Firefox, browserVersion: latest, browserstackSDK: testng-javaagent/1.5.2, buildIdentifier: #58, buildName: jenkins_BrowserStack-, consoleLogs: errors, debug: false, hostName: DESKTOP-SS9KUUU, local: true, localIdentifier: 30_May_1127_DESKTOP_SS9KUUU..., networkLogs: false, os: Windows, osVersion: 10, projectName: BrowserStack Samples, source: testng:sample-master:v1.1, userName: deepakkumar_rQ89ol}, goog:chromeOptions: {args: [--remote-allow-origins=*, start-maximized, --disable-notifications], extensions: []}}]}]
</failure>
  </testcase>
  <testcase name="setUp" classname="com.browserstack.staticpages" time="2.152">
    <failure message="Could not start a new session. Handshake response does not match any supported protocol &#10;Host info: host: &apos;DESKTOP-SS9KUUU&apos;, ip: &apos;192.168.1.178&apos;&#10;Build info: version: &apos;4.9.1&apos;, revision: &apos;eb2032df7f&apos;&#10;System info: os.name: &apos;Windows 11&apos;, os.arch: &apos;amd64&apos;, os.version: &apos;10.0&apos;, java.version: &apos;17.0.7&apos;&#10;Driver info: org.openqa.selenium.chrome.ChromeDriver&#10;Command: [null, newSession {capabilities=[Capabilities {browserName: safari, browserVersion: null, bstack:options: {accessKey: twqxQydQD82kykCXeAwz, browser: safari, browserName: safari, browserVersion: null, browserstackSDK: testng-javaagent/1.5.2, buildIdentifier: #58, buildName: jenkins_BrowserStack-, consoleLogs: errors, debug: false, deviceName: iPhone 12, hostName: DESKTOP-SS9KUUU, local: true, localIdentifier: 30_May_1127_DESKTOP_SS9KUUU..., networkLogs: false, os: ios, osVersion: 14.0, projectName: BrowserStack Samples, source: testng:sample-master:v1.1, userName: deepakkumar_rQ89ol}, goog:chromeOptions: {args: [--remote-allow-origins=*, start-maximized, --disable-notifications], extensions: []}}]}]" type="org.openqa.selenium.SessionNotCreatedException">org.openqa.selenium.SessionNotCreatedException: 
Could not start a new session. Handshake response does not match any supported protocol 
Host info: host: 'DESKTOP-SS9KUUU', ip: '192.168.1.178'
Build info: version: '4.9.1', revision: 'eb2032df7f'
System info: os.name: 'Windows 11', os.arch: 'amd64', os.version: '10.0', java.version: '17.0.7'
Driver info: org.openqa.selenium.chrome.ChromeDriver
Command: [null, newSession {capabilities=[Capabilities {browserName: safari, browserVersion: null, bstack:options: {accessKey: twqxQydQD82kykCXeAwz, browser: safari, browserName: safari, browserVersion: null, browserstackSDK: testng-javaagent/1.5.2, buildIdentifier: #58, buildName: jenkins_BrowserStack-, consoleLogs: errors, debug: false, deviceName: iPhone 12, hostName: DESKTOP-SS9KUUU, local: true, localIdentifier: 30_May_1127_DESKTOP_SS9KUUU..., networkLogs: false, os: ios, osVersion: 14.0, projectName: BrowserStack Samples, source: testng:sample-master:v1.1, userName: deepakkumar_rQ89ol}, goog:chromeOptions: {args: [--remote-allow-origins=*, start-maximized, --disable-notifications], extensions: []}}]}]
</failure>
    <system-err><![CDATA[May 30, 2023 11:34:19 AM org.openqa.selenium.manager.SeleniumManager getDriverPath
INFO: Applicable driver not found; attempting to install with Selenium Manager (Beta)
May 30, 2023 11:34:20 AM org.openqa.selenium.manager.SeleniumManager getDriverPath
INFO: Applicable driver not found; attempting to install with Selenium Manager (Beta)
]]></system-err>
  </testcase>
  <testcase name="setUp" classname="com.browserstack.staticpages" time="0.688">
    <failure message="Could not start a new session. Handshake response does not match any supported protocol &#10;Host info: host: &apos;DESKTOP-SS9KUUU&apos;, ip: &apos;192.168.1.178&apos;&#10;Build info: version: &apos;4.9.1&apos;, revision: &apos;eb2032df7f&apos;&#10;System info: os.name: &apos;Windows 11&apos;, os.arch: &apos;amd64&apos;, os.version: &apos;10.0&apos;, java.version: &apos;17.0.7&apos;&#10;Driver info: org.openqa.selenium.chrome.ChromeDriver&#10;Command: [null, newSession {capabilities=[Capabilities {browserName: chrome, browserVersion: null, bstack:options: {accessKey: twqxQydQD82kykCXeAwz, browser: chrome, browserName: chrome, browserVersion: null, browserstackSDK: testng-javaagent/1.5.2, buildIdentifier: #58, buildName: jenkins_BrowserStack-, consoleLogs: errors, debug: false, deviceName: Samsung Galaxy S21, hostName: DESKTOP-SS9KUUU, local: true, localIdentifier: 30_May_1127_DESKTOP_SS9KUUU..., networkLogs: false, os: android, osVersion: 11.0, projectName: BrowserStack Samples, source: testng:sample-master:v1.1, userName: deepakkumar_rQ89ol}, goog:chromeOptions: {args: [--remote-allow-origins=*, start-maximized, --disable-notifications], extensions: []}}]}]" type="org.openqa.selenium.SessionNotCreatedException">org.openqa.selenium.SessionNotCreatedException: 
Could not start a new session. Handshake response does not match any supported protocol 
Host info: host: 'DESKTOP-SS9KUUU', ip: '192.168.1.178'
Build info: version: '4.9.1', revision: 'eb2032df7f'
System info: os.name: 'Windows 11', os.arch: 'amd64', os.version: '10.0', java.version: '17.0.7'
Driver info: org.openqa.selenium.chrome.ChromeDriver
Command: [null, newSession {capabilities=[Capabilities {browserName: chrome, browserVersion: null, bstack:options: {accessKey: twqxQydQD82kykCXeAwz, browser: chrome, browserName: chrome, browserVersion: null, browserstackSDK: testng-javaagent/1.5.2, buildIdentifier: #58, buildName: jenkins_BrowserStack-, consoleLogs: errors, debug: false, deviceName: Samsung Galaxy S21, hostName: DESKTOP-SS9KUUU, local: true, localIdentifier: 30_May_1127_DESKTOP_SS9KUUU..., networkLogs: false, os: android, osVersion: 11.0, projectName: BrowserStack Samples, source: testng:sample-master:v1.1, userName: deepakkumar_rQ89ol}, goog:chromeOptions: {args: [--remote-allow-origins=*, start-maximized, --disable-notifications], extensions: []}}]}]
</failure>
    <system-err><![CDATA[May 30, 2023 11:34:21 AM org.openqa.selenium.manager.SeleniumManager getDriverPath
INFO: Applicable driver not found; attempting to install with Selenium Manager (Beta)
May 30, 2023 11:34:21 AM org.openqa.selenium.manager.SeleniumManager getDriverPath
INFO: Applicable driver not found; attempting to install with Selenium Manager (Beta)
]]></system-err>
  </testcase>
  <testcase name="setUp" classname="com.browserstack.staticpages" time="0.734">
    <failure message="Could not start a new session. Handshake response does not match any supported protocol &#10;Host info: host: &apos;DESKTOP-SS9KUUU&apos;, ip: &apos;192.168.1.178&apos;&#10;Build info: version: &apos;4.9.1&apos;, revision: &apos;eb2032df7f&apos;&#10;System info: os.name: &apos;Windows 11&apos;, os.arch: &apos;amd64&apos;, os.version: &apos;10.0&apos;, java.version: &apos;17.0.7&apos;&#10;Driver info: org.openqa.selenium.chrome.ChromeDriver&#10;Command: [null, newSession {capabilities=[Capabilities {browserName: Safari, browserVersion: latest, bstack:options: {accessKey: twqxQydQD82kykCXeAwz, browser: Safari, browserName: Safari, browserVersion: latest, browserstackSDK: testng-javaagent/1.5.2, buildIdentifier: #58, buildName: jenkins_BrowserStack-, consoleLogs: errors, debug: false, hostName: DESKTOP-SS9KUUU, local: true, localIdentifier: 30_May_1127_DESKTOP_SS9KUUU..., networkLogs: false, os: OS X, osVersion: Big Sur, projectName: BrowserStack Samples, source: testng:sample-master:v1.1, userName: deepakkumar_rQ89ol}, goog:chromeOptions: {args: [--remote-allow-origins=*, start-maximized, --disable-notifications], extensions: []}}]}]" type="org.openqa.selenium.SessionNotCreatedException">org.openqa.selenium.SessionNotCreatedException: 
Could not start a new session. Handshake response does not match any supported protocol 
Host info: host: 'DESKTOP-SS9KUUU', ip: '192.168.1.178'
Build info: version: '4.9.1', revision: 'eb2032df7f'
System info: os.name: 'Windows 11', os.arch: 'amd64', os.version: '10.0', java.version: '17.0.7'
Driver info: org.openqa.selenium.chrome.ChromeDriver
Command: [null, newSession {capabilities=[Capabilities {browserName: Safari, browserVersion: latest, bstack:options: {accessKey: twqxQydQD82kykCXeAwz, browser: Safari, browserName: Safari, browserVersion: latest, browserstackSDK: testng-javaagent/1.5.2, buildIdentifier: #58, buildName: jenkins_BrowserStack-, consoleLogs: errors, debug: false, hostName: DESKTOP-SS9KUUU, local: true, localIdentifier: 30_May_1127_DESKTOP_SS9KUUU..., networkLogs: false, os: OS X, osVersion: Big Sur, projectName: BrowserStack Samples, source: testng:sample-master:v1.1, userName: deepakkumar_rQ89ol}, goog:chromeOptions: {args: [--remote-allow-origins=*, start-maximized, --disable-notifications], extensions: []}}]}]
</failure>
  </testcase>
  <testcase name="setUp" classname="com.browserstack.staticpages" time="0.721">
    <failure message="Could not start a new session. Handshake response does not match any supported protocol &#10;Host info: host: &apos;DESKTOP-SS9KUUU&apos;, ip: &apos;192.168.1.178&apos;&#10;Build info: version: &apos;4.9.1&apos;, revision: &apos;eb2032df7f&apos;&#10;System info: os.name: &apos;Windows 11&apos;, os.arch: &apos;amd64&apos;, os.version: &apos;10.0&apos;, java.version: &apos;17.0.7&apos;&#10;Driver info: org.openqa.selenium.chrome.ChromeDriver&#10;Command: [null, newSession {capabilities=[Capabilities {browserName: Chrome, browserVersion: latest, bstack:options: {accessKey: twqxQydQD82kykCXeAwz, browser: Chrome, browserName: Chrome, browserVersion: latest, browserstackSDK: testng-javaagent/1.5.2, buildIdentifier: #58, buildName: jenkins_BrowserStack-, consoleLogs: errors, debug: false, hostName: DESKTOP-SS9KUUU, local: true, localIdentifier: 30_May_1127_DESKTOP_SS9KUUU..., networkLogs: false, os: Windows, osVersion: 10, projectName: BrowserStack Samples, source: testng:sample-master:v1.1, userName: deepakkumar_rQ89ol}, goog:chromeOptions: {args: [--remote-allow-origins=*, start-maximized, --disable-notifications], extensions: []}}]}]" type="org.openqa.selenium.SessionNotCreatedException">org.openqa.selenium.SessionNotCreatedException: 
Could not start a new session. Handshake response does not match any supported protocol 
Host info: host: 'DESKTOP-SS9KUUU', ip: '192.168.1.178'
Build info: version: '4.9.1', revision: 'eb2032df7f'
System info: os.name: 'Windows 11', os.arch: 'amd64', os.version: '10.0', java.version: '17.0.7'
Driver info: org.openqa.selenium.chrome.ChromeDriver
Command: [null, newSession {capabilities=[Capabilities {browserName: Chrome, browserVersion: latest, bstack:options: {accessKey: twqxQydQD82kykCXeAwz, browser: Chrome, browserName: Chrome, browserVersion: latest, browserstackSDK: testng-javaagent/1.5.2, buildIdentifier: #58, buildName: jenkins_BrowserStack-, consoleLogs: errors, debug: false, hostName: DESKTOP-SS9KUUU, local: true, localIdentifier: 30_May_1127_DESKTOP_SS9KUUU..., networkLogs: false, os: Windows, osVersion: 10, projectName: BrowserStack Samples, source: testng:sample-master:v1.1, userName: deepakkumar_rQ89ol}, goog:chromeOptions: {args: [--remote-allow-origins=*, start-maximized, --disable-notifications], extensions: []}}]}]
</failure>
  </testcase>
  <testcase name="setUp" classname="com.browserstack.staticpages" time="0.299">
    <failure message="Could not start a new session. Handshake response does not match any supported protocol &#10;Host info: host: &apos;DESKTOP-SS9KUUU&apos;, ip: &apos;192.168.1.178&apos;&#10;Build info: version: &apos;4.9.1&apos;, revision: &apos;eb2032df7f&apos;&#10;System info: os.name: &apos;Windows 11&apos;, os.arch: &apos;amd64&apos;, os.version: &apos;10.0&apos;, java.version: &apos;17.0.7&apos;&#10;Driver info: org.openqa.selenium.chrome.ChromeDriver&#10;Command: [null, newSession {capabilities=[Capabilities {browserName: Firefox, browserVersion: latest, bstack:options: {accessKey: twqxQydQD82kykCXeAwz, browser: Firefox, browserName: Firefox, browserVersion: latest, browserstackSDK: testng-javaagent/1.5.2, buildIdentifier: #58, buildName: jenkins_BrowserStack-, consoleLogs: errors, debug: false, hostName: DESKTOP-SS9KUUU, local: true, localIdentifier: 30_May_1127_DESKTOP_SS9KUUU..., networkLogs: false, os: Windows, osVersion: 10, projectName: BrowserStack Samples, source: testng:sample-master:v1.1, userName: deepakkumar_rQ89ol}, goog:chromeOptions: {args: [--remote-allow-origins=*, start-maximized, --disable-notifications], extensions: []}}]}]" type="org.openqa.selenium.SessionNotCreatedException">org.openqa.selenium.SessionNotCreatedException: 
Could not start a new session. Handshake response does not match any supported protocol 
Host info: host: 'DESKTOP-SS9KUUU', ip: '192.168.1.178'
Build info: version: '4.9.1', revision: 'eb2032df7f'
System info: os.name: 'Windows 11', os.arch: 'amd64', os.version: '10.0', java.version: '17.0.7'
Driver info: org.openqa.selenium.chrome.ChromeDriver
Command: [null, newSession {capabilities=[Capabilities {browserName: Firefox, browserVersion: latest, bstack:options: {accessKey: twqxQydQD82kykCXeAwz, browser: Firefox, browserName: Firefox, browserVersion: latest, browserstackSDK: testng-javaagent/1.5.2, buildIdentifier: #58, buildName: jenkins_BrowserStack-, consoleLogs: errors, debug: false, hostName: DESKTOP-SS9KUUU, local: true, localIdentifier: 30_May_1127_DESKTOP_SS9KUUU..., networkLogs: false, os: Windows, osVersion: 10, projectName: BrowserStack Samples, source: testng:sample-master:v1.1, userName: deepakkumar_rQ89ol}, goog:chromeOptions: {args: [--remote-allow-origins=*, start-maximized, --disable-notifications], extensions: []}}]}]
</failure>
  </testcase>
  <testcase name="setUp" classname="com.browserstack.staticpages" time="1.947">
    <failure message="Could not start a new session. Handshake response does not match any supported protocol &#10;Host info: host: &apos;DESKTOP-SS9KUUU&apos;, ip: &apos;192.168.1.178&apos;&#10;Build info: version: &apos;4.9.1&apos;, revision: &apos;eb2032df7f&apos;&#10;System info: os.name: &apos;Windows 11&apos;, os.arch: &apos;amd64&apos;, os.version: &apos;10.0&apos;, java.version: &apos;17.0.7&apos;&#10;Driver info: org.openqa.selenium.chrome.ChromeDriver&#10;Command: [null, newSession {capabilities=[Capabilities {browserName: safari, browserVersion: null, bstack:options: {accessKey: twqxQydQD82kykCXeAwz, browser: safari, browserName: safari, browserVersion: null, browserstackSDK: testng-javaagent/1.5.2, buildIdentifier: #58, buildName: jenkins_BrowserStack-, consoleLogs: errors, debug: false, deviceName: iPhone 12, hostName: DESKTOP-SS9KUUU, local: true, localIdentifier: 30_May_1127_DESKTOP_SS9KUUU..., networkLogs: false, os: ios, osVersion: 14.0, projectName: BrowserStack Samples, source: testng:sample-master:v1.1, userName: deepakkumar_rQ89ol}, goog:chromeOptions: {args: [--remote-allow-origins=*, start-maximized, --disable-notifications], extensions: []}}]}]" type="org.openqa.selenium.SessionNotCreatedException">org.openqa.selenium.SessionNotCreatedException: 
Could not start a new session. Handshake response does not match any supported protocol 
Host info: host: 'DESKTOP-SS9KUUU', ip: '192.168.1.178'
Build info: version: '4.9.1', revision: 'eb2032df7f'
System info: os.name: 'Windows 11', os.arch: 'amd64', os.version: '10.0', java.version: '17.0.7'
Driver info: org.openqa.selenium.chrome.ChromeDriver
Command: [null, newSession {capabilities=[Capabilities {browserName: safari, browserVersion: null, bstack:options: {accessKey: twqxQydQD82kykCXeAwz, browser: safari, browserName: safari, browserVersion: null, browserstackSDK: testng-javaagent/1.5.2, buildIdentifier: #58, buildName: jenkins_BrowserStack-, consoleLogs: errors, debug: false, deviceName: iPhone 12, hostName: DESKTOP-SS9KUUU, local: true, localIdentifier: 30_May_1127_DESKTOP_SS9KUUU..., networkLogs: false, os: ios, osVersion: 14.0, projectName: BrowserStack Samples, source: testng:sample-master:v1.1, userName: deepakkumar_rQ89ol}, goog:chromeOptions: {args: [--remote-allow-origins=*, start-maximized, --disable-notifications], extensions: []}}]}]
</failure>
    <system-err><![CDATA[May 30, 2023 11:34:24 AM org.openqa.selenium.manager.SeleniumManager getDriverPath
INFO: Applicable driver not found; attempting to install with Selenium Manager (Beta)
May 30, 2023 11:34:25 AM org.openqa.selenium.manager.SeleniumManager getDriverPath
INFO: Applicable driver not found; attempting to install with Selenium Manager (Beta)
]]></system-err>
  </testcase>
  <testcase name="setUp" classname="com.browserstack.staticpages" time="0.78">
    <failure message="Could not start a new session. Handshake response does not match any supported protocol &#10;Host info: host: &apos;DESKTOP-SS9KUUU&apos;, ip: &apos;192.168.1.178&apos;&#10;Build info: version: &apos;4.9.1&apos;, revision: &apos;eb2032df7f&apos;&#10;System info: os.name: &apos;Windows 11&apos;, os.arch: &apos;amd64&apos;, os.version: &apos;10.0&apos;, java.version: &apos;17.0.7&apos;&#10;Driver info: org.openqa.selenium.chrome.ChromeDriver&#10;Command: [null, newSession {capabilities=[Capabilities {browserName: chrome, browserVersion: null, bstack:options: {accessKey: twqxQydQD82kykCXeAwz, browser: chrome, browserName: chrome, browserVersion: null, browserstackSDK: testng-javaagent/1.5.2, buildIdentifier: #58, buildName: jenkins_BrowserStack-, consoleLogs: errors, debug: false, deviceName: Samsung Galaxy S21, hostName: DESKTOP-SS9KUUU, local: true, localIdentifier: 30_May_1127_DESKTOP_SS9KUUU..., networkLogs: false, os: android, osVersion: 11.0, projectName: BrowserStack Samples, source: testng:sample-master:v1.1, userName: deepakkumar_rQ89ol}, goog:chromeOptions: {args: [--remote-allow-origins=*, start-maximized, --disable-notifications], extensions: []}}]}]" type="org.openqa.selenium.SessionNotCreatedException">org.openqa.selenium.SessionNotCreatedException: 
Could not start a new session. Handshake response does not match any supported protocol 
Host info: host: 'DESKTOP-SS9KUUU', ip: '192.168.1.178'
Build info: version: '4.9.1', revision: 'eb2032df7f'
System info: os.name: 'Windows 11', os.arch: 'amd64', os.version: '10.0', java.version: '17.0.7'
Driver info: org.openqa.selenium.chrome.ChromeDriver
Command: [null, newSession {capabilities=[Capabilities {browserName: chrome, browserVersion: null, bstack:options: {accessKey: twqxQydQD82kykCXeAwz, browser: chrome, browserName: chrome, browserVersion: null, browserstackSDK: testng-javaagent/1.5.2, buildIdentifier: #58, buildName: jenkins_BrowserStack-, consoleLogs: errors, debug: false, deviceName: Samsung Galaxy S21, hostName: DESKTOP-SS9KUUU, local: true, localIdentifier: 30_May_1127_DESKTOP_SS9KUUU..., networkLogs: false, os: android, osVersion: 11.0, projectName: BrowserStack Samples, source: testng:sample-master:v1.1, userName: deepakkumar_rQ89ol}, goog:chromeOptions: {args: [--remote-allow-origins=*, start-maximized, --disable-notifications], extensions: []}}]}]
</failure>
    <system-err><![CDATA[May 30, 2023 11:34:25 AM org.openqa.selenium.manager.SeleniumManager getDriverPath
INFO: Applicable driver not found; attempting to install with Selenium Manager (Beta)
]]></system-err>
  </testcase>
  <testcase name="setUp" classname="com.browserstack.staticpages" time="0.681">
    <failure message="Could not start a new session. Handshake response does not match any supported protocol &#10;Host info: host: &apos;DESKTOP-SS9KUUU&apos;, ip: &apos;192.168.1.178&apos;&#10;Build info: version: &apos;4.9.1&apos;, revision: &apos;eb2032df7f&apos;&#10;System info: os.name: &apos;Windows 11&apos;, os.arch: &apos;amd64&apos;, os.version: &apos;10.0&apos;, java.version: &apos;17.0.7&apos;&#10;Driver info: org.openqa.selenium.chrome.ChromeDriver&#10;Command: [null, newSession {capabilities=[Capabilities {browserName: Safari, browserVersion: latest, bstack:options: {accessKey: twqxQydQD82kykCXeAwz, browser: Safari, browserName: Safari, browserVersion: latest, browserstackSDK: testng-javaagent/1.5.2, buildIdentifier: #58, buildName: jenkins_BrowserStack-, consoleLogs: errors, debug: false, hostName: DESKTOP-SS9KUUU, local: true, localIdentifier: 30_May_1127_DESKTOP_SS9KUUU..., networkLogs: false, os: OS X, osVersion: Big Sur, projectName: BrowserStack Samples, source: testng:sample-master:v1.1, userName: deepakkumar_rQ89ol}, goog:chromeOptions: {args: [--remote-allow-origins=*, start-maximized, --disable-notifications], extensions: []}}]}]" type="org.openqa.selenium.SessionNotCreatedException">org.openqa.selenium.SessionNotCreatedException: 
Could not start a new session. Handshake response does not match any supported protocol 
Host info: host: 'DESKTOP-SS9KUUU', ip: '192.168.1.178'
Build info: version: '4.9.1', revision: 'eb2032df7f'
System info: os.name: 'Windows 11', os.arch: 'amd64', os.version: '10.0', java.version: '17.0.7'
Driver info: org.openqa.selenium.chrome.ChromeDriver
Command: [null, newSession {capabilities=[Capabilities {browserName: Safari, browserVersion: latest, bstack:options: {accessKey: twqxQydQD82kykCXeAwz, browser: Safari, browserName: Safari, browserVersion: latest, browserstackSDK: testng-javaagent/1.5.2, buildIdentifier: #58, buildName: jenkins_BrowserStack-, consoleLogs: errors, debug: false, hostName: DESKTOP-SS9KUUU, local: true, localIdentifier: 30_May_1127_DESKTOP_SS9KUUU..., networkLogs: false, os: OS X, osVersion: Big Sur, projectName: BrowserStack Samples, source: testng:sample-master:v1.1, userName: deepakkumar_rQ89ol}, goog:chromeOptions: {args: [--remote-allow-origins=*, start-maximized, --disable-notifications], extensions: []}}]}]
</failure>
  </testcase>
  <testcase name="setUp" classname="com.browserstack.staticpages" time="0.673">
    <failure message="Could not start a new session. Handshake response does not match any supported protocol &#10;Host info: host: &apos;DESKTOP-SS9KUUU&apos;, ip: &apos;192.168.1.178&apos;&#10;Build info: version: &apos;4.9.1&apos;, revision: &apos;eb2032df7f&apos;&#10;System info: os.name: &apos;Windows 11&apos;, os.arch: &apos;amd64&apos;, os.version: &apos;10.0&apos;, java.version: &apos;17.0.7&apos;&#10;Driver info: org.openqa.selenium.chrome.ChromeDriver&#10;Command: [null, newSession {capabilities=[Capabilities {browserName: Chrome, browserVersion: latest, bstack:options: {accessKey: twqxQydQD82kykCXeAwz, browser: Chrome, browserName: Chrome, browserVersion: latest, browserstackSDK: testng-javaagent/1.5.2, buildIdentifier: #58, buildName: jenkins_BrowserStack-, consoleLogs: errors, debug: false, hostName: DESKTOP-SS9KUUU, local: true, localIdentifier: 30_May_1127_DESKTOP_SS9KUUU..., networkLogs: false, os: Windows, osVersion: 10, projectName: BrowserStack Samples, source: testng:sample-master:v1.1, userName: deepakkumar_rQ89ol}, goog:chromeOptions: {args: [--remote-allow-origins=*, start-maximized, --disable-notifications], extensions: []}}]}]" type="org.openqa.selenium.SessionNotCreatedException">org.openqa.selenium.SessionNotCreatedException: 
Could not start a new session. Handshake response does not match any supported protocol 
Host info: host: 'DESKTOP-SS9KUUU', ip: '192.168.1.178'
Build info: version: '4.9.1', revision: 'eb2032df7f'
System info: os.name: 'Windows 11', os.arch: 'amd64', os.version: '10.0', java.version: '17.0.7'
Driver info: org.openqa.selenium.chrome.ChromeDriver
Command: [null, newSession {capabilities=[Capabilities {browserName: Chrome, browserVersion: latest, bstack:options: {accessKey: twqxQydQD82kykCXeAwz, browser: Chrome, browserName: Chrome, browserVersion: latest, browserstackSDK: testng-javaagent/1.5.2, buildIdentifier: #58, buildName: jenkins_BrowserStack-, consoleLogs: errors, debug: false, hostName: DESKTOP-SS9KUUU, local: true, localIdentifier: 30_May_1127_DESKTOP_SS9KUUU..., networkLogs: false, os: Windows, osVersion: 10, projectName: BrowserStack Samples, source: testng:sample-master:v1.1, userName: deepakkumar_rQ89ol}, goog:chromeOptions: {args: [--remote-allow-origins=*, start-maximized, --disable-notifications], extensions: []}}]}]
</failure>
  </testcase>
  <testcase name="setUp" classname="com.browserstack.staticpages" time="0.343">
    <failure message="Could not start a new session. Handshake response does not match any supported protocol &#10;Host info: host: &apos;DESKTOP-SS9KUUU&apos;, ip: &apos;192.168.1.178&apos;&#10;Build info: version: &apos;4.9.1&apos;, revision: &apos;eb2032df7f&apos;&#10;System info: os.name: &apos;Windows 11&apos;, os.arch: &apos;amd64&apos;, os.version: &apos;10.0&apos;, java.version: &apos;17.0.7&apos;&#10;Driver info: org.openqa.selenium.chrome.ChromeDriver&#10;Command: [null, newSession {capabilities=[Capabilities {browserName: Firefox, browserVersion: latest, bstack:options: {accessKey: twqxQydQD82kykCXeAwz, browser: Firefox, browserName: Firefox, browserVersion: latest, browserstackSDK: testng-javaagent/1.5.2, buildIdentifier: #58, buildName: jenkins_BrowserStack-, consoleLogs: errors, debug: false, hostName: DESKTOP-SS9KUUU, local: true, localIdentifier: 30_May_1127_DESKTOP_SS9KUUU..., networkLogs: false, os: Windows, osVersion: 10, projectName: BrowserStack Samples, source: testng:sample-master:v1.1, userName: deepakkumar_rQ89ol}, goog:chromeOptions: {args: [--remote-allow-origins=*, start-maximized, --disable-notifications], extensions: []}}]}]" type="org.openqa.selenium.SessionNotCreatedException">org.openqa.selenium.SessionNotCreatedException: 
Could not start a new session. Handshake response does not match any supported protocol 
Host info: host: 'DESKTOP-SS9KUUU', ip: '192.168.1.178'
Build info: version: '4.9.1', revision: 'eb2032df7f'
System info: os.name: 'Windows 11', os.arch: 'amd64', os.version: '10.0', java.version: '17.0.7'
Driver info: org.openqa.selenium.chrome.ChromeDriver
Command: [null, newSession {capabilities=[Capabilities {browserName: Firefox, browserVersion: latest, bstack:options: {accessKey: twqxQydQD82kykCXeAwz, browser: Firefox, browserName: Firefox, browserVersion: latest, browserstackSDK: testng-javaagent/1.5.2, buildIdentifier: #58, buildName: jenkins_BrowserStack-, consoleLogs: errors, debug: false, hostName: DESKTOP-SS9KUUU, local: true, localIdentifier: 30_May_1127_DESKTOP_SS9KUUU..., networkLogs: false, os: Windows, osVersion: 10, projectName: BrowserStack Samples, source: testng:sample-master:v1.1, userName: deepakkumar_rQ89ol}, goog:chromeOptions: {args: [--remote-allow-origins=*, start-maximized, --disable-notifications], extensions: []}}]}]
</failure>
  </testcase>
  <testcase name="setUp" classname="com.browserstack.staticpages" time="1.895">
    <failure message="Could not start a new session. Handshake response does not match any supported protocol &#10;Host info: host: &apos;DESKTOP-SS9KUUU&apos;, ip: &apos;192.168.1.178&apos;&#10;Build info: version: &apos;4.9.1&apos;, revision: &apos;eb2032df7f&apos;&#10;System info: os.name: &apos;Windows 11&apos;, os.arch: &apos;amd64&apos;, os.version: &apos;10.0&apos;, java.version: &apos;17.0.7&apos;&#10;Driver info: org.openqa.selenium.chrome.ChromeDriver&#10;Command: [null, newSession {capabilities=[Capabilities {browserName: safari, browserVersion: null, bstack:options: {accessKey: twqxQydQD82kykCXeAwz, browser: safari, browserName: safari, browserVersion: null, browserstackSDK: testng-javaagent/1.5.2, buildIdentifier: #58, buildName: jenkins_BrowserStack-, consoleLogs: errors, debug: false, deviceName: iPhone 12, hostName: DESKTOP-SS9KUUU, local: true, localIdentifier: 30_May_1127_DESKTOP_SS9KUUU..., networkLogs: false, os: ios, osVersion: 14.0, projectName: BrowserStack Samples, source: testng:sample-master:v1.1, userName: deepakkumar_rQ89ol}, goog:chromeOptions: {args: [--remote-allow-origins=*, start-maximized, --disable-notifications], extensions: []}}]}]" type="org.openqa.selenium.SessionNotCreatedException">org.openqa.selenium.SessionNotCreatedException: 
Could not start a new session. Handshake response does not match any supported protocol 
Host info: host: 'DESKTOP-SS9KUUU', ip: '192.168.1.178'
Build info: version: '4.9.1', revision: 'eb2032df7f'
System info: os.name: 'Windows 11', os.arch: 'amd64', os.version: '10.0', java.version: '17.0.7'
Driver info: org.openqa.selenium.chrome.ChromeDriver
Command: [null, newSession {capabilities=[Capabilities {browserName: safari, browserVersion: null, bstack:options: {accessKey: twqxQydQD82kykCXeAwz, browser: safari, browserName: safari, browserVersion: null, browserstackSDK: testng-javaagent/1.5.2, buildIdentifier: #58, buildName: jenkins_BrowserStack-, consoleLogs: errors, debug: false, deviceName: iPhone 12, hostName: DESKTOP-SS9KUUU, local: true, localIdentifier: 30_May_1127_DESKTOP_SS9KUUU..., networkLogs: false, os: ios, osVersion: 14.0, projectName: BrowserStack Samples, source: testng:sample-master:v1.1, userName: deepakkumar_rQ89ol}, goog:chromeOptions: {args: [--remote-allow-origins=*, start-maximized, --disable-notifications], extensions: []}}]}]
</failure>
    <system-err><![CDATA[May 30, 2023 11:34:28 AM org.openqa.selenium.manager.SeleniumManager getDriverPath
INFO: Applicable driver not found; attempting to install with Selenium Manager (Beta)
May 30, 2023 11:34:29 AM org.openqa.selenium.manager.SeleniumManager getDriverPath
INFO: Applicable driver not found; attempting to install with Selenium Manager (Beta)
]]></system-err>
  </testcase>
  <testcase name="setUp" classname="com.browserstack.staticpages" time="0.851">
    <failure message="Could not start a new session. Handshake response does not match any supported protocol &#10;Host info: host: &apos;DESKTOP-SS9KUUU&apos;, ip: &apos;192.168.1.178&apos;&#10;Build info: version: &apos;4.9.1&apos;, revision: &apos;eb2032df7f&apos;&#10;System info: os.name: &apos;Windows 11&apos;, os.arch: &apos;amd64&apos;, os.version: &apos;10.0&apos;, java.version: &apos;17.0.7&apos;&#10;Driver info: org.openqa.selenium.chrome.ChromeDriver&#10;Command: [null, newSession {capabilities=[Capabilities {browserName: chrome, browserVersion: null, bstack:options: {accessKey: twqxQydQD82kykCXeAwz, browser: chrome, browserName: chrome, browserVersion: null, browserstackSDK: testng-javaagent/1.5.2, buildIdentifier: #58, buildName: jenkins_BrowserStack-, consoleLogs: errors, debug: false, deviceName: Samsung Galaxy S21, hostName: DESKTOP-SS9KUUU, local: true, localIdentifier: 30_May_1127_DESKTOP_SS9KUUU..., networkLogs: false, os: android, osVersion: 11.0, projectName: BrowserStack Samples, source: testng:sample-master:v1.1, userName: deepakkumar_rQ89ol}, goog:chromeOptions: {args: [--remote-allow-origins=*, start-maximized, --disable-notifications], extensions: []}}]}]" type="org.openqa.selenium.SessionNotCreatedException">org.openqa.selenium.SessionNotCreatedException: 
Could not start a new session. Handshake response does not match any supported protocol 
Host info: host: 'DESKTOP-SS9KUUU', ip: '192.168.1.178'
Build info: version: '4.9.1', revision: 'eb2032df7f'
System info: os.name: 'Windows 11', os.arch: 'amd64', os.version: '10.0', java.version: '17.0.7'
Driver info: org.openqa.selenium.chrome.ChromeDriver
Command: [null, newSession {capabilities=[Capabilities {browserName: chrome, browserVersion: null, bstack:options: {accessKey: twqxQydQD82kykCXeAwz, browser: chrome, browserName: chrome, browserVersion: null, browserstackSDK: testng-javaagent/1.5.2, buildIdentifier: #58, buildName: jenkins_BrowserStack-, consoleLogs: errors, debug: false, deviceName: Samsung Galaxy S21, hostName: DESKTOP-SS9KUUU, local: true, localIdentifier: 30_May_1127_DESKTOP_SS9KUUU..., networkLogs: false, os: android, osVersion: 11.0, projectName: BrowserStack Samples, source: testng:sample-master:v1.1, userName: deepakkumar_rQ89ol}, goog:chromeOptions: {args: [--remote-allow-origins=*, start-maximized, --disable-notifications], extensions: []}}]}]
</failure>
    <system-err><![CDATA[May 30, 2023 11:34:30 AM org.openqa.selenium.manager.SeleniumManager getDriverPath
INFO: Applicable driver not found; attempting to install with Selenium Manager (Beta)
]]></system-err>
  </testcase>
  <testcase name="setUp" classname="com.browserstack.staticpages" time="0.734">
    <failure message="Could not start a new session. Handshake response does not match any supported protocol &#10;Host info: host: &apos;DESKTOP-SS9KUUU&apos;, ip: &apos;192.168.1.178&apos;&#10;Build info: version: &apos;4.9.1&apos;, revision: &apos;eb2032df7f&apos;&#10;System info: os.name: &apos;Windows 11&apos;, os.arch: &apos;amd64&apos;, os.version: &apos;10.0&apos;, java.version: &apos;17.0.7&apos;&#10;Driver info: org.openqa.selenium.chrome.ChromeDriver&#10;Command: [null, newSession {capabilities=[Capabilities {browserName: Safari, browserVersion: latest, bstack:options: {accessKey: twqxQydQD82kykCXeAwz, browser: Safari, browserName: Safari, browserVersion: latest, browserstackSDK: testng-javaagent/1.5.2, buildIdentifier: #58, buildName: jenkins_BrowserStack-, consoleLogs: errors, debug: false, hostName: DESKTOP-SS9KUUU, local: true, localIdentifier: 30_May_1127_DESKTOP_SS9KUUU..., networkLogs: false, os: OS X, osVersion: Big Sur, projectName: BrowserStack Samples, source: testng:sample-master:v1.1, userName: deepakkumar_rQ89ol}, goog:chromeOptions: {args: [--remote-allow-origins=*, start-maximized, --disable-notifications], extensions: []}}]}]" type="org.openqa.selenium.SessionNotCreatedException">org.openqa.selenium.SessionNotCreatedException: 
Could not start a new session. Handshake response does not match any supported protocol 
Host info: host: 'DESKTOP-SS9KUUU', ip: '192.168.1.178'
Build info: version: '4.9.1', revision: 'eb2032df7f'
System info: os.name: 'Windows 11', os.arch: 'amd64', os.version: '10.0', java.version: '17.0.7'
Driver info: org.openqa.selenium.chrome.ChromeDriver
Command: [null, newSession {capabilities=[Capabilities {browserName: Safari, browserVersion: latest, bstack:options: {accessKey: twqxQydQD82kykCXeAwz, browser: Safari, browserName: Safari, browserVersion: latest, browserstackSDK: testng-javaagent/1.5.2, buildIdentifier: #58, buildName: jenkins_BrowserStack-, consoleLogs: errors, debug: false, hostName: DESKTOP-SS9KUUU, local: true, localIdentifier: 30_May_1127_DESKTOP_SS9KUUU..., networkLogs: false, os: OS X, osVersion: Big Sur, projectName: BrowserStack Samples, source: testng:sample-master:v1.1, userName: deepakkumar_rQ89ol}, goog:chromeOptions: {args: [--remote-allow-origins=*, start-maximized, --disable-notifications], extensions: []}}]}]
</failure>
  </testcase>
  <testcase name="setUp" classname="com.browserstack.staticpages" time="0.771">
    <failure message="Could not start a new session. Handshake response does not match any supported protocol &#10;Host info: host: &apos;DESKTOP-SS9KUUU&apos;, ip: &apos;192.168.1.178&apos;&#10;Build info: version: &apos;4.9.1&apos;, revision: &apos;eb2032df7f&apos;&#10;System info: os.name: &apos;Windows 11&apos;, os.arch: &apos;amd64&apos;, os.version: &apos;10.0&apos;, java.version: &apos;17.0.7&apos;&#10;Driver info: org.openqa.selenium.chrome.ChromeDriver&#10;Command: [null, newSession {capabilities=[Capabilities {browserName: Chrome, browserVersion: latest, bstack:options: {accessKey: twqxQydQD82kykCXeAwz, browser: Chrome, browserName: Chrome, browserVersion: latest, browserstackSDK: testng-javaagent/1.5.2, buildIdentifier: #58, buildName: jenkins_BrowserStack-, consoleLogs: errors, debug: false, hostName: DESKTOP-SS9KUUU, local: true, localIdentifier: 30_May_1127_DESKTOP_SS9KUUU..., networkLogs: false, os: Windows, osVersion: 10, projectName: BrowserStack Samples, source: testng:sample-master:v1.1, userName: deepakkumar_rQ89ol}, goog:chromeOptions: {args: [--remote-allow-origins=*, start-maximized, --disable-notifications], extensions: []}}]}]" type="org.openqa.selenium.SessionNotCreatedException">org.openqa.selenium.SessionNotCreatedException: 
Could not start a new session. Handshake response does not match any supported protocol 
Host info: host: 'DESKTOP-SS9KUUU', ip: '192.168.1.178'
Build info: version: '4.9.1', revision: 'eb2032df7f'
System info: os.name: 'Windows 11', os.arch: 'amd64', os.version: '10.0', java.version: '17.0.7'
Driver info: org.openqa.selenium.chrome.ChromeDriver
Command: [null, newSession {capabilities=[Capabilities {browserName: Chrome, browserVersion: latest, bstack:options: {accessKey: twqxQydQD82kykCXeAwz, browser: Chrome, browserName: Chrome, browserVersion: latest, browserstackSDK: testng-javaagent/1.5.2, buildIdentifier: #58, buildName: jenkins_BrowserStack-, consoleLogs: errors, debug: false, hostName: DESKTOP-SS9KUUU, local: true, localIdentifier: 30_May_1127_DESKTOP_SS9KUUU..., networkLogs: false, os: Windows, osVersion: 10, projectName: BrowserStack Samples, source: testng:sample-master:v1.1, userName: deepakkumar_rQ89ol}, goog:chromeOptions: {args: [--remote-allow-origins=*, start-maximized, --disable-notifications], extensions: []}}]}]
</failure>
  </testcase>
  <testcase name="setUp" classname="com.browserstack.staticpages" time="0.152">
    <failure message="Could not start a new session. Handshake response does not match any supported protocol &#10;Host info: host: &apos;DESKTOP-SS9KUUU&apos;, ip: &apos;192.168.1.178&apos;&#10;Build info: version: &apos;4.9.1&apos;, revision: &apos;eb2032df7f&apos;&#10;System info: os.name: &apos;Windows 11&apos;, os.arch: &apos;amd64&apos;, os.version: &apos;10.0&apos;, java.version: &apos;17.0.7&apos;&#10;Driver info: org.openqa.selenium.chrome.ChromeDriver&#10;Command: [null, newSession {capabilities=[Capabilities {browserName: Firefox, browserVersion: latest, bstack:options: {accessKey: twqxQydQD82kykCXeAwz, browser: Firefox, browserName: Firefox, browserVersion: latest, browserstackSDK: testng-javaagent/1.5.2, buildIdentifier: #58, buildName: jenkins_BrowserStack-, consoleLogs: errors, debug: false, hostName: DESKTOP-SS9KUUU, local: true, localIdentifier: 30_May_1127_DESKTOP_SS9KUUU..., networkLogs: false, os: Windows, osVersion: 10, projectName: BrowserStack Samples, source: testng:sample-master:v1.1, userName: deepakkumar_rQ89ol}, goog:chromeOptions: {args: [--remote-allow-origins=*, start-maximized, --disable-notifications], extensions: []}}]}]" type="org.openqa.selenium.SessionNotCreatedException">org.openqa.selenium.SessionNotCreatedException: 
Could not start a new session. Handshake response does not match any supported protocol 
Host info: host: 'DESKTOP-SS9KUUU', ip: '192.168.1.178'
Build info: version: '4.9.1', revision: 'eb2032df7f'
System info: os.name: 'Windows 11', os.arch: 'amd64', os.version: '10.0', java.version: '17.0.7'
Driver info: org.openqa.selenium.chrome.ChromeDriver
Command: [null, newSession {capabilities=[Capabilities {browserName: Firefox, browserVersion: latest, bstack:options: {accessKey: twqxQydQD82kykCXeAwz, browser: Firefox, browserName: Firefox, browserVersion: latest, browserstackSDK: testng-javaagent/1.5.2, buildIdentifier: #58, buildName: jenkins_BrowserStack-, consoleLogs: errors, debug: false, hostName: DESKTOP-SS9KUUU, local: true, localIdentifier: 30_May_1127_DESKTOP_SS9KUUU..., networkLogs: false, os: Windows, osVersion: 10, projectName: BrowserStack Samples, source: testng:sample-master:v1.1, userName: deepakkumar_rQ89ol}, goog:chromeOptions: {args: [--remote-allow-origins=*, start-maximized, --disable-notifications], extensions: []}}]}]
</failure>
  </testcase>
  <testcase name="setUp" classname="com.browserstack.staticpages" time="1.432">
    <failure message="Could not start a new session. Possible causes are invalid address of the remote server or browser start-up failure. &#10;Host info: host: &apos;DESKTOP-SS9KUUU&apos;, ip: &apos;192.168.1.178&apos;" type="org.openqa.selenium.SessionNotCreatedException">org.openqa.selenium.SessionNotCreatedException: 
Could not start a new session. Possible causes are invalid address of the remote server or browser start-up failure. 
Host info: host: 'DESKTOP-SS9KUUU', ip: '192.168.1.178'
Caused by: org.openqa.selenium.WebDriverException: 
Automate testing time expired.
Build info: version: '4.9.1', revision: 'eb2032df7f'
System info: os.name: 'Windows 11', os.arch: 'amd64', os.version: '10.0', java.version: '17.0.7'
Driver info: driver.version: ChromeDriver
remote stacktrace: 
</failure>
    <system-err><![CDATA[May 30, 2023 11:34:33 AM org.openqa.selenium.manager.SeleniumManager getDriverPath
INFO: Applicable driver not found; attempting to install with Selenium Manager (Beta)
]]></system-err>
  </testcase>
  <testcase name="setUp" classname="com.browserstack.staticpages" time="0.802">
    <failure message="Could not start a new session. Possible causes are invalid address of the remote server or browser start-up failure. &#10;Host info: host: &apos;DESKTOP-SS9KUUU&apos;, ip: &apos;192.168.1.178&apos;" type="org.openqa.selenium.SessionNotCreatedException">org.openqa.selenium.SessionNotCreatedException: 
Could not start a new session. Possible causes are invalid address of the remote server or browser start-up failure. 
Host info: host: 'DESKTOP-SS9KUUU', ip: '192.168.1.178'
Caused by: org.openqa.selenium.WebDriverException: 
Automate testing time expired.
Build info: version: '4.9.1', revision: 'eb2032df7f'
System info: os.name: 'Windows 11', os.arch: 'amd64', os.version: '10.0', java.version: '17.0.7'
Driver info: driver.version: ChromeDriver
remote stacktrace: 
</failure>
    <system-err><![CDATA[May 30, 2023 11:34:34 AM org.openqa.selenium.manager.SeleniumManager getDriverPath
INFO: Applicable driver not found; attempting to install with Selenium Manager (Beta)
]]></system-err>
  </testcase>
  <testcase name="setUp" classname="com.browserstack.staticpages" time="1.374">
    <failure message="Could not start a new session. Handshake response does not match any supported protocol &#10;Host info: host: &apos;DESKTOP-SS9KUUU&apos;, ip: &apos;192.168.1.178&apos;&#10;Build info: version: &apos;4.9.1&apos;, revision: &apos;eb2032df7f&apos;&#10;System info: os.name: &apos;Windows 11&apos;, os.arch: &apos;amd64&apos;, os.version: &apos;10.0&apos;, java.version: &apos;17.0.7&apos;&#10;Driver info: org.openqa.selenium.chrome.ChromeDriver&#10;Command: [null, newSession {capabilities=[Capabilities {browserName: Safari, browserVersion: latest, bstack:options: {accessKey: twqxQydQD82kykCXeAwz, browser: Safari, browserName: Safari, browserVersion: latest, browserstackSDK: testng-javaagent/1.5.2, buildIdentifier: #58, buildName: jenkins_BrowserStack-, consoleLogs: errors, debug: false, hostName: DESKTOP-SS9KUUU, local: true, localIdentifier: 30_May_1127_DESKTOP_SS9KUUU..., networkLogs: false, os: OS X, osVersion: Big Sur, projectName: BrowserStack Samples, source: testng:sample-master:v1.1, userName: deepakkumar_rQ89ol}, goog:chromeOptions: {args: [--remote-allow-origins=*, start-maximized, --disable-notifications], extensions: []}}]}]" type="org.openqa.selenium.SessionNotCreatedException">org.openqa.selenium.SessionNotCreatedException: 
Could not start a new session. Handshake response does not match any supported protocol 
Host info: host: 'DESKTOP-SS9KUUU', ip: '192.168.1.178'
Build info: version: '4.9.1', revision: 'eb2032df7f'
System info: os.name: 'Windows 11', os.arch: 'amd64', os.version: '10.0', java.version: '17.0.7'
Driver info: org.openqa.selenium.chrome.ChromeDriver
Command: [null, newSession {capabilities=[Capabilities {browserName: Safari, browserVersion: latest, bstack:options: {accessKey: twqxQydQD82kykCXeAwz, browser: Safari, browserName: Safari, browserVersion: latest, browserstackSDK: testng-javaagent/1.5.2, buildIdentifier: #58, buildName: jenkins_BrowserStack-, consoleLogs: errors, debug: false, hostName: DESKTOP-SS9KUUU, local: true, localIdentifier: 30_May_1127_DESKTOP_SS9KUUU..., networkLogs: false, os: OS X, osVersion: Big Sur, projectName: BrowserStack Samples, source: testng:sample-master:v1.1, userName: deepakkumar_rQ89ol}, goog:chromeOptions: {args: [--remote-allow-origins=*, start-maximized, --disable-notifications], extensions: []}}]}]
</failure>
  </testcase>
  <testcase name="setUp" classname="com.browserstack.staticpages" time="0.692">
    <failure message="Could not start a new session. Handshake response does not match any supported protocol &#10;Host info: host: &apos;DESKTOP-SS9KUUU&apos;, ip: &apos;192.168.1.178&apos;&#10;Build info: version: &apos;4.9.1&apos;, revision: &apos;eb2032df7f&apos;&#10;System info: os.name: &apos;Windows 11&apos;, os.arch: &apos;amd64&apos;, os.version: &apos;10.0&apos;, java.version: &apos;17.0.7&apos;&#10;Driver info: org.openqa.selenium.chrome.ChromeDriver&#10;Command: [null, newSession {capabilities=[Capabilities {browserName: Chrome, browserVersion: latest, bstack:options: {accessKey: twqxQydQD82kykCXeAwz, browser: Chrome, browserName: Chrome, browserVersion: latest, browserstackSDK: testng-javaagent/1.5.2, buildIdentifier: #58, buildName: jenkins_BrowserStack-, consoleLogs: errors, debug: false, hostName: DESKTOP-SS9KUUU, local: true, localIdentifier: 30_May_1127_DESKTOP_SS9KUUU..., networkLogs: false, os: Windows, osVersion: 10, projectName: BrowserStack Samples, source: testng:sample-master:v1.1, userName: deepakkumar_rQ89ol}, goog:chromeOptions: {args: [--remote-allow-origins=*, start-maximized, --disable-notifications], extensions: []}}]}]" type="org.openqa.selenium.SessionNotCreatedException">org.openqa.selenium.SessionNotCreatedException: 
Could not start a new session. Handshake response does not match any supported protocol 
Host info: host: 'DESKTOP-SS9KUUU', ip: '192.168.1.178'
Build info: version: '4.9.1', revision: 'eb2032df7f'
System info: os.name: 'Windows 11', os.arch: 'amd64', os.version: '10.0', java.version: '17.0.7'
Driver info: org.openqa.selenium.chrome.ChromeDriver
Command: [null, newSession {capabilities=[Capabilities {browserName: Chrome, browserVersion: latest, bstack:options: {accessKey: twqxQydQD82kykCXeAwz, browser: Chrome, browserName: Chrome, browserVersion: latest, browserstackSDK: testng-javaagent/1.5.2, buildIdentifier: #58, buildName: jenkins_BrowserStack-, consoleLogs: errors, debug: false, hostName: DESKTOP-SS9KUUU, local: true, localIdentifier: 30_May_1127_DESKTOP_SS9KUUU..., networkLogs: false, os: Windows, osVersion: 10, projectName: BrowserStack Samples, source: testng:sample-master:v1.1, userName: deepakkumar_rQ89ol}, goog:chromeOptions: {args: [--remote-allow-origins=*, start-maximized, --disable-notifications], extensions: []}}]}]
</failure>
    <system-err><![CDATA[May 30, 2023 11:34:36 AM org.openqa.selenium.manager.SeleniumManager getDriverPath
INFO: Applicable driver not found; attempting to install with Selenium Manager (Beta)
]]></system-err>
  </testcase>
  <testcase name="setUp" classname="com.browserstack.staticpages" time="0.173">
    <failure message="Could not start a new session. Handshake response does not match any supported protocol &#10;Host info: host: &apos;DESKTOP-SS9KUUU&apos;, ip: &apos;192.168.1.178&apos;&#10;Build info: version: &apos;4.9.1&apos;, revision: &apos;eb2032df7f&apos;&#10;System info: os.name: &apos;Windows 11&apos;, os.arch: &apos;amd64&apos;, os.version: &apos;10.0&apos;, java.version: &apos;17.0.7&apos;&#10;Driver info: org.openqa.selenium.chrome.ChromeDriver&#10;Command: [null, newSession {capabilities=[Capabilities {browserName: Firefox, browserVersion: latest, bstack:options: {accessKey: twqxQydQD82kykCXeAwz, browser: Firefox, browserName: Firefox, browserVersion: latest, browserstackSDK: testng-javaagent/1.5.2, buildIdentifier: #58, buildName: jenkins_BrowserStack-, consoleLogs: errors, debug: false, hostName: DESKTOP-SS9KUUU, local: true, localIdentifier: 30_May_1127_DESKTOP_SS9KUUU..., networkLogs: false, os: Windows, osVersion: 10, projectName: BrowserStack Samples, source: testng:sample-master:v1.1, userName: deepakkumar_rQ89ol}, goog:chromeOptions: {args: [--remote-allow-origins=*, start-maximized, --disable-notifications], extensions: []}}]}]" type="org.openqa.selenium.SessionNotCreatedException">org.openqa.selenium.SessionNotCreatedException: 
Could not start a new session. Handshake response does not match any supported protocol 
Host info: host: 'DESKTOP-SS9KUUU', ip: '192.168.1.178'
Build info: version: '4.9.1', revision: 'eb2032df7f'
System info: os.name: 'Windows 11', os.arch: 'amd64', os.version: '10.0', java.version: '17.0.7'
Driver info: org.openqa.selenium.chrome.ChromeDriver
Command: [null, newSession {capabilities=[Capabilities {browserName: Firefox, browserVersion: latest, bstack:options: {accessKey: twqxQydQD82kykCXeAwz, browser: Firefox, browserName: Firefox, browserVersion: latest, browserstackSDK: testng-javaagent/1.5.2, buildIdentifier: #58, buildName: jenkins_BrowserStack-, consoleLogs: errors, debug: false, hostName: DESKTOP-SS9KUUU, local: true, localIdentifier: 30_May_1127_DESKTOP_SS9KUUU..., networkLogs: false, os: Windows, osVersion: 10, projectName: BrowserStack Samples, source: testng:sample-master:v1.1, userName: deepakkumar_rQ89ol}, goog:chromeOptions: {args: [--remote-allow-origins=*, start-maximized, --disable-notifications], extensions: []}}]}]
</failure>
  </testcase>
  <testcase name="setUp" classname="com.browserstack.staticpages" time="1.286">
    <failure message="Could not start a new session. Handshake response does not match any supported protocol &#10;Host info: host: &apos;DESKTOP-SS9KUUU&apos;, ip: &apos;192.168.1.178&apos;&#10;Build info: version: &apos;4.9.1&apos;, revision: &apos;eb2032df7f&apos;&#10;System info: os.name: &apos;Windows 11&apos;, os.arch: &apos;amd64&apos;, os.version: &apos;10.0&apos;, java.version: &apos;17.0.7&apos;&#10;Driver info: org.openqa.selenium.chrome.ChromeDriver&#10;Command: [null, newSession {capabilities=[Capabilities {browserName: safari, browserVersion: null, bstack:options: {accessKey: twqxQydQD82kykCXeAwz, browser: safari, browserName: safari, browserVersion: null, browserstackSDK: testng-javaagent/1.5.2, buildIdentifier: #58, buildName: jenkins_BrowserStack-, consoleLogs: errors, debug: false, deviceName: iPhone 12, hostName: DESKTOP-SS9KUUU, local: true, localIdentifier: 30_May_1127_DESKTOP_SS9KUUU..., networkLogs: false, os: ios, osVersion: 14.0, projectName: BrowserStack Samples, source: testng:sample-master:v1.1, userName: deepakkumar_rQ89ol}, goog:chromeOptions: {args: [--remote-allow-origins=*, start-maximized, --disable-notifications], extensions: []}}]}]" type="org.openqa.selenium.SessionNotCreatedException">org.openqa.selenium.SessionNotCreatedException: 
Could not start a new session. Handshake response does not match any supported protocol 
Host info: host: 'DESKTOP-SS9KUUU', ip: '192.168.1.178'
Build info: version: '4.9.1', revision: 'eb2032df7f'
System info: os.name: 'Windows 11', os.arch: 'amd64', os.version: '10.0', java.version: '17.0.7'
Driver info: org.openqa.selenium.chrome.ChromeDriver
Command: [null, newSession {capabilities=[Capabilities {browserName: safari, browserVersion: null, bstack:options: {accessKey: twqxQydQD82kykCXeAwz, browser: safari, browserName: safari, browserVersion: null, browserstackSDK: testng-javaagent/1.5.2, buildIdentifier: #58, buildName: jenkins_BrowserStack-, consoleLogs: errors, debug: false, deviceName: iPhone 12, hostName: DESKTOP-SS9KUUU, local: true, localIdentifier: 30_May_1127_DESKTOP_SS9KUUU..., networkLogs: false, os: ios, osVersion: 14.0, projectName: BrowserStack Samples, source: testng:sample-master:v1.1, userName: deepakkumar_rQ89ol}, goog:chromeOptions: {args: [--remote-allow-origins=*, start-maximized, --disable-notifications], extensions: []}}]}]
</failure>
  </testcase>
  <testcase name="setUp" classname="com.browserstack.staticpages" time="0.901">
    <failure message="Could not start a new session. Handshake response does not match any supported protocol &#10;Host info: host: &apos;DESKTOP-SS9KUUU&apos;, ip: &apos;192.168.1.178&apos;&#10;Build info: version: &apos;4.9.1&apos;, revision: &apos;eb2032df7f&apos;&#10;System info: os.name: &apos;Windows 11&apos;, os.arch: &apos;amd64&apos;, os.version: &apos;10.0&apos;, java.version: &apos;17.0.7&apos;&#10;Driver info: org.openqa.selenium.chrome.ChromeDriver&#10;Command: [null, newSession {capabilities=[Capabilities {browserName: chrome, browserVersion: null, bstack:options: {accessKey: twqxQydQD82kykCXeAwz, browser: chrome, browserName: chrome, browserVersion: null, browserstackSDK: testng-javaagent/1.5.2, buildIdentifier: #58, buildName: jenkins_BrowserStack-, consoleLogs: errors, debug: false, deviceName: Samsung Galaxy S21, hostName: DESKTOP-SS9KUUU, local: true, localIdentifier: 30_May_1127_DESKTOP_SS9KUUU..., networkLogs: false, os: android, osVersion: 11.0, projectName: BrowserStack Samples, source: testng:sample-master:v1.1, userName: deepakkumar_rQ89ol}, goog:chromeOptions: {args: [--remote-allow-origins=*, start-maximized, --disable-notifications], extensions: []}}]}]" type="org.openqa.selenium.SessionNotCreatedException">org.openqa.selenium.SessionNotCreatedException: 
Could not start a new session. Handshake response does not match any supported protocol 
Host info: host: 'DESKTOP-SS9KUUU', ip: '192.168.1.178'
Build info: version: '4.9.1', revision: 'eb2032df7f'
System info: os.name: 'Windows 11', os.arch: 'amd64', os.version: '10.0', java.version: '17.0.7'
Driver info: org.openqa.selenium.chrome.ChromeDriver
Command: [null, newSession {capabilities=[Capabilities {browserName: chrome, browserVersion: null, bstack:options: {accessKey: twqxQydQD82kykCXeAwz, browser: chrome, browserName: chrome, browserVersion: null, browserstackSDK: testng-javaagent/1.5.2, buildIdentifier: #58, buildName: jenkins_BrowserStack-, consoleLogs: errors, debug: false, deviceName: Samsung Galaxy S21, hostName: DESKTOP-SS9KUUU, local: true, localIdentifier: 30_May_1127_DESKTOP_SS9KUUU..., networkLogs: false, os: android, osVersion: 11.0, projectName: BrowserStack Samples, source: testng:sample-master:v1.1, userName: deepakkumar_rQ89ol}, goog:chromeOptions: {args: [--remote-allow-origins=*, start-maximized, --disable-notifications], extensions: []}}]}]
</failure>
  </testcase>
  <testcase name="setUp" classname="com.browserstack.staticpages" time="2.288">
    <failure message="Could not start a new session. Handshake response does not match any supported protocol &#10;Host info: host: &apos;DESKTOP-SS9KUUU&apos;, ip: &apos;192.168.1.178&apos;&#10;Build info: version: &apos;4.9.1&apos;, revision: &apos;eb2032df7f&apos;&#10;System info: os.name: &apos;Windows 11&apos;, os.arch: &apos;amd64&apos;, os.version: &apos;10.0&apos;, java.version: &apos;17.0.7&apos;&#10;Driver info: org.openqa.selenium.chrome.ChromeDriver&#10;Command: [null, newSession {capabilities=[Capabilities {browserName: Chrome, browserVersion: latest, bstack:options: {accessKey: twqxQydQD82kykCXeAwz, browser: Chrome, browserName: Chrome, browserVersion: latest, browserstackSDK: testng-javaagent/1.5.2, buildIdentifier: #58, buildName: jenkins_BrowserStack-, consoleLogs: errors, debug: false, hostName: DESKTOP-SS9KUUU, local: true, localIdentifier: 30_May_1127_DESKTOP_SS9KUUU..., networkLogs: false, os: Windows, osVersion: 10, projectName: BrowserStack Samples, source: testng:sample-master:v1.1, userName: deepakkumar_rQ89ol}, goog:chromeOptions: {args: [--remote-allow-origins=*, start-maximized, --disable-notifications], extensions: []}}]}]" type="org.openqa.selenium.SessionNotCreatedException">org.openqa.selenium.SessionNotCreatedException: 
Could not start a new session. Handshake response does not match any supported protocol 
Host info: host: 'DESKTOP-SS9KUUU', ip: '192.168.1.178'
Build info: version: '4.9.1', revision: 'eb2032df7f'
System info: os.name: 'Windows 11', os.arch: 'amd64', os.version: '10.0', java.version: '17.0.7'
Driver info: org.openqa.selenium.chrome.ChromeDriver
Command: [null, newSession {capabilities=[Capabilities {browserName: Chrome, browserVersion: latest, bstack:options: {accessKey: twqxQydQD82kykCXeAwz, browser: Chrome, browserName: Chrome, browserVersion: latest, browserstackSDK: testng-javaagent/1.5.2, buildIdentifier: #58, buildName: jenkins_BrowserStack-, consoleLogs: errors, debug: false, hostName: DESKTOP-SS9KUUU, local: true, localIdentifier: 30_May_1127_DESKTOP_SS9KUUU..., networkLogs: false, os: Windows, osVersion: 10, projectName: BrowserStack Samples, source: testng:sample-master:v1.1, userName: deepakkumar_rQ89ol}, goog:chromeOptions: {args: [--remote-allow-origins=*, start-maximized, --disable-notifications], extensions: []}}]}]
</failure>
    <system-err><![CDATA[May 30, 2023 11:34:41 AM org.openqa.selenium.manager.SeleniumManager getDriverPath
INFO: Applicable driver not found; attempting to install with Selenium Manager (Beta)
]]></system-err>
  </testcase>
  <testcase name="setUp" classname="com.browserstack.staticpages" time="0.033">
    <failure message="Could not start a new session. Handshake response does not match any supported protocol &#10;Host info: host: &apos;DESKTOP-SS9KUUU&apos;, ip: &apos;192.168.1.178&apos;&#10;Build info: version: &apos;4.9.1&apos;, revision: &apos;eb2032df7f&apos;&#10;System info: os.name: &apos;Windows 11&apos;, os.arch: &apos;amd64&apos;, os.version: &apos;10.0&apos;, java.version: &apos;17.0.7&apos;&#10;Driver info: org.openqa.selenium.chrome.ChromeDriver&#10;Command: [null, newSession {capabilities=[Capabilities {browserName: Firefox, browserVersion: latest, bstack:options: {accessKey: twqxQydQD82kykCXeAwz, browser: Firefox, browserName: Firefox, browserVersion: latest, browserstackSDK: testng-javaagent/1.5.2, buildIdentifier: #58, buildName: jenkins_BrowserStack-, consoleLogs: errors, debug: false, hostName: DESKTOP-SS9KUUU, local: true, localIdentifier: 30_May_1127_DESKTOP_SS9KUUU..., networkLogs: false, os: Windows, osVersion: 10, projectName: BrowserStack Samples, source: testng:sample-master:v1.1, userName: deepakkumar_rQ89ol}, goog:chromeOptions: {args: [--remote-allow-origins=*, start-maximized, --disable-notifications], extensions: []}}]}]" type="org.openqa.selenium.SessionNotCreatedException">org.openqa.selenium.SessionNotCreatedException: 
Could not start a new session. Handshake response does not match any supported protocol 
Host info: host: 'DESKTOP-SS9KUUU', ip: '192.168.1.178'
Build info: version: '4.9.1', revision: 'eb2032df7f'
System info: os.name: 'Windows 11', os.arch: 'amd64', os.version: '10.0', java.version: '17.0.7'
Driver info: org.openqa.selenium.chrome.ChromeDriver
Command: [null, newSession {capabilities=[Capabilities {browserName: Firefox, browserVersion: latest, bstack:options: {accessKey: twqxQydQD82kykCXeAwz, browser: Firefox, browserName: Firefox, browserVersion: latest, browserstackSDK: testng-javaagent/1.5.2, buildIdentifier: #58, buildName: jenkins_BrowserStack-, consoleLogs: errors, debug: false, hostName: DESKTOP-SS9KUUU, local: true, localIdentifier: 30_May_1127_DESKTOP_SS9KUUU..., networkLogs: false, os: Windows, osVersion: 10, projectName: BrowserStack Samples, source: testng:sample-master:v1.1, userName: deepakkumar_rQ89ol}, goog:chromeOptions: {args: [--remote-allow-origins=*, start-maximized, --disable-notifications], extensions: []}}]}]
</failure>
  </testcase>
  <testcase name="setUp" classname="com.browserstack.staticpages" time="1.61">
    <failure message="Could not start a new session. Handshake response does not match any supported protocol &#10;Host info: host: &apos;DESKTOP-SS9KUUU&apos;, ip: &apos;192.168.1.178&apos;&#10;Build info: version: &apos;4.9.1&apos;, revision: &apos;eb2032df7f&apos;&#10;System info: os.name: &apos;Windows 11&apos;, os.arch: &apos;amd64&apos;, os.version: &apos;10.0&apos;, java.version: &apos;17.0.7&apos;&#10;Driver info: org.openqa.selenium.chrome.ChromeDriver&#10;Command: [null, newSession {capabilities=[Capabilities {browserName: safari, browserVersion: null, bstack:options: {accessKey: twqxQydQD82kykCXeAwz, browser: safari, browserName: safari, browserVersion: null, browserstackSDK: testng-javaagent/1.5.2, buildIdentifier: #58, buildName: jenkins_BrowserStack-, consoleLogs: errors, debug: false, deviceName: iPhone 12, hostName: DESKTOP-SS9KUUU, local: true, localIdentifier: 30_May_1127_DESKTOP_SS9KUUU..., networkLogs: false, os: ios, osVersion: 14.0, projectName: BrowserStack Samples, source: testng:sample-master:v1.1, userName: deepakkumar_rQ89ol}, goog:chromeOptions: {args: [--remote-allow-origins=*, start-maximized, --disable-notifications], extensions: []}}]}]" type="org.openqa.selenium.SessionNotCreatedException">org.openqa.selenium.SessionNotCreatedException: 
Could not start a new session. Handshake response does not match any supported protocol 
Host info: host: 'DESKTOP-SS9KUUU', ip: '192.168.1.178'
Build info: version: '4.9.1', revision: 'eb2032df7f'
System info: os.name: 'Windows 11', os.arch: 'amd64', os.version: '10.0', java.version: '17.0.7'
Driver info: org.openqa.selenium.chrome.ChromeDriver
Command: [null, newSession {capabilities=[Capabilities {browserName: safari, browserVersion: null, bstack:options: {accessKey: twqxQydQD82kykCXeAwz, browser: safari, browserName: safari, browserVersion: null, browserstackSDK: testng-javaagent/1.5.2, buildIdentifier: #58, buildName: jenkins_BrowserStack-, consoleLogs: errors, debug: false, deviceName: iPhone 12, hostName: DESKTOP-SS9KUUU, local: true, localIdentifier: 30_May_1127_DESKTOP_SS9KUUU..., networkLogs: false, os: ios, osVersion: 14.0, projectName: BrowserStack Samples, source: testng:sample-master:v1.1, userName: deepakkumar_rQ89ol}, goog:chromeOptions: {args: [--remote-allow-origins=*, start-maximized, --disable-notifications], extensions: []}}]}]
</failure>
  </testcase>
  <testcase name="setUp" classname="com.browserstack.staticpages" time="0.944">
    <failure message="Could not start a new session. Handshake response does not match any supported protocol &#10;Host info: host: &apos;DESKTOP-SS9KUUU&apos;, ip: &apos;192.168.1.178&apos;&#10;Build info: version: &apos;4.9.1&apos;, revision: &apos;eb2032df7f&apos;&#10;System info: os.name: &apos;Windows 11&apos;, os.arch: &apos;amd64&apos;, os.version: &apos;10.0&apos;, java.version: &apos;17.0.7&apos;&#10;Driver info: org.openqa.selenium.chrome.ChromeDriver&#10;Command: [null, newSession {capabilities=[Capabilities {browserName: chrome, browserVersion: null, bstack:options: {accessKey: twqxQydQD82kykCXeAwz, browser: chrome, browserName: chrome, browserVersion: null, browserstackSDK: testng-javaagent/1.5.2, buildIdentifier: #58, buildName: jenkins_BrowserStack-, consoleLogs: errors, debug: false, deviceName: Samsung Galaxy S21, hostName: DESKTOP-SS9KUUU, local: true, localIdentifier: 30_May_1127_DESKTOP_SS9KUUU..., networkLogs: false, os: android, osVersion: 11.0, projectName: BrowserStack Samples, source: testng:sample-master:v1.1, userName: deepakkumar_rQ89ol}, goog:chromeOptions: {args: [--remote-allow-origins=*, start-maximized, --disable-notifications], extensions: []}}]}]" type="org.openqa.selenium.SessionNotCreatedException">org.openqa.selenium.SessionNotCreatedException: 
Could not start a new session. Handshake response does not match any supported protocol 
Host info: host: 'DESKTOP-SS9KUUU', ip: '192.168.1.178'
Build info: version: '4.9.1', revision: 'eb2032df7f'
System info: os.name: 'Windows 11', os.arch: 'amd64', os.version: '10.0', java.version: '17.0.7'
Driver info: org.openqa.selenium.chrome.ChromeDriver
Command: [null, newSession {capabilities=[Capabilities {browserName: chrome, browserVersion: null, bstack:options: {accessKey: twqxQydQD82kykCXeAwz, browser: chrome, browserName: chrome, browserVersion: null, browserstackSDK: testng-javaagent/1.5.2, buildIdentifier: #58, buildName: jenkins_BrowserStack-, consoleLogs: errors, debug: false, deviceName: Samsung Galaxy S21, hostName: DESKTOP-SS9KUUU, local: true, localIdentifier: 30_May_1127_DESKTOP_SS9KUUU..., networkLogs: false, os: android, osVersion: 11.0, projectName: BrowserStack Samples, source: testng:sample-master:v1.1, userName: deepakkumar_rQ89ol}, goog:chromeOptions: {args: [--remote-allow-origins=*, start-maximized, --disable-notifications], extensions: []}}]}]
</failure>
  </testcase>
  <testcase name="setUp" classname="com.browserstack.staticpages" time="2.19">
    <failure message="Could not start a new session. Handshake response does not match any supported protocol &#10;Host info: host: &apos;DESKTOP-SS9KUUU&apos;, ip: &apos;192.168.1.178&apos;&#10;Build info: version: &apos;4.9.1&apos;, revision: &apos;eb2032df7f&apos;&#10;System info: os.name: &apos;Windows 11&apos;, os.arch: &apos;amd64&apos;, os.version: &apos;10.0&apos;, java.version: &apos;17.0.7&apos;&#10;Driver info: org.openqa.selenium.chrome.ChromeDriver&#10;Command: [null, newSession {capabilities=[Capabilities {browserName: Firefox, browserVersion: latest, bstack:options: {accessKey: twqxQydQD82kykCXeAwz, browser: Firefox, browserName: Firefox, browserVersion: latest, browserstackSDK: testng-javaagent/1.5.2, buildIdentifier: #58, buildName: jenkins_BrowserStack-, consoleLogs: errors, debug: false, hostName: DESKTOP-SS9KUUU, local: true, localIdentifier: 30_May_1127_DESKTOP_SS9KUUU..., networkLogs: false, os: Windows, osVersion: 10, projectName: BrowserStack Samples, source: testng:sample-master:v1.1, userName: deepakkumar_rQ89ol}, goog:chromeOptions: {args: [--remote-allow-origins=*, start-maximized, --disable-notifications], extensions: []}}]}]" type="org.openqa.selenium.SessionNotCreatedException">org.openqa.selenium.SessionNotCreatedException: 
Could not start a new session. Handshake response does not match any supported protocol 
Host info: host: 'DESKTOP-SS9KUUU', ip: '192.168.1.178'
Build info: version: '4.9.1', revision: 'eb2032df7f'
System info: os.name: 'Windows 11', os.arch: 'amd64', os.version: '10.0', java.version: '17.0.7'
Driver info: org.openqa.selenium.chrome.ChromeDriver
Command: [null, newSession {capabilities=[Capabilities {browserName: Firefox, browserVersion: latest, bstack:options: {accessKey: twqxQydQD82kykCXeAwz, browser: Firefox, browserName: Firefox, browserVersion: latest, browserstackSDK: testng-javaagent/1.5.2, buildIdentifier: #58, buildName: jenkins_BrowserStack-, consoleLogs: errors, debug: false, hostName: DESKTOP-SS9KUUU, local: true, localIdentifier: 30_May_1127_DESKTOP_SS9KUUU..., networkLogs: false, os: Windows, osVersion: 10, projectName: BrowserStack Samples, source: testng:sample-master:v1.1, userName: deepakkumar_rQ89ol}, goog:chromeOptions: {args: [--remote-allow-origins=*, start-maximized, --disable-notifications], extensions: []}}]}]
</failure>
    <system-err><![CDATA[May 30, 2023 11:34:45 AM org.openqa.selenium.manager.SeleniumManager getDriverPath
INFO: Applicable driver not found; attempting to install with Selenium Manager (Beta)
]]></system-err>
  </testcase>
  <testcase name="setUp" classname="com.browserstack.staticpages" time="0">
    <failure message="Could not start a new session. Handshake response does not match any supported protocol &#10;Host info: host: &apos;DESKTOP-SS9KUUU&apos;, ip: &apos;192.168.1.178&apos;&#10;Build info: version: &apos;4.9.1&apos;, revision: &apos;eb2032df7f&apos;&#10;System info: os.name: &apos;Windows 11&apos;, os.arch: &apos;amd64&apos;, os.version: &apos;10.0&apos;, java.version: &apos;17.0.7&apos;&#10;Driver info: org.openqa.selenium.chrome.ChromeDriver&#10;Command: [null, newSession {capabilities=[Capabilities {browserName: Chrome, browserVersion: latest, bstack:options: {accessKey: twqxQydQD82kykCXeAwz, browser: Chrome, browserName: Chrome, browserVersion: latest, browserstackSDK: testng-javaagent/1.5.2, buildIdentifier: #58, buildName: jenkins_BrowserStack-, consoleLogs: errors, debug: false, hostName: DESKTOP-SS9KUUU, local: true, localIdentifier: 30_May_1127_DESKTOP_SS9KUUU..., networkLogs: false, os: Windows, osVersion: 10, projectName: BrowserStack Samples, source: testng:sample-master:v1.1, userName: deepakkumar_rQ89ol}, goog:chromeOptions: {args: [--remote-allow-origins=*, start-maximized, --disable-notifications], extensions: []}}]}]" type="org.openqa.selenium.SessionNotCreatedException">org.openqa.selenium.SessionNotCreatedException: 
Could not start a new session. Handshake response does not match any supported protocol 
Host info: host: 'DESKTOP-SS9KUUU', ip: '192.168.1.178'
Build info: version: '4.9.1', revision: 'eb2032df7f'
System info: os.name: 'Windows 11', os.arch: 'amd64', os.version: '10.0', java.version: '17.0.7'
Driver info: org.openqa.selenium.chrome.ChromeDriver
Command: [null, newSession {capabilities=[Capabilities {browserName: Chrome, browserVersion: latest, bstack:options: {accessKey: twqxQydQD82kykCXeAwz, browser: Chrome, browserName: Chrome, browserVersion: latest, browserstackSDK: testng-javaagent/1.5.2, buildIdentifier: #58, buildName: jenkins_BrowserStack-, consoleLogs: errors, debug: false, hostName: DESKTOP-SS9KUUU, local: true, localIdentifier: 30_May_1127_DESKTOP_SS9KUUU..., networkLogs: false, os: Windows, osVersion: 10, projectName: BrowserStack Samples, source: testng:sample-master:v1.1, userName: deepakkumar_rQ89ol}, goog:chromeOptions: {args: [--remote-allow-origins=*, start-maximized, --disable-notifications], extensions: []}}]}]
</failure>
  </testcase>
  <testcase name="setUp" classname="com.browserstack.staticpages" time="1.365">
    <failure message="Could not start a new session. Handshake response does not match any supported protocol &#10;Host info: host: &apos;DESKTOP-SS9KUUU&apos;, ip: &apos;192.168.1.178&apos;&#10;Build info: version: &apos;4.9.1&apos;, revision: &apos;eb2032df7f&apos;&#10;System info: os.name: &apos;Windows 11&apos;, os.arch: &apos;amd64&apos;, os.version: &apos;10.0&apos;, java.version: &apos;17.0.7&apos;&#10;Driver info: org.openqa.selenium.chrome.ChromeDriver&#10;Command: [null, newSession {capabilities=[Capabilities {browserName: safari, browserVersion: null, bstack:options: {accessKey: twqxQydQD82kykCXeAwz, browser: safari, browserName: safari, browserVersion: null, browserstackSDK: testng-javaagent/1.5.2, buildIdentifier: #58, buildName: jenkins_BrowserStack-, consoleLogs: errors, debug: false, deviceName: iPhone 12, hostName: DESKTOP-SS9KUUU, local: true, localIdentifier: 30_May_1127_DESKTOP_SS9KUUU..., networkLogs: false, os: ios, osVersion: 14.0, projectName: BrowserStack Samples, source: testng:sample-master:v1.1, userName: deepakkumar_rQ89ol}, goog:chromeOptions: {args: [--remote-allow-origins=*, start-maximized, --disable-notifications], extensions: []}}]}]" type="org.openqa.selenium.SessionNotCreatedException">org.openqa.selenium.SessionNotCreatedException: 
Could not start a new session. Handshake response does not match any supported protocol 
Host info: host: 'DESKTOP-SS9KUUU', ip: '192.168.1.178'
Build info: version: '4.9.1', revision: 'eb2032df7f'
System info: os.name: 'Windows 11', os.arch: 'amd64', os.version: '10.0', java.version: '17.0.7'
Driver info: org.openqa.selenium.chrome.ChromeDriver
Command: [null, newSession {capabilities=[Capabilities {browserName: safari, browserVersion: null, bstack:options: {accessKey: twqxQydQD82kykCXeAwz, browser: safari, browserName: safari, browserVersion: null, browserstackSDK: testng-javaagent/1.5.2, buildIdentifier: #58, buildName: jenkins_BrowserStack-, consoleLogs: errors, debug: false, deviceName: iPhone 12, hostName: DESKTOP-SS9KUUU, local: true, localIdentifier: 30_May_1127_DESKTOP_SS9KUUU..., networkLogs: false, os: ios, osVersion: 14.0, projectName: BrowserStack Samples, source: testng:sample-master:v1.1, userName: deepakkumar_rQ89ol}, goog:chromeOptions: {args: [--remote-allow-origins=*, start-maximized, --disable-notifications], extensions: []}}]}]
</failure>
  </testcase>
  <testcase name="setUp" classname="com.browserstack.staticpages" time="0.914">
    <failure message="Could not start a new session. Handshake response does not match any supported protocol &#10;Host info: host: &apos;DESKTOP-SS9KUUU&apos;, ip: &apos;192.168.1.178&apos;&#10;Build info: version: &apos;4.9.1&apos;, revision: &apos;eb2032df7f&apos;&#10;System info: os.name: &apos;Windows 11&apos;, os.arch: &apos;amd64&apos;, os.version: &apos;10.0&apos;, java.version: &apos;17.0.7&apos;&#10;Driver info: org.openqa.selenium.chrome.ChromeDriver&#10;Command: [null, newSession {capabilities=[Capabilities {browserName: chrome, browserVersion: null, bstack:options: {accessKey: twqxQydQD82kykCXeAwz, browser: chrome, browserName: chrome, browserVersion: null, browserstackSDK: testng-javaagent/1.5.2, buildIdentifier: #58, buildName: jenkins_BrowserStack-, consoleLogs: errors, debug: false, deviceName: Samsung Galaxy S21, hostName: DESKTOP-SS9KUUU, local: true, localIdentifier: 30_May_1127_DESKTOP_SS9KUUU..., networkLogs: false, os: android, osVersion: 11.0, projectName: BrowserStack Samples, source: testng:sample-master:v1.1, userName: deepakkumar_rQ89ol}, goog:chromeOptions: {args: [--remote-allow-origins=*, start-maximized, --disable-notifications], extensions: []}}]}]" type="org.openqa.selenium.SessionNotCreatedException">org.openqa.selenium.SessionNotCreatedException: 
Could not start a new session. Handshake response does not match any supported protocol 
Host info: host: 'DESKTOP-SS9KUUU', ip: '192.168.1.178'
Build info: version: '4.9.1', revision: 'eb2032df7f'
System info: os.name: 'Windows 11', os.arch: 'amd64', os.version: '10.0', java.version: '17.0.7'
Driver info: org.openqa.selenium.chrome.ChromeDriver
Command: [null, newSession {capabilities=[Capabilities {browserName: chrome, browserVersion: null, bstack:options: {accessKey: twqxQydQD82kykCXeAwz, browser: chrome, browserName: chrome, browserVersion: null, browserstackSDK: testng-javaagent/1.5.2, buildIdentifier: #58, buildName: jenkins_BrowserStack-, consoleLogs: errors, debug: false, deviceName: Samsung Galaxy S21, hostName: DESKTOP-SS9KUUU, local: true, localIdentifier: 30_May_1127_DESKTOP_SS9KUUU..., networkLogs: false, os: android, osVersion: 11.0, projectName: BrowserStack Samples, source: testng:sample-master:v1.1, userName: deepakkumar_rQ89ol}, goog:chromeOptions: {args: [--remote-allow-origins=*, start-maximized, --disable-notifications], extensions: []}}]}]
</failure>
  </testcase>
  <testcase name="setUp" classname="com.browserstack.staticpages" time="2.117">
    <failure message="Could not start a new session. Handshake response does not match any supported protocol &#10;Host info: host: &apos;DESKTOP-SS9KUUU&apos;, ip: &apos;192.168.1.178&apos;&#10;Build info: version: &apos;4.9.1&apos;, revision: &apos;eb2032df7f&apos;&#10;System info: os.name: &apos;Windows 11&apos;, os.arch: &apos;amd64&apos;, os.version: &apos;10.0&apos;, java.version: &apos;17.0.7&apos;&#10;Driver info: org.openqa.selenium.chrome.ChromeDriver&#10;Command: [null, newSession {capabilities=[Capabilities {browserName: Chrome, browserVersion: latest, bstack:options: {accessKey: twqxQydQD82kykCXeAwz, browser: Chrome, browserName: Chrome, browserVersion: latest, browserstackSDK: testng-javaagent/1.5.2, buildIdentifier: #58, buildName: jenkins_BrowserStack-, consoleLogs: errors, debug: false, hostName: DESKTOP-SS9KUUU, local: true, localIdentifier: 30_May_1127_DESKTOP_SS9KUUU..., networkLogs: false, os: Windows, osVersion: 10, projectName: BrowserStack Samples, source: testng:sample-master:v1.1, userName: deepakkumar_rQ89ol}, goog:chromeOptions: {args: [--remote-allow-origins=*, start-maximized, --disable-notifications], extensions: []}}]}]" type="org.openqa.selenium.SessionNotCreatedException">org.openqa.selenium.SessionNotCreatedException: 
Could not start a new session. Handshake response does not match any supported protocol 
Host info: host: 'DESKTOP-SS9KUUU', ip: '192.168.1.178'
Build info: version: '4.9.1', revision: 'eb2032df7f'
System info: os.name: 'Windows 11', os.arch: 'amd64', os.version: '10.0', java.version: '17.0.7'
Driver info: org.openqa.selenium.chrome.ChromeDriver
Command: [null, newSession {capabilities=[Capabilities {browserName: Chrome, browserVersion: latest, bstack:options: {accessKey: twqxQydQD82kykCXeAwz, browser: Chrome, browserName: Chrome, browserVersion: latest, browserstackSDK: testng-javaagent/1.5.2, buildIdentifier: #58, buildName: jenkins_BrowserStack-, consoleLogs: errors, debug: false, hostName: DESKTOP-SS9KUUU, local: true, localIdentifier: 30_May_1127_DESKTOP_SS9KUUU..., networkLogs: false, os: Windows, osVersion: 10, projectName: BrowserStack Samples, source: testng:sample-master:v1.1, userName: deepakkumar_rQ89ol}, goog:chromeOptions: {args: [--remote-allow-origins=*, start-maximized, --disable-notifications], extensions: []}}]}]
</failure>
    <system-err><![CDATA[May 30, 2023 11:34:50 AM org.openqa.selenium.manager.SeleniumManager getDriverPath
INFO: Applicable driver not found; attempting to install with Selenium Manager (Beta)
]]></system-err>
  </testcase>
  <testcase name="setUp" classname="com.browserstack.staticpages" time="0.031">
    <failure message="Could not start a new session. Handshake response does not match any supported protocol &#10;Host info: host: &apos;DESKTOP-SS9KUUU&apos;, ip: &apos;192.168.1.178&apos;&#10;Build info: version: &apos;4.9.1&apos;, revision: &apos;eb2032df7f&apos;&#10;System info: os.name: &apos;Windows 11&apos;, os.arch: &apos;amd64&apos;, os.version: &apos;10.0&apos;, java.version: &apos;17.0.7&apos;&#10;Driver info: org.openqa.selenium.chrome.ChromeDriver&#10;Command: [null, newSession {capabilities=[Capabilities {browserName: Firefox, browserVersion: latest, bstack:options: {accessKey: twqxQydQD82kykCXeAwz, browser: Firefox, browserName: Firefox, browserVersion: latest, browserstackSDK: testng-javaagent/1.5.2, buildIdentifier: #58, buildName: jenkins_BrowserStack-, consoleLogs: errors, debug: false, hostName: DESKTOP-SS9KUUU, local: true, localIdentifier: 30_May_1127_DESKTOP_SS9KUUU..., networkLogs: false, os: Windows, osVersion: 10, projectName: BrowserStack Samples, source: testng:sample-master:v1.1, userName: deepakkumar_rQ89ol}, goog:chromeOptions: {args: [--remote-allow-origins=*, start-maximized, --disable-notifications], extensions: []}}]}]" type="org.openqa.selenium.SessionNotCreatedException">org.openqa.selenium.SessionNotCreatedException: 
Could not start a new session. Handshake response does not match any supported protocol 
Host info: host: 'DESKTOP-SS9KUUU', ip: '192.168.1.178'
Build info: version: '4.9.1', revision: 'eb2032df7f'
System info: os.name: 'Windows 11', os.arch: 'amd64', os.version: '10.0', java.version: '17.0.7'
Driver info: org.openqa.selenium.chrome.ChromeDriver
Command: [null, newSession {capabilities=[Capabilities {browserName: Firefox, browserVersion: latest, bstack:options: {accessKey: twqxQydQD82kykCXeAwz, browser: Firefox, browserName: Firefox, browserVersion: latest, browserstackSDK: testng-javaagent/1.5.2, buildIdentifier: #58, buildName: jenkins_BrowserStack-, consoleLogs: errors, debug: false, hostName: DESKTOP-SS9KUUU, local: true, localIdentifier: 30_May_1127_DESKTOP_SS9KUUU..., networkLogs: false, os: Windows, osVersion: 10, projectName: BrowserStack Samples, source: testng:sample-master:v1.1, userName: deepakkumar_rQ89ol}, goog:chromeOptions: {args: [--remote-allow-origins=*, start-maximized, --disable-notifications], extensions: []}}]}]
</failure>
  </testcase>
  <testcase name="setUp" classname="com.browserstack.staticpages" time="1.287">
    <failure message="Could not start a new session. Handshake response does not match any supported protocol &#10;Host info: host: &apos;DESKTOP-SS9KUUU&apos;, ip: &apos;192.168.1.178&apos;&#10;Build info: version: &apos;4.9.1&apos;, revision: &apos;eb2032df7f&apos;&#10;System info: os.name: &apos;Windows 11&apos;, os.arch: &apos;amd64&apos;, os.version: &apos;10.0&apos;, java.version: &apos;17.0.7&apos;&#10;Driver info: org.openqa.selenium.chrome.ChromeDriver&#10;Command: [null, newSession {capabilities=[Capabilities {browserName: safari, browserVersion: null, bstack:options: {accessKey: twqxQydQD82kykCXeAwz, browser: safari, browserName: safari, browserVersion: null, browserstackSDK: testng-javaagent/1.5.2, buildIdentifier: #58, buildName: jenkins_BrowserStack-, consoleLogs: errors, debug: false, deviceName: iPhone 12, hostName: DESKTOP-SS9KUUU, local: true, localIdentifier: 30_May_1127_DESKTOP_SS9KUUU..., networkLogs: false, os: ios, osVersion: 14.0, projectName: BrowserStack Samples, source: testng:sample-master:v1.1, userName: deepakkumar_rQ89ol}, goog:chromeOptions: {args: [--remote-allow-origins=*, start-maximized, --disable-notifications], extensions: []}}]}]" type="org.openqa.selenium.SessionNotCreatedException">org.openqa.selenium.SessionNotCreatedException: 
Could not start a new session. Handshake response does not match any supported protocol 
Host info: host: 'DESKTOP-SS9KUUU', ip: '192.168.1.178'
Build info: version: '4.9.1', revision: 'eb2032df7f'
System info: os.name: 'Windows 11', os.arch: 'amd64', os.version: '10.0', java.version: '17.0.7'
Driver info: org.openqa.selenium.chrome.ChromeDriver
Command: [null, newSession {capabilities=[Capabilities {browserName: safari, browserVersion: null, bstack:options: {accessKey: twqxQydQD82kykCXeAwz, browser: safari, browserName: safari, browserVersion: null, browserstackSDK: testng-javaagent/1.5.2, buildIdentifier: #58, buildName: jenkins_BrowserStack-, consoleLogs: errors, debug: false, deviceName: iPhone 12, hostName: DESKTOP-SS9KUUU, local: true, localIdentifier: 30_May_1127_DESKTOP_SS9KUUU..., networkLogs: false, os: ios, osVersion: 14.0, projectName: BrowserStack Samples, source: testng:sample-master:v1.1, userName: deepakkumar_rQ89ol}, goog:chromeOptions: {args: [--remote-allow-origins=*, start-maximized, --disable-notifications], extensions: []}}]}]
</failure>
  </testcase>
  <testcase name="setUp" classname="com.browserstack.staticpages" time="0.989">
    <failure message="Could not start a new session. Handshake response does not match any supported protocol &#10;Host info: host: &apos;DESKTOP-SS9KUUU&apos;, ip: &apos;192.168.1.178&apos;&#10;Build info: version: &apos;4.9.1&apos;, revision: &apos;eb2032df7f&apos;&#10;System info: os.name: &apos;Windows 11&apos;, os.arch: &apos;amd64&apos;, os.version: &apos;10.0&apos;, java.version: &apos;17.0.7&apos;&#10;Driver info: org.openqa.selenium.chrome.ChromeDriver&#10;Command: [null, newSession {capabilities=[Capabilities {browserName: chrome, browserVersion: null, bstack:options: {accessKey: twqxQydQD82kykCXeAwz, browser: chrome, browserName: chrome, browserVersion: null, browserstackSDK: testng-javaagent/1.5.2, buildIdentifier: #58, buildName: jenkins_BrowserStack-, consoleLogs: errors, debug: false, deviceName: Samsung Galaxy S21, hostName: DESKTOP-SS9KUUU, local: true, localIdentifier: 30_May_1127_DESKTOP_SS9KUUU..., networkLogs: false, os: android, osVersion: 11.0, projectName: BrowserStack Samples, source: testng:sample-master:v1.1, userName: deepakkumar_rQ89ol}, goog:chromeOptions: {args: [--remote-allow-origins=*, start-maximized, --disable-notifications], extensions: []}}]}]" type="org.openqa.selenium.SessionNotCreatedException">org.openqa.selenium.SessionNotCreatedException: 
Could not start a new session. Handshake response does not match any supported protocol 
Host info: host: 'DESKTOP-SS9KUUU', ip: '192.168.1.178'
Build info: version: '4.9.1', revision: 'eb2032df7f'
System info: os.name: 'Windows 11', os.arch: 'amd64', os.version: '10.0', java.version: '17.0.7'
Driver info: org.openqa.selenium.chrome.ChromeDriver
Command: [null, newSession {capabilities=[Capabilities {browserName: chrome, browserVersion: null, bstack:options: {accessKey: twqxQydQD82kykCXeAwz, browser: chrome, browserName: chrome, browserVersion: null, browserstackSDK: testng-javaagent/1.5.2, buildIdentifier: #58, buildName: jenkins_BrowserStack-, consoleLogs: errors, debug: false, deviceName: Samsung Galaxy S21, hostName: DESKTOP-SS9KUUU, local: true, localIdentifier: 30_May_1127_DESKTOP_SS9KUUU..., networkLogs: false, os: android, osVersion: 11.0, projectName: BrowserStack Samples, source: testng:sample-master:v1.1, userName: deepakkumar_rQ89ol}, goog:chromeOptions: {args: [--remote-allow-origins=*, start-maximized, --disable-notifications], extensions: []}}]}]
</failure>
  </testcase>
  <testcase name="setUp" classname="com.browserstack.staticpages" time="2.118">
    <failure message="Could not start a new session. Handshake response does not match any supported protocol &#10;Host info: host: &apos;DESKTOP-SS9KUUU&apos;, ip: &apos;192.168.1.178&apos;&#10;Build info: version: &apos;4.9.1&apos;, revision: &apos;eb2032df7f&apos;&#10;System info: os.name: &apos;Windows 11&apos;, os.arch: &apos;amd64&apos;, os.version: &apos;10.0&apos;, java.version: &apos;17.0.7&apos;&#10;Driver info: org.openqa.selenium.chrome.ChromeDriver&#10;Command: [null, newSession {capabilities=[Capabilities {browserName: Firefox, browserVersion: latest, bstack:options: {accessKey: twqxQydQD82kykCXeAwz, browser: Firefox, browserName: Firefox, browserVersion: latest, browserstackSDK: testng-javaagent/1.5.2, buildIdentifier: #58, buildName: jenkins_BrowserStack-, consoleLogs: errors, debug: false, hostName: DESKTOP-SS9KUUU, local: true, localIdentifier: 30_May_1127_DESKTOP_SS9KUUU..., networkLogs: false, os: Windows, osVersion: 10, projectName: BrowserStack Samples, source: testng:sample-master:v1.1, userName: deepakkumar_rQ89ol}, goog:chromeOptions: {args: [--remote-allow-origins=*, start-maximized, --disable-notifications], extensions: []}}]}]" type="org.openqa.selenium.SessionNotCreatedException">org.openqa.selenium.SessionNotCreatedException: 
Could not start a new session. Handshake response does not match any supported protocol 
Host info: host: 'DESKTOP-SS9KUUU', ip: '192.168.1.178'
Build info: version: '4.9.1', revision: 'eb2032df7f'
System info: os.name: 'Windows 11', os.arch: 'amd64', os.version: '10.0', java.version: '17.0.7'
Driver info: org.openqa.selenium.chrome.ChromeDriver
Command: [null, newSession {capabilities=[Capabilities {browserName: Firefox, browserVersion: latest, bstack:options: {accessKey: twqxQydQD82kykCXeAwz, browser: Firefox, browserName: Firefox, browserVersion: latest, browserstackSDK: testng-javaagent/1.5.2, buildIdentifier: #58, buildName: jenkins_BrowserStack-, consoleLogs: errors, debug: false, hostName: DESKTOP-SS9KUUU, local: true, localIdentifier: 30_May_1127_DESKTOP_SS9KUUU..., networkLogs: false, os: Windows, osVersion: 10, projectName: BrowserStack Samples, source: testng:sample-master:v1.1, userName: deepakkumar_rQ89ol}, goog:chromeOptions: {args: [--remote-allow-origins=*, start-maximized, --disable-notifications], extensions: []}}]}]
</failure>
    <system-err><![CDATA[May 30, 2023 11:34:54 AM org.openqa.selenium.manager.SeleniumManager getDriverPath
INFO: Applicable driver not found; attempting to install with Selenium Manager (Beta)
]]></system-err>
  </testcase>
  <testcase name="setUp" classname="com.browserstack.staticpages" time="1.358">
    <failure message="Could not start a new session. Handshake response does not match any supported protocol &#10;Host info: host: &apos;DESKTOP-SS9KUUU&apos;, ip: &apos;192.168.1.178&apos;&#10;Build info: version: &apos;4.9.1&apos;, revision: &apos;eb2032df7f&apos;&#10;System info: os.name: &apos;Windows 11&apos;, os.arch: &apos;amd64&apos;, os.version: &apos;10.0&apos;, java.version: &apos;17.0.7&apos;&#10;Driver info: org.openqa.selenium.chrome.ChromeDriver&#10;Command: [null, newSession {capabilities=[Capabilities {browserName: safari, browserVersion: null, bstack:options: {accessKey: twqxQydQD82kykCXeAwz, browser: safari, browserName: safari, browserVersion: null, browserstackSDK: testng-javaagent/1.5.2, buildIdentifier: #58, buildName: jenkins_BrowserStack-, consoleLogs: errors, debug: false, deviceName: iPhone 12, hostName: DESKTOP-SS9KUUU, local: true, localIdentifier: 30_May_1127_DESKTOP_SS9KUUU..., networkLogs: false, os: ios, osVersion: 14.0, projectName: BrowserStack Samples, source: testng:sample-master:v1.1, userName: deepakkumar_rQ89ol}, goog:chromeOptions: {args: [--remote-allow-origins=*, start-maximized, --disable-notifications], extensions: []}}]}]" type="org.openqa.selenium.SessionNotCreatedException">org.openqa.selenium.SessionNotCreatedException: 
Could not start a new session. Handshake response does not match any supported protocol 
Host info: host: 'DESKTOP-SS9KUUU', ip: '192.168.1.178'
Build info: version: '4.9.1', revision: 'eb2032df7f'
System info: os.name: 'Windows 11', os.arch: 'amd64', os.version: '10.0', java.version: '17.0.7'
Driver info: org.openqa.selenium.chrome.ChromeDriver
Command: [null, newSession {capabilities=[Capabilities {browserName: safari, browserVersion: null, bstack:options: {accessKey: twqxQydQD82kykCXeAwz, browser: safari, browserName: safari, browserVersion: null, browserstackSDK: testng-javaagent/1.5.2, buildIdentifier: #58, buildName: jenkins_BrowserStack-, consoleLogs: errors, debug: false, deviceName: iPhone 12, hostName: DESKTOP-SS9KUUU, local: true, localIdentifier: 30_May_1127_DESKTOP_SS9KUUU..., networkLogs: false, os: ios, osVersion: 14.0, projectName: BrowserStack Samples, source: testng:sample-master:v1.1, userName: deepakkumar_rQ89ol}, goog:chromeOptions: {args: [--remote-allow-origins=*, start-maximized, --disable-notifications], extensions: []}}]}]
</failure>
  </testcase>
  <testcase name="setUp" classname="com.browserstack.staticpages" time="0.951">
    <failure message="Could not start a new session. Handshake response does not match any supported protocol &#10;Host info: host: &apos;DESKTOP-SS9KUUU&apos;, ip: &apos;192.168.1.178&apos;&#10;Build info: version: &apos;4.9.1&apos;, revision: &apos;eb2032df7f&apos;&#10;System info: os.name: &apos;Windows 11&apos;, os.arch: &apos;amd64&apos;, os.version: &apos;10.0&apos;, java.version: &apos;17.0.7&apos;&#10;Driver info: org.openqa.selenium.chrome.ChromeDriver&#10;Command: [null, newSession {capabilities=[Capabilities {browserName: chrome, browserVersion: null, bstack:options: {accessKey: twqxQydQD82kykCXeAwz, browser: chrome, browserName: chrome, browserVersion: null, browserstackSDK: testng-javaagent/1.5.2, buildIdentifier: #58, buildName: jenkins_BrowserStack-, consoleLogs: errors, debug: false, deviceName: Samsung Galaxy S21, hostName: DESKTOP-SS9KUUU, local: true, localIdentifier: 30_May_1127_DESKTOP_SS9KUUU..., networkLogs: false, os: android, osVersion: 11.0, projectName: BrowserStack Samples, source: testng:sample-master:v1.1, userName: deepakkumar_rQ89ol}, goog:chromeOptions: {args: [--remote-allow-origins=*, start-maximized, --disable-notifications], extensions: []}}]}]" type="org.openqa.selenium.SessionNotCreatedException">org.openqa.selenium.SessionNotCreatedException: 
Could not start a new session. Handshake response does not match any supported protocol 
Host info: host: 'DESKTOP-SS9KUUU', ip: '192.168.1.178'
Build info: version: '4.9.1', revision: 'eb2032df7f'
System info: os.name: 'Windows 11', os.arch: 'amd64', os.version: '10.0', java.version: '17.0.7'
Driver info: org.openqa.selenium.chrome.ChromeDriver
Command: [null, newSession {capabilities=[Capabilities {browserName: chrome, browserVersion: null, bstack:options: {accessKey: twqxQydQD82kykCXeAwz, browser: chrome, browserName: chrome, browserVersion: null, browserstackSDK: testng-javaagent/1.5.2, buildIdentifier: #58, buildName: jenkins_BrowserStack-, consoleLogs: errors, debug: false, deviceName: Samsung Galaxy S21, hostName: DESKTOP-SS9KUUU, local: true, localIdentifier: 30_May_1127_DESKTOP_SS9KUUU..., networkLogs: false, os: android, osVersion: 11.0, projectName: BrowserStack Samples, source: testng:sample-master:v1.1, userName: deepakkumar_rQ89ol}, goog:chromeOptions: {args: [--remote-allow-origins=*, start-maximized, --disable-notifications], extensions: []}}]}]
</failure>
  </testcase>
  <testcase name="setUp" classname="com.browserstack.staticpages" time="2.105">
    <failure message="Could not start a new session. Handshake response does not match any supported protocol &#10;Host info: host: &apos;DESKTOP-SS9KUUU&apos;, ip: &apos;192.168.1.178&apos;&#10;Build info: version: &apos;4.9.1&apos;, revision: &apos;eb2032df7f&apos;&#10;System info: os.name: &apos;Windows 11&apos;, os.arch: &apos;amd64&apos;, os.version: &apos;10.0&apos;, java.version: &apos;17.0.7&apos;&#10;Driver info: org.openqa.selenium.chrome.ChromeDriver&#10;Command: [null, newSession {capabilities=[Capabilities {browserName: Firefox, browserVersion: latest, bstack:options: {accessKey: twqxQydQD82kykCXeAwz, browser: Firefox, browserName: Firefox, browserVersion: latest, browserstackSDK: testng-javaagent/1.5.2, buildIdentifier: #58, buildName: jenkins_BrowserStack-, consoleLogs: errors, debug: false, hostName: DESKTOP-SS9KUUU, local: true, localIdentifier: 30_May_1127_DESKTOP_SS9KUUU..., networkLogs: false, os: Windows, osVersion: 10, projectName: BrowserStack Samples, source: testng:sample-master:v1.1, userName: deepakkumar_rQ89ol}, goog:chromeOptions: {args: [--remote-allow-origins=*, start-maximized, --disable-notifications], extensions: []}}]}]" type="org.openqa.selenium.SessionNotCreatedException">org.openqa.selenium.SessionNotCreatedException: 
Could not start a new session. Handshake response does not match any supported protocol 
Host info: host: 'DESKTOP-SS9KUUU', ip: '192.168.1.178'
Build info: version: '4.9.1', revision: 'eb2032df7f'
System info: os.name: 'Windows 11', os.arch: 'amd64', os.version: '10.0', java.version: '17.0.7'
Driver info: org.openqa.selenium.chrome.ChromeDriver
Command: [null, newSession {capabilities=[Capabilities {browserName: Firefox, browserVersion: latest, bstack:options: {accessKey: twqxQydQD82kykCXeAwz, browser: Firefox, browserName: Firefox, browserVersion: latest, browserstackSDK: testng-javaagent/1.5.2, buildIdentifier: #58, buildName: jenkins_BrowserStack-, consoleLogs: errors, debug: false, hostName: DESKTOP-SS9KUUU, local: true, localIdentifier: 30_May_1127_DESKTOP_SS9KUUU..., networkLogs: false, os: Windows, osVersion: 10, projectName: BrowserStack Samples, source: testng:sample-master:v1.1, userName: deepakkumar_rQ89ol}, goog:chromeOptions: {args: [--remote-allow-origins=*, start-maximized, --disable-notifications], extensions: []}}]}]
</failure>
    <system-err><![CDATA[May 30, 2023 11:34:58 AM org.openqa.selenium.manager.SeleniumManager getDriverPath
INFO: Applicable driver not found; attempting to install with Selenium Manager (Beta)
]]></system-err>
  </testcase>
  <testcase name="setUp" classname="com.browserstack.staticpages" time="1.316">
    <failure message="Could not start a new session. Handshake response does not match any supported protocol &#10;Host info: host: &apos;DESKTOP-SS9KUUU&apos;, ip: &apos;192.168.1.178&apos;&#10;Build info: version: &apos;4.9.1&apos;, revision: &apos;eb2032df7f&apos;&#10;System info: os.name: &apos;Windows 11&apos;, os.arch: &apos;amd64&apos;, os.version: &apos;10.0&apos;, java.version: &apos;17.0.7&apos;&#10;Driver info: org.openqa.selenium.chrome.ChromeDriver&#10;Command: [null, newSession {capabilities=[Capabilities {browserName: safari, browserVersion: null, bstack:options: {accessKey: twqxQydQD82kykCXeAwz, browser: safari, browserName: safari, browserVersion: null, browserstackSDK: testng-javaagent/1.5.2, buildIdentifier: #58, buildName: jenkins_BrowserStack-, consoleLogs: errors, debug: false, deviceName: iPhone 12, hostName: DESKTOP-SS9KUUU, local: true, localIdentifier: 30_May_1127_DESKTOP_SS9KUUU..., networkLogs: false, os: ios, osVersion: 14.0, projectName: BrowserStack Samples, source: testng:sample-master:v1.1, userName: deepakkumar_rQ89ol}, goog:chromeOptions: {args: [--remote-allow-origins=*, start-maximized, --disable-notifications], extensions: []}}]}]" type="org.openqa.selenium.SessionNotCreatedException">org.openqa.selenium.SessionNotCreatedException: 
Could not start a new session. Handshake response does not match any supported protocol 
Host info: host: 'DESKTOP-SS9KUUU', ip: '192.168.1.178'
Build info: version: '4.9.1', revision: 'eb2032df7f'
System info: os.name: 'Windows 11', os.arch: 'amd64', os.version: '10.0', java.version: '17.0.7'
Driver info: org.openqa.selenium.chrome.ChromeDriver
Command: [null, newSession {capabilities=[Capabilities {browserName: safari, browserVersion: null, bstack:options: {accessKey: twqxQydQD82kykCXeAwz, browser: safari, browserName: safari, browserVersion: null, browserstackSDK: testng-javaagent/1.5.2, buildIdentifier: #58, buildName: jenkins_BrowserStack-, consoleLogs: errors, debug: false, deviceName: iPhone 12, hostName: DESKTOP-SS9KUUU, local: true, localIdentifier: 30_May_1127_DESKTOP_SS9KUUU..., networkLogs: false, os: ios, osVersion: 14.0, projectName: BrowserStack Samples, source: testng:sample-master:v1.1, userName: deepakkumar_rQ89ol}, goog:chromeOptions: {args: [--remote-allow-origins=*, start-maximized, --disable-notifications], extensions: []}}]}]
</failure>
  </testcase>
  <testcase name="setUp" classname="com.browserstack.staticpages" time="3.412">
    <failure message="Could not start a new session. Handshake response does not match any supported protocol &#10;Host info: host: &apos;DESKTOP-SS9KUUU&apos;, ip: &apos;192.168.1.178&apos;&#10;Build info: version: &apos;4.9.1&apos;, revision: &apos;eb2032df7f&apos;&#10;System info: os.name: &apos;Windows 11&apos;, os.arch: &apos;amd64&apos;, os.version: &apos;10.0&apos;, java.version: &apos;17.0.7&apos;&#10;Driver info: org.openqa.selenium.chrome.ChromeDriver&#10;Command: [null, newSession {capabilities=[Capabilities {browserName: Firefox, browserVersion: latest, bstack:options: {accessKey: twqxQydQD82kykCXeAwz, browser: Firefox, browserName: Firefox, browserVersion: latest, browserstackSDK: testng-javaagent/1.5.2, buildIdentifier: #58, buildName: jenkins_BrowserStack-, consoleLogs: errors, debug: false, hostName: DESKTOP-SS9KUUU, local: true, localIdentifier: 30_May_1127_DESKTOP_SS9KUUU..., networkLogs: false, os: Windows, osVersion: 10, projectName: BrowserStack Samples, source: testng:sample-master:v1.1, userName: deepakkumar_rQ89ol}, goog:chromeOptions: {args: [--remote-allow-origins=*, start-maximized, --disable-notifications], extensions: []}}]}]" type="org.openqa.selenium.SessionNotCreatedException">org.openqa.selenium.SessionNotCreatedException: 
Could not start a new session. Handshake response does not match any supported protocol 
Host info: host: 'DESKTOP-SS9KUUU', ip: '192.168.1.178'
Build info: version: '4.9.1', revision: 'eb2032df7f'
System info: os.name: 'Windows 11', os.arch: 'amd64', os.version: '10.0', java.version: '17.0.7'
Driver info: org.openqa.selenium.chrome.ChromeDriver
Command: [null, newSession {capabilities=[Capabilities {browserName: Firefox, browserVersion: latest, bstack:options: {accessKey: twqxQydQD82kykCXeAwz, browser: Firefox, browserName: Firefox, browserVersion: latest, browserstackSDK: testng-javaagent/1.5.2, buildIdentifier: #58, buildName: jenkins_BrowserStack-, consoleLogs: errors, debug: false, hostName: DESKTOP-SS9KUUU, local: true, localIdentifier: 30_May_1127_DESKTOP_SS9KUUU..., networkLogs: false, os: Windows, osVersion: 10, projectName: BrowserStack Samples, source: testng:sample-master:v1.1, userName: deepakkumar_rQ89ol}, goog:chromeOptions: {args: [--remote-allow-origins=*, start-maximized, --disable-notifications], extensions: []}}]}]
</failure>
    <system-err><![CDATA[May 30, 2023 11:35:02 AM org.openqa.selenium.manager.SeleniumManager getDriverPath
INFO: Applicable driver not found; attempting to install with Selenium Manager (Beta)
May 30, 2023 11:35:03 AM org.openqa.selenium.manager.SeleniumManager getDriverPath
INFO: Applicable driver not found; attempting to install with Selenium Manager (Beta)
]]></system-err>
  </testcase>
  <testcase name="setUp" classname="com.browserstack.staticpages" time="1.416">
    <failure message="Could not start a new session. Handshake response does not match any supported protocol &#10;Host info: host: &apos;DESKTOP-SS9KUUU&apos;, ip: &apos;192.168.1.178&apos;&#10;Build info: version: &apos;4.9.1&apos;, revision: &apos;eb2032df7f&apos;&#10;System info: os.name: &apos;Windows 11&apos;, os.arch: &apos;amd64&apos;, os.version: &apos;10.0&apos;, java.version: &apos;17.0.7&apos;&#10;Driver info: org.openqa.selenium.chrome.ChromeDriver&#10;Command: [null, newSession {capabilities=[Capabilities {browserName: safari, browserVersion: null, bstack:options: {accessKey: twqxQydQD82kykCXeAwz, browser: safari, browserName: safari, browserVersion: null, browserstackSDK: testng-javaagent/1.5.2, buildIdentifier: #58, buildName: jenkins_BrowserStack-, consoleLogs: errors, debug: false, deviceName: iPhone 12, hostName: DESKTOP-SS9KUUU, local: true, localIdentifier: 30_May_1127_DESKTOP_SS9KUUU..., networkLogs: false, os: ios, osVersion: 14.0, projectName: BrowserStack Samples, source: testng:sample-master:v1.1, userName: deepakkumar_rQ89ol}, goog:chromeOptions: {args: [--remote-allow-origins=*, start-maximized, --disable-notifications], extensions: []}}]}]" type="org.openqa.selenium.SessionNotCreatedException">org.openqa.selenium.SessionNotCreatedException: 
Could not start a new session. Handshake response does not match any supported protocol 
Host info: host: 'DESKTOP-SS9KUUU', ip: '192.168.1.178'
Build info: version: '4.9.1', revision: 'eb2032df7f'
System info: os.name: 'Windows 11', os.arch: 'amd64', os.version: '10.0', java.version: '17.0.7'
Driver info: org.openqa.selenium.chrome.ChromeDriver
Command: [null, newSession {capabilities=[Capabilities {browserName: safari, browserVersion: null, bstack:options: {accessKey: twqxQydQD82kykCXeAwz, browser: safari, browserName: safari, browserVersion: null, browserstackSDK: testng-javaagent/1.5.2, buildIdentifier: #58, buildName: jenkins_BrowserStack-, consoleLogs: errors, debug: false, deviceName: iPhone 12, hostName: DESKTOP-SS9KUUU, local: true, localIdentifier: 30_May_1127_DESKTOP_SS9KUUU..., networkLogs: false, os: ios, osVersion: 14.0, projectName: BrowserStack Samples, source: testng:sample-master:v1.1, userName: deepakkumar_rQ89ol}, goog:chromeOptions: {args: [--remote-allow-origins=*, start-maximized, --disable-notifications], extensions: []}}]}]
</failure>
  </testcase>
  <testcase name="setUp" classname="com.browserstack.staticpages" time="3.549">
    <failure message="Could not start a new session. Handshake response does not match any supported protocol &#10;Host info: host: &apos;DESKTOP-SS9KUUU&apos;, ip: &apos;192.168.1.178&apos;&#10;Build info: version: &apos;4.9.1&apos;, revision: &apos;eb2032df7f&apos;&#10;System info: os.name: &apos;Windows 11&apos;, os.arch: &apos;amd64&apos;, os.version: &apos;10.0&apos;, java.version: &apos;17.0.7&apos;&#10;Driver info: org.openqa.selenium.chrome.ChromeDriver&#10;Command: [null, newSession {capabilities=[Capabilities {browserName: Firefox, browserVersion: latest, bstack:options: {accessKey: twqxQydQD82kykCXeAwz, browser: Firefox, browserName: Firefox, browserVersion: latest, browserstackSDK: testng-javaagent/1.5.2, buildIdentifier: #58, buildName: jenkins_BrowserStack-, consoleLogs: errors, debug: false, hostName: DESKTOP-SS9KUUU, local: true, localIdentifier: 30_May_1127_DESKTOP_SS9KUUU..., networkLogs: false, os: Windows, osVersion: 10, projectName: BrowserStack Samples, source: testng:sample-master:v1.1, userName: deepakkumar_rQ89ol}, goog:chromeOptions: {args: [--remote-allow-origins=*, start-maximized, --disable-notifications], extensions: []}}]}]" type="org.openqa.selenium.SessionNotCreatedException">org.openqa.selenium.SessionNotCreatedException: 
Could not start a new session. Handshake response does not match any supported protocol 
Host info: host: 'DESKTOP-SS9KUUU', ip: '192.168.1.178'
Build info: version: '4.9.1', revision: 'eb2032df7f'
System info: os.name: 'Windows 11', os.arch: 'amd64', os.version: '10.0', java.version: '17.0.7'
Driver info: org.openqa.selenium.chrome.ChromeDriver
Command: [null, newSession {capabilities=[Capabilities {browserName: Firefox, browserVersion: latest, bstack:options: {accessKey: twqxQydQD82kykCXeAwz, browser: Firefox, browserName: Firefox, browserVersion: latest, browserstackSDK: testng-javaagent/1.5.2, buildIdentifier: #58, buildName: jenkins_BrowserStack-, consoleLogs: errors, debug: false, hostName: DESKTOP-SS9KUUU, local: true, localIdentifier: 30_May_1127_DESKTOP_SS9KUUU..., networkLogs: false, os: Windows, osVersion: 10, projectName: BrowserStack Samples, source: testng:sample-master:v1.1, userName: deepakkumar_rQ89ol}, goog:chromeOptions: {args: [--remote-allow-origins=*, start-maximized, --disable-notifications], extensions: []}}]}]
</failure>
    <system-err><![CDATA[May 30, 2023 11:35:07 AM org.openqa.selenium.manager.SeleniumManager getDriverPath
INFO: Applicable driver not found; attempting to install with Selenium Manager (Beta)
May 30, 2023 11:35:08 AM org.openqa.selenium.manager.SeleniumManager getDriverPath
INFO: Applicable driver not found; attempting to install with Selenium Manager (Beta)
]]></system-err>
  </testcase>
  <testcase name="setUp" classname="com.browserstack.staticpages" time="1.325">
    <failure message="Could not start a new session. Handshake response does not match any supported protocol &#10;Host info: host: &apos;DESKTOP-SS9KUUU&apos;, ip: &apos;192.168.1.178&apos;&#10;Build info: version: &apos;4.9.1&apos;, revision: &apos;eb2032df7f&apos;&#10;System info: os.name: &apos;Windows 11&apos;, os.arch: &apos;amd64&apos;, os.version: &apos;10.0&apos;, java.version: &apos;17.0.7&apos;&#10;Driver info: org.openqa.selenium.chrome.ChromeDriver&#10;Command: [null, newSession {capabilities=[Capabilities {browserName: safari, browserVersion: null, bstack:options: {accessKey: twqxQydQD82kykCXeAwz, browser: safari, browserName: safari, browserVersion: null, browserstackSDK: testng-javaagent/1.5.2, buildIdentifier: #58, buildName: jenkins_BrowserStack-, consoleLogs: errors, debug: false, deviceName: iPhone 12, hostName: DESKTOP-SS9KUUU, local: true, localIdentifier: 30_May_1127_DESKTOP_SS9KUUU..., networkLogs: false, os: ios, osVersion: 14.0, projectName: BrowserStack Samples, source: testng:sample-master:v1.1, userName: deepakkumar_rQ89ol}, goog:chromeOptions: {args: [--remote-allow-origins=*, start-maximized, --disable-notifications], extensions: []}}]}]" type="org.openqa.selenium.SessionNotCreatedException">org.openqa.selenium.SessionNotCreatedException: 
Could not start a new session. Handshake response does not match any supported protocol 
Host info: host: 'DESKTOP-SS9KUUU', ip: '192.168.1.178'
Build info: version: '4.9.1', revision: 'eb2032df7f'
System info: os.name: 'Windows 11', os.arch: 'amd64', os.version: '10.0', java.version: '17.0.7'
Driver info: org.openqa.selenium.chrome.ChromeDriver
Command: [null, newSession {capabilities=[Capabilities {browserName: safari, browserVersion: null, bstack:options: {accessKey: twqxQydQD82kykCXeAwz, browser: safari, browserName: safari, browserVersion: null, browserstackSDK: testng-javaagent/1.5.2, buildIdentifier: #58, buildName: jenkins_BrowserStack-, consoleLogs: errors, debug: false, deviceName: iPhone 12, hostName: DESKTOP-SS9KUUU, local: true, localIdentifier: 30_May_1127_DESKTOP_SS9KUUU..., networkLogs: false, os: ios, osVersion: 14.0, projectName: BrowserStack Samples, source: testng:sample-master:v1.1, userName: deepakkumar_rQ89ol}, goog:chromeOptions: {args: [--remote-allow-origins=*, start-maximized, --disable-notifications], extensions: []}}]}]
</failure>
  </testcase>
  <testcase name="setUp" classname="com.browserstack.staticpages" time="3.594">
    <failure message="Could not start a new session. Handshake response does not match any supported protocol &#10;Host info: host: &apos;DESKTOP-SS9KUUU&apos;, ip: &apos;192.168.1.178&apos;&#10;Build info: version: &apos;4.9.1&apos;, revision: &apos;eb2032df7f&apos;&#10;System info: os.name: &apos;Windows 11&apos;, os.arch: &apos;amd64&apos;, os.version: &apos;10.0&apos;, java.version: &apos;17.0.7&apos;&#10;Driver info: org.openqa.selenium.chrome.ChromeDriver&#10;Command: [null, newSession {capabilities=[Capabilities {browserName: Firefox, browserVersion: latest, bstack:options: {accessKey: twqxQydQD82kykCXeAwz, browser: Firefox, browserName: Firefox, browserVersion: latest, browserstackSDK: testng-javaagent/1.5.2, buildIdentifier: #58, buildName: jenkins_BrowserStack-, consoleLogs: errors, debug: false, hostName: DESKTOP-SS9KUUU, local: true, localIdentifier: 30_May_1127_DESKTOP_SS9KUUU..., networkLogs: false, os: Windows, osVersion: 10, projectName: BrowserStack Samples, source: testng:sample-master:v1.1, userName: deepakkumar_rQ89ol}, goog:chromeOptions: {args: [--remote-allow-origins=*, start-maximized, --disable-notifications], extensions: []}}]}]" type="org.openqa.selenium.SessionNotCreatedException">org.openqa.selenium.SessionNotCreatedException: 
Could not start a new session. Handshake response does not match any supported protocol 
Host info: host: 'DESKTOP-SS9KUUU', ip: '192.168.1.178'
Build info: version: '4.9.1', revision: 'eb2032df7f'
System info: os.name: 'Windows 11', os.arch: 'amd64', os.version: '10.0', java.version: '17.0.7'
Driver info: org.openqa.selenium.chrome.ChromeDriver
Command: [null, newSession {capabilities=[Capabilities {browserName: Firefox, browserVersion: latest, bstack:options: {accessKey: twqxQydQD82kykCXeAwz, browser: Firefox, browserName: Firefox, browserVersion: latest, browserstackSDK: testng-javaagent/1.5.2, buildIdentifier: #58, buildName: jenkins_BrowserStack-, consoleLogs: errors, debug: false, hostName: DESKTOP-SS9KUUU, local: true, localIdentifier: 30_May_1127_DESKTOP_SS9KUUU..., networkLogs: false, os: Windows, osVersion: 10, projectName: BrowserStack Samples, source: testng:sample-master:v1.1, userName: deepakkumar_rQ89ol}, goog:chromeOptions: {args: [--remote-allow-origins=*, start-maximized, --disable-notifications], extensions: []}}]}]
</failure>
    <system-err><![CDATA[May 30, 2023 11:35:12 AM org.openqa.selenium.manager.SeleniumManager getDriverPath
INFO: Applicable driver not found; attempting to install with Selenium Manager (Beta)
May 30, 2023 11:35:13 AM org.openqa.selenium.manager.SeleniumManager getDriverPath
INFO: Applicable driver not found; attempting to install with Selenium Manager (Beta)
]]></system-err>
  </testcase>
  <testcase name="setUp" classname="com.browserstack.staticpages" time="1.34">
    <failure message="Could not start a new session. Handshake response does not match any supported protocol &#10;Host info: host: &apos;DESKTOP-SS9KUUU&apos;, ip: &apos;192.168.1.178&apos;&#10;Build info: version: &apos;4.9.1&apos;, revision: &apos;eb2032df7f&apos;&#10;System info: os.name: &apos;Windows 11&apos;, os.arch: &apos;amd64&apos;, os.version: &apos;10.0&apos;, java.version: &apos;17.0.7&apos;&#10;Driver info: org.openqa.selenium.chrome.ChromeDriver&#10;Command: [null, newSession {capabilities=[Capabilities {browserName: safari, browserVersion: null, bstack:options: {accessKey: twqxQydQD82kykCXeAwz, browser: safari, browserName: safari, browserVersion: null, browserstackSDK: testng-javaagent/1.5.2, buildIdentifier: #58, buildName: jenkins_BrowserStack-, consoleLogs: errors, debug: false, deviceName: iPhone 12, hostName: DESKTOP-SS9KUUU, local: true, localIdentifier: 30_May_1127_DESKTOP_SS9KUUU..., networkLogs: false, os: ios, osVersion: 14.0, projectName: BrowserStack Samples, source: testng:sample-master:v1.1, userName: deepakkumar_rQ89ol}, goog:chromeOptions: {args: [--remote-allow-origins=*, start-maximized, --disable-notifications], extensions: []}}]}]" type="org.openqa.selenium.SessionNotCreatedException">org.openqa.selenium.SessionNotCreatedException: 
Could not start a new session. Handshake response does not match any supported protocol 
Host info: host: 'DESKTOP-SS9KUUU', ip: '192.168.1.178'
Build info: version: '4.9.1', revision: 'eb2032df7f'
System info: os.name: 'Windows 11', os.arch: 'amd64', os.version: '10.0', java.version: '17.0.7'
Driver info: org.openqa.selenium.chrome.ChromeDriver
Command: [null, newSession {capabilities=[Capabilities {browserName: safari, browserVersion: null, bstack:options: {accessKey: twqxQydQD82kykCXeAwz, browser: safari, browserName: safari, browserVersion: null, browserstackSDK: testng-javaagent/1.5.2, buildIdentifier: #58, buildName: jenkins_BrowserStack-, consoleLogs: errors, debug: false, deviceName: iPhone 12, hostName: DESKTOP-SS9KUUU, local: true, localIdentifier: 30_May_1127_DESKTOP_SS9KUUU..., networkLogs: false, os: ios, osVersion: 14.0, projectName: BrowserStack Samples, source: testng:sample-master:v1.1, userName: deepakkumar_rQ89ol}, goog:chromeOptions: {args: [--remote-allow-origins=*, start-maximized, --disable-notifications], extensions: []}}]}]
</failure>
  </testcase>
  <testcase name="setUp" classname="com.browserstack.staticpages" time="2.929">
    <failure message="Could not start a new session. Possible causes are invalid address of the remote server or browser start-up failure. &#10;Host info: host: &apos;DESKTOP-SS9KUUU&apos;, ip: &apos;192.168.1.178&apos;" type="org.openqa.selenium.SessionNotCreatedException">org.openqa.selenium.SessionNotCreatedException: 
Could not start a new session. Possible causes are invalid address of the remote server or browser start-up failure. 
Host info: host: 'DESKTOP-SS9KUUU', ip: '192.168.1.178'
Caused by: org.openqa.selenium.WebDriverException: 
Automate testing time expired.
Build info: version: '4.9.1', revision: 'eb2032df7f'
System info: os.name: 'Windows 11', os.arch: 'amd64', os.version: '10.0', java.version: '17.0.7'
Driver info: driver.version: ChromeDriver
remote stacktrace: 
</failure>
    <system-err><![CDATA[May 30, 2023 11:35:17 AM org.openqa.selenium.manager.SeleniumManager getDriverPath
INFO: Applicable driver not found; attempting to install with Selenium Manager (Beta)
]]></system-err>
  </testcase>
  <testcase name="setUp" classname="com.browserstack.staticpages" time="4.849">
    <failure message="Could not start a new session. Handshake response does not match any supported protocol &#10;Host info: host: &apos;DESKTOP-SS9KUUU&apos;, ip: &apos;192.168.1.178&apos;&#10;Build info: version: &apos;4.9.1&apos;, revision: &apos;eb2032df7f&apos;&#10;System info: os.name: &apos;Windows 11&apos;, os.arch: &apos;amd64&apos;, os.version: &apos;10.0&apos;, java.version: &apos;17.0.7&apos;&#10;Driver info: org.openqa.selenium.chrome.ChromeDriver&#10;Command: [null, newSession {capabilities=[Capabilities {browserName: Firefox, browserVersion: latest, bstack:options: {accessKey: twqxQydQD82kykCXeAwz, browser: Firefox, browserName: Firefox, browserVersion: latest, browserstackSDK: testng-javaagent/1.5.2, buildIdentifier: #58, buildName: jenkins_BrowserStack-, consoleLogs: errors, debug: false, hostName: DESKTOP-SS9KUUU, local: true, localIdentifier: 30_May_1127_DESKTOP_SS9KUUU..., networkLogs: false, os: Windows, osVersion: 10, projectName: BrowserStack Samples, source: testng:sample-master:v1.1, userName: deepakkumar_rQ89ol}, goog:chromeOptions: {args: [--remote-allow-origins=*, start-maximized, --disable-notifications], extensions: []}}]}]" type="org.openqa.selenium.SessionNotCreatedException">org.openqa.selenium.SessionNotCreatedException: 
Could not start a new session. Handshake response does not match any supported protocol 
Host info: host: 'DESKTOP-SS9KUUU', ip: '192.168.1.178'
Build info: version: '4.9.1', revision: 'eb2032df7f'
System info: os.name: 'Windows 11', os.arch: 'amd64', os.version: '10.0', java.version: '17.0.7'
Driver info: org.openqa.selenium.chrome.ChromeDriver
Command: [null, newSession {capabilities=[Capabilities {browserName: Firefox, browserVersion: latest, bstack:options: {accessKey: twqxQydQD82kykCXeAwz, browser: Firefox, browserName: Firefox, browserVersion: latest, browserstackSDK: testng-javaagent/1.5.2, buildIdentifier: #58, buildName: jenkins_BrowserStack-, consoleLogs: errors, debug: false, hostName: DESKTOP-SS9KUUU, local: true, localIdentifier: 30_May_1127_DESKTOP_SS9KUUU..., networkLogs: false, os: Windows, osVersion: 10, projectName: BrowserStack Samples, source: testng:sample-master:v1.1, userName: deepakkumar_rQ89ol}, goog:chromeOptions: {args: [--remote-allow-origins=*, start-maximized, --disable-notifications], extensions: []}}]}]
</failure>
    <system-err><![CDATA[May 30, 2023 11:35:21 AM org.openqa.selenium.manager.SeleniumManager getDriverPath
INFO: Applicable driver not found; attempting to install with Selenium Manager (Beta)
]]></system-err>
  </testcase>
  <testcase name="setUp" classname="com.browserstack.staticpages" time="4.901">
    <failure message="Could not start a new session. Handshake response does not match any supported protocol &#10;Host info: host: &apos;DESKTOP-SS9KUUU&apos;, ip: &apos;192.168.1.178&apos;&#10;Build info: version: &apos;4.9.1&apos;, revision: &apos;eb2032df7f&apos;&#10;System info: os.name: &apos;Windows 11&apos;, os.arch: &apos;amd64&apos;, os.version: &apos;10.0&apos;, java.version: &apos;17.0.7&apos;&#10;Driver info: org.openqa.selenium.chrome.ChromeDriver&#10;Command: [null, newSession {capabilities=[Capabilities {browserName: Firefox, browserVersion: latest, bstack:options: {accessKey: twqxQydQD82kykCXeAwz, browser: Firefox, browserName: Firefox, browserVersion: latest, browserstackSDK: testng-javaagent/1.5.2, buildIdentifier: #58, buildName: jenkins_BrowserStack-, consoleLogs: errors, debug: false, hostName: DESKTOP-SS9KUUU, local: true, localIdentifier: 30_May_1127_DESKTOP_SS9KUUU..., networkLogs: false, os: Windows, osVersion: 10, projectName: BrowserStack Samples, source: testng:sample-master:v1.1, userName: deepakkumar_rQ89ol}, goog:chromeOptions: {args: [--remote-allow-origins=*, start-maximized, --disable-notifications], extensions: []}}]}]" type="org.openqa.selenium.SessionNotCreatedException">org.openqa.selenium.SessionNotCreatedException: 
Could not start a new session. Handshake response does not match any supported protocol 
Host info: host: 'DESKTOP-SS9KUUU', ip: '192.168.1.178'
Build info: version: '4.9.1', revision: 'eb2032df7f'
System info: os.name: 'Windows 11', os.arch: 'amd64', os.version: '10.0', java.version: '17.0.7'
Driver info: org.openqa.selenium.chrome.ChromeDriver
Command: [null, newSession {capabilities=[Capabilities {browserName: Firefox, browserVersion: latest, bstack:options: {accessKey: twqxQydQD82kykCXeAwz, browser: Firefox, browserName: Firefox, browserVersion: latest, browserstackSDK: testng-javaagent/1.5.2, buildIdentifier: #58, buildName: jenkins_BrowserStack-, consoleLogs: errors, debug: false, hostName: DESKTOP-SS9KUUU, local: true, localIdentifier: 30_May_1127_DESKTOP_SS9KUUU..., networkLogs: false, os: Windows, osVersion: 10, projectName: BrowserStack Samples, source: testng:sample-master:v1.1, userName: deepakkumar_rQ89ol}, goog:chromeOptions: {args: [--remote-allow-origins=*, start-maximized, --disable-notifications], extensions: []}}]}]
</failure>
    <system-err><![CDATA[May 30, 2023 11:35:26 AM org.openqa.selenium.manager.SeleniumManager getDriverPath
INFO: Applicable driver not found; attempting to install with Selenium Manager (Beta)
]]></system-err>
  </testcase>
  <testcase name="setUp" classname="com.browserstack.staticpages" time="4.947">
    <failure message="Could not start a new session. Handshake response does not match any supported protocol &#10;Host info: host: &apos;DESKTOP-SS9KUUU&apos;, ip: &apos;192.168.1.178&apos;&#10;Build info: version: &apos;4.9.1&apos;, revision: &apos;eb2032df7f&apos;&#10;System info: os.name: &apos;Windows 11&apos;, os.arch: &apos;amd64&apos;, os.version: &apos;10.0&apos;, java.version: &apos;17.0.7&apos;&#10;Driver info: org.openqa.selenium.chrome.ChromeDriver&#10;Command: [null, newSession {capabilities=[Capabilities {browserName: Firefox, browserVersion: latest, bstack:options: {accessKey: twqxQydQD82kykCXeAwz, browser: Firefox, browserName: Firefox, browserVersion: latest, browserstackSDK: testng-javaagent/1.5.2, buildIdentifier: #58, buildName: jenkins_BrowserStack-, consoleLogs: errors, debug: false, hostName: DESKTOP-SS9KUUU, local: true, localIdentifier: 30_May_1127_DESKTOP_SS9KUUU..., networkLogs: false, os: Windows, osVersion: 10, projectName: BrowserStack Samples, source: testng:sample-master:v1.1, userName: deepakkumar_rQ89ol}, goog:chromeOptions: {args: [--remote-allow-origins=*, start-maximized, --disable-notifications], extensions: []}}]}]" type="org.openqa.selenium.SessionNotCreatedException">org.openqa.selenium.SessionNotCreatedException: 
Could not start a new session. Handshake response does not match any supported protocol 
Host info: host: 'DESKTOP-SS9KUUU', ip: '192.168.1.178'
Build info: version: '4.9.1', revision: 'eb2032df7f'
System info: os.name: 'Windows 11', os.arch: 'amd64', os.version: '10.0', java.version: '17.0.7'
Driver info: org.openqa.selenium.chrome.ChromeDriver
Command: [null, newSession {capabilities=[Capabilities {browserName: Firefox, browserVersion: latest, bstack:options: {accessKey: twqxQydQD82kykCXeAwz, browser: Firefox, browserName: Firefox, browserVersion: latest, browserstackSDK: testng-javaagent/1.5.2, buildIdentifier: #58, buildName: jenkins_BrowserStack-, consoleLogs: errors, debug: false, hostName: DESKTOP-SS9KUUU, local: true, localIdentifier: 30_May_1127_DESKTOP_SS9KUUU..., networkLogs: false, os: Windows, osVersion: 10, projectName: BrowserStack Samples, source: testng:sample-master:v1.1, userName: deepakkumar_rQ89ol}, goog:chromeOptions: {args: [--remote-allow-origins=*, start-maximized, --disable-notifications], extensions: []}}]}]
</failure>
    <system-err><![CDATA[May 30, 2023 11:35:31 AM org.openqa.selenium.manager.SeleniumManager getDriverPath
INFO: Applicable driver not found; attempting to install with Selenium Manager (Beta)
]]></system-err>
  </testcase>
  <testcase name="setUp" classname="com.browserstack.staticpages" time="4.923">
    <failure message="Could not start a new session. Handshake response does not match any supported protocol &#10;Host info: host: &apos;DESKTOP-SS9KUUU&apos;, ip: &apos;192.168.1.178&apos;&#10;Build info: version: &apos;4.9.1&apos;, revision: &apos;eb2032df7f&apos;&#10;System info: os.name: &apos;Windows 11&apos;, os.arch: &apos;amd64&apos;, os.version: &apos;10.0&apos;, java.version: &apos;17.0.7&apos;&#10;Driver info: org.openqa.selenium.chrome.ChromeDriver&#10;Command: [null, newSession {capabilities=[Capabilities {browserName: Firefox, browserVersion: latest, bstack:options: {accessKey: twqxQydQD82kykCXeAwz, browser: Firefox, browserName: Firefox, browserVersion: latest, browserstackSDK: testng-javaagent/1.5.2, buildIdentifier: #58, buildName: jenkins_BrowserStack-, consoleLogs: errors, debug: false, hostName: DESKTOP-SS9KUUU, local: true, localIdentifier: 30_May_1127_DESKTOP_SS9KUUU..., networkLogs: false, os: Windows, osVersion: 10, projectName: BrowserStack Samples, source: testng:sample-master:v1.1, userName: deepakkumar_rQ89ol}, goog:chromeOptions: {args: [--remote-allow-origins=*, start-maximized, --disable-notifications], extensions: []}}]}]" type="org.openqa.selenium.SessionNotCreatedException">org.openqa.selenium.SessionNotCreatedException: 
Could not start a new session. Handshake response does not match any supported protocol 
Host info: host: 'DESKTOP-SS9KUUU', ip: '192.168.1.178'
Build info: version: '4.9.1', revision: 'eb2032df7f'
System info: os.name: 'Windows 11', os.arch: 'amd64', os.version: '10.0', java.version: '17.0.7'
Driver info: org.openqa.selenium.chrome.ChromeDriver
Command: [null, newSession {capabilities=[Capabilities {browserName: Firefox, browserVersion: latest, bstack:options: {accessKey: twqxQydQD82kykCXeAwz, browser: Firefox, browserName: Firefox, browserVersion: latest, browserstackSDK: testng-javaagent/1.5.2, buildIdentifier: #58, buildName: jenkins_BrowserStack-, consoleLogs: errors, debug: false, hostName: DESKTOP-SS9KUUU, local: true, localIdentifier: 30_May_1127_DESKTOP_SS9KUUU..., networkLogs: false, os: Windows, osVersion: 10, projectName: BrowserStack Samples, source: testng:sample-master:v1.1, userName: deepakkumar_rQ89ol}, goog:chromeOptions: {args: [--remote-allow-origins=*, start-maximized, --disable-notifications], extensions: []}}]}]
</failure>
    <system-err><![CDATA[May 30, 2023 11:35:36 AM org.openqa.selenium.manager.SeleniumManager getDriverPath
INFO: Applicable driver not found; attempting to install with Selenium Manager (Beta)
]]></system-err>
  </testcase>
  <testcase name="contactus" classname="com.browserstack.staticpages" time="0.483"/>
  <testcase name="contactus" classname="com.browserstack.staticpages" time="2.167"/>
  <testcase name="contactus" classname="com.browserstack.staticpages" time="0">
    <skipped message="Could not start a new session. Handshake response does not match any supported protocol &#10;Host info: host: &apos;DESKTOP-SS9KUUU&apos;, ip: &apos;192.168.1.178&apos;&#10;Build info: version: &apos;4.9.1&apos;, revision: &apos;eb2032df7f&apos;&#10;System info: os.name: &apos;Windows 11&apos;, os.arch: &apos;amd64&apos;, os.version: &apos;10.0&apos;, java.version: &apos;17.0.7&apos;&#10;Driver info: org.openqa.selenium.chrome.ChromeDriver&#10;Command: [null, newSession {capabilities=[Capabilities {browserName: Safari, browserVersion: latest, bstack:options: {accessKey: twqxQydQD82kykCXeAwz, browser: Safari, browserName: Safari, browserVersion: latest, browserstackSDK: testng-javaagent/1.5.2, buildIdentifier: #58, buildName: jenkins_BrowserStack-, consoleLogs: errors, debug: false, hostName: DESKTOP-SS9KUUU, local: true, localIdentifier: 30_May_1127_DESKTOP_SS9KUUU..., networkLogs: false, os: OS X, osVersion: Big Sur, projectName: BrowserStack Samples, source: testng:sample-master:v1.1, userName: deepakkumar_rQ89ol}, goog:chromeOptions: {args: [--remote-allow-origins=*, start-maximized, --disable-notifications], extensions: []}}]}]"/>
    <system-err><![CDATA[May 30, 2023 11:31:55 AM org.openqa.selenium.manager.SeleniumManager getDriverPath
INFO: Applicable driver not found; attempting to install with Selenium Manager (Beta)
May 30, 2023 11:32:00 AM org.openqa.selenium.devtools.CdpVersionFinder findNearestMatch
WARNING: Unable to find CDP implementation matching 14
May 30, 2023 11:32:00 AM org.openqa.selenium.chromium.ChromiumDriver lambda$new$3
WARNING: Unable to find version of CDP to use for . You may need to include a dependency on a specific version of the CDP using something similar to `org.seleniumhq.selenium:selenium-devtools-v86:4.9.1` where the version ("v86") matches the version of the chromium-based browser you're using and the version number of the artifact is the same as Selenium's.
]]></system-err>
  </testcase>
  <testcase name="contactus" classname="com.browserstack.staticpages" time="0.141"/>
  <testcase name="contactus" classname="com.browserstack.staticpages" time="0.82"/>
  <testcase name="dashdog" classname="com.browserstack.staticpages" time="1.066"/>
  <testcase name="dashdog" classname="com.browserstack.staticpages" time="1.387"/>
  <testcase name="dashdog" classname="com.browserstack.staticpages" time="0">
    <skipped message="Could not start a new session. Handshake response does not match any supported protocol &#10;Host info: host: &apos;DESKTOP-SS9KUUU&apos;, ip: &apos;192.168.1.178&apos;&#10;Build info: version: &apos;4.9.1&apos;, revision: &apos;eb2032df7f&apos;&#10;System info: os.name: &apos;Windows 11&apos;, os.arch: &apos;amd64&apos;, os.version: &apos;10.0&apos;, java.version: &apos;17.0.7&apos;&#10;Driver info: org.openqa.selenium.chrome.ChromeDriver&#10;Command: [null, newSession {capabilities=[Capabilities {browserName: Safari, browserVersion: latest, bstack:options: {accessKey: twqxQydQD82kykCXeAwz, browser: Safari, browserName: Safari, browserVersion: latest, browserstackSDK: testng-javaagent/1.5.2, buildIdentifier: #58, buildName: jenkins_BrowserStack-, consoleLogs: errors, debug: false, hostName: DESKTOP-SS9KUUU, local: true, localIdentifier: 30_May_1127_DESKTOP_SS9KUUU..., networkLogs: false, os: OS X, osVersion: Big Sur, projectName: BrowserStack Samples, source: testng:sample-master:v1.1, userName: deepakkumar_rQ89ol}, goog:chromeOptions: {args: [--remote-allow-origins=*, start-maximized, --disable-notifications], extensions: []}}]}]"/>
    <system-err><![CDATA[May 30, 2023 11:32:05 AM org.openqa.selenium.manager.SeleniumManager getDriverPath
INFO: Applicable driver not found; attempting to install with Selenium Manager (Beta)
May 30, 2023 11:32:05 AM org.openqa.selenium.chromium.ChromiumDriver lambda$new$3
WARNING: Unable to find version of CDP to use for . You may need to include a dependency on a specific version of the CDP using something similar to `org.seleniumhq.selenium:selenium-devtools-v86:4.9.1` where the version ("v86") matches the version of the chromium-based browser you're using and the version number of the artifact is the same as Selenium's.
May 30, 2023 11:32:07 AM org.openqa.selenium.manager.SeleniumManager getDriverPath
INFO: Applicable driver not found; attempting to install with Selenium Manager (Beta)
May 30, 2023 11:32:08 AM org.openqa.selenium.devtools.CdpVersionFinder findNearestMatch
WARNING: Unable to find CDP implementation matching 14
May 30, 2023 11:32:08 AM org.openqa.selenium.chromium.ChromiumDriver lambda$new$3
WARNING: Unable to find version of CDP to use for . You may need to include a dependency on a specific version of the CDP using something similar to `org.seleniumhq.selenium:selenium-devtools-v86:4.9.1` where the version ("v86") matches the version of the chromium-based browser you're using and the version number of the artifact is the same as Selenium's.
]]></system-err>
  </testcase>
  <testcase name="dashdog" classname="com.browserstack.staticpages" time="1.241"/>
  <testcase name="dashdog" classname="com.browserstack.staticpages" time="0">
    <skipped message="Could not start a new session. Handshake response does not match any supported protocol &#10;Host info: host: &apos;DESKTOP-SS9KUUU&apos;, ip: &apos;192.168.1.178&apos;&#10;Build info: version: &apos;4.9.1&apos;, revision: &apos;eb2032df7f&apos;&#10;System info: os.name: &apos;Windows 11&apos;, os.arch: &apos;amd64&apos;, os.version: &apos;10.0&apos;, java.version: &apos;17.0.7&apos;&#10;Driver info: org.openqa.selenium.chrome.ChromeDriver&#10;Command: [null, newSession {capabilities=[Capabilities {browserName: Firefox, browserVersion: latest, bstack:options: {accessKey: twqxQydQD82kykCXeAwz, browser: Firefox, browserName: Firefox, browserVersion: latest, browserstackSDK: testng-javaagent/1.5.2, buildIdentifier: #58, buildName: jenkins_BrowserStack-, consoleLogs: errors, debug: false, hostName: DESKTOP-SS9KUUU, local: true, localIdentifier: 30_May_1127_DESKTOP_SS9KUUU..., networkLogs: false, os: Windows, osVersion: 10, projectName: BrowserStack Samples, source: testng:sample-master:v1.1, userName: deepakkumar_rQ89ol}, goog:chromeOptions: {args: [--remote-allow-origins=*, start-maximized, --disable-notifications], extensions: []}}]}]"/>
  </testcase>
  <testcase name="downloadhuftapp" classname="com.browserstack.staticpages" time="1.755"/>
  <testcase name="downloadhuftapp" classname="com.browserstack.staticpages" time="1.396"/>
  <testcase name="downloadhuftapp" classname="com.browserstack.staticpages" time="0">
    <skipped message="Could not start a new session. Handshake response does not match any supported protocol &#10;Host info: host: &apos;DESKTOP-SS9KUUU&apos;, ip: &apos;192.168.1.178&apos;&#10;Build info: version: &apos;4.9.1&apos;, revision: &apos;eb2032df7f&apos;&#10;System info: os.name: &apos;Windows 11&apos;, os.arch: &apos;amd64&apos;, os.version: &apos;10.0&apos;, java.version: &apos;17.0.7&apos;&#10;Driver info: org.openqa.selenium.chrome.ChromeDriver&#10;Command: [null, newSession {capabilities=[Capabilities {browserName: Safari, browserVersion: latest, bstack:options: {accessKey: twqxQydQD82kykCXeAwz, browser: Safari, browserName: Safari, browserVersion: latest, browserstackSDK: testng-javaagent/1.5.2, buildIdentifier: #58, buildName: jenkins_BrowserStack-, consoleLogs: errors, debug: false, hostName: DESKTOP-SS9KUUU, local: true, localIdentifier: 30_May_1127_DESKTOP_SS9KUUU..., networkLogs: false, os: OS X, osVersion: Big Sur, projectName: BrowserStack Samples, source: testng:sample-master:v1.1, userName: deepakkumar_rQ89ol}, goog:chromeOptions: {args: [--remote-allow-origins=*, start-maximized, --disable-notifications], extensions: []}}]}]"/>
  </testcase>
  <testcase name="downloadhuftapp" classname="com.browserstack.staticpages" time="1.652"/>
  <testcase name="downloadhuftapp" classname="com.browserstack.staticpages" time="0">
    <skipped message="Could not start a new session. Handshake response does not match any supported protocol &#10;Host info: host: &apos;DESKTOP-SS9KUUU&apos;, ip: &apos;192.168.1.178&apos;&#10;Build info: version: &apos;4.9.1&apos;, revision: &apos;eb2032df7f&apos;&#10;System info: os.name: &apos;Windows 11&apos;, os.arch: &apos;amd64&apos;, os.version: &apos;10.0&apos;, java.version: &apos;17.0.7&apos;&#10;Driver info: org.openqa.selenium.chrome.ChromeDriver&#10;Command: [null, newSession {capabilities=[Capabilities {browserName: Firefox, browserVersion: latest, bstack:options: {accessKey: twqxQydQD82kykCXeAwz, browser: Firefox, browserName: Firefox, browserVersion: latest, browserstackSDK: testng-javaagent/1.5.2, buildIdentifier: #58, buildName: jenkins_BrowserStack-, consoleLogs: errors, debug: false, hostName: DESKTOP-SS9KUUU, local: true, localIdentifier: 30_May_1127_DESKTOP_SS9KUUU..., networkLogs: false, os: Windows, osVersion: 10, projectName: BrowserStack Samples, source: testng:sample-master:v1.1, userName: deepakkumar_rQ89ol}, goog:chromeOptions: {args: [--remote-allow-origins=*, start-maximized, --disable-notifications], extensions: []}}]}]"/>
  </testcase>
  <testcase name="germanshepherd" classname="com.browserstack.staticpages" time="5.714"/>
  <testcase name="germanshepherd" classname="com.browserstack.staticpages" time="0">
    <skipped message="Could not start a new session. Handshake response does not match any supported protocol &#10;Host info: host: &apos;DESKTOP-SS9KUUU&apos;, ip: &apos;192.168.1.178&apos;&#10;Build info: version: &apos;4.9.1&apos;, revision: &apos;eb2032df7f&apos;&#10;System info: os.name: &apos;Windows 11&apos;, os.arch: &apos;amd64&apos;, os.version: &apos;10.0&apos;, java.version: &apos;17.0.7&apos;&#10;Driver info: org.openqa.selenium.chrome.ChromeDriver&#10;Command: [null, newSession {capabilities=[Capabilities {browserName: Safari, browserVersion: latest, bstack:options: {accessKey: twqxQydQD82kykCXeAwz, browser: Safari, browserName: Safari, browserVersion: latest, browserstackSDK: testng-javaagent/1.5.2, buildIdentifier: #58, buildName: jenkins_BrowserStack-, consoleLogs: errors, debug: false, hostName: DESKTOP-SS9KUUU, local: true, localIdentifier: 30_May_1127_DESKTOP_SS9KUUU..., networkLogs: false, os: OS X, osVersion: Big Sur, projectName: BrowserStack Samples, source: testng:sample-master:v1.1, userName: deepakkumar_rQ89ol}, goog:chromeOptions: {args: [--remote-allow-origins=*, start-maximized, --disable-notifications], extensions: []}}]}]"/>
    <system-err><![CDATA[May 30, 2023 11:32:27 AM org.openqa.selenium.manager.SeleniumManager getDriverPath
INFO: Applicable driver not found; attempting to install with Selenium Manager (Beta)
May 30, 2023 11:32:29 AM org.openqa.selenium.devtools.CdpVersionFinder findNearestMatch
WARNING: Unable to find CDP implementation matching 14
May 30, 2023 11:32:29 AM org.openqa.selenium.chromium.ChromiumDriver lambda$new$3
WARNING: Unable to find version of CDP to use for . You may need to include a dependency on a specific version of the CDP using something similar to `org.seleniumhq.selenium:selenium-devtools-v86:4.9.1` where the version ("v86") matches the version of the chromium-based browser you're using and the version number of the artifact is the same as Selenium's.
]]></system-err>
  </testcase>
  <testcase name="germanshepherd" classname="com.browserstack.staticpages" time="1.269"/>
  <testcase name="germanshepherd" classname="com.browserstack.staticpages" time="3.699"/>
  <testcase name="germanshepherd" classname="com.browserstack.staticpages" time="0">
    <skipped message="Could not start a new session. Handshake response does not match any supported protocol &#10;Host info: host: &apos;DESKTOP-SS9KUUU&apos;, ip: &apos;192.168.1.178&apos;&#10;Build info: version: &apos;4.9.1&apos;, revision: &apos;eb2032df7f&apos;&#10;System info: os.name: &apos;Windows 11&apos;, os.arch: &apos;amd64&apos;, os.version: &apos;10.0&apos;, java.version: &apos;17.0.7&apos;&#10;Driver info: org.openqa.selenium.chrome.ChromeDriver&#10;Command: [null, newSession {capabilities=[Capabilities {browserName: Firefox, browserVersion: latest, bstack:options: {accessKey: twqxQydQD82kykCXeAwz, browser: Firefox, browserName: Firefox, browserVersion: latest, browserstackSDK: testng-javaagent/1.5.2, buildIdentifier: #58, buildName: jenkins_BrowserStack-, consoleLogs: errors, debug: false, hostName: DESKTOP-SS9KUUU, local: true, localIdentifier: 30_May_1127_DESKTOP_SS9KUUU..., networkLogs: false, os: Windows, osVersion: 10, projectName: BrowserStack Samples, source: testng:sample-master:v1.1, userName: deepakkumar_rQ89ol}, goog:chromeOptions: {args: [--remote-allow-origins=*, start-maximized, --disable-notifications], extensions: []}}]}]"/>
  </testcase>
  <testcase name="goldenretriever" classname="com.browserstack.staticpages" time="0">
    <skipped message="Could not start a new session. Handshake response does not match any supported protocol &#10;Host info: host: &apos;DESKTOP-SS9KUUU&apos;, ip: &apos;192.168.1.178&apos;&#10;Build info: version: &apos;4.9.1&apos;, revision: &apos;eb2032df7f&apos;&#10;System info: os.name: &apos;Windows 11&apos;, os.arch: &apos;amd64&apos;, os.version: &apos;10.0&apos;, java.version: &apos;17.0.7&apos;&#10;Driver info: org.openqa.selenium.chrome.ChromeDriver&#10;Command: [null, newSession {capabilities=[Capabilities {browserName: Safari, browserVersion: latest, bstack:options: {accessKey: twqxQydQD82kykCXeAwz, browser: Safari, browserName: Safari, browserVersion: latest, browserstackSDK: testng-javaagent/1.5.2, buildIdentifier: #58, buildName: jenkins_BrowserStack-, consoleLogs: errors, debug: false, hostName: DESKTOP-SS9KUUU, local: true, localIdentifier: 30_May_1127_DESKTOP_SS9KUUU..., networkLogs: false, os: OS X, osVersion: Big Sur, projectName: BrowserStack Samples, source: testng:sample-master:v1.1, userName: deepakkumar_rQ89ol}, goog:chromeOptions: {args: [--remote-allow-origins=*, start-maximized, --disable-notifications], extensions: []}}]}]"/>
  </testcase>
  <testcase name="goldenretriever" classname="com.browserstack.staticpages" time="9.799"/>
  <testcase name="goldenretriever" classname="com.browserstack.staticpages" time="0.233"/>
  <testcase name="goldenretriever" classname="com.browserstack.staticpages" time="0">
    <skipped message="Could not start a new session. Handshake response does not match any supported protocol &#10;Host info: host: &apos;DESKTOP-SS9KUUU&apos;, ip: &apos;192.168.1.178&apos;&#10;Build info: version: &apos;4.9.1&apos;, revision: &apos;eb2032df7f&apos;&#10;System info: os.name: &apos;Windows 11&apos;, os.arch: &apos;amd64&apos;, os.version: &apos;10.0&apos;, java.version: &apos;17.0.7&apos;&#10;Driver info: org.openqa.selenium.chrome.ChromeDriver&#10;Command: [null, newSession {capabilities=[Capabilities {browserName: safari, browserVersion: null, bstack:options: {accessKey: twqxQydQD82kykCXeAwz, browser: safari, browserName: safari, browserVersion: null, browserstackSDK: testng-javaagent/1.5.2, buildIdentifier: #58, buildName: jenkins_BrowserStack-, consoleLogs: errors, debug: false, deviceName: iPhone 12, hostName: DESKTOP-SS9KUUU, local: true, localIdentifier: 30_May_1127_DESKTOP_SS9KUUU..., networkLogs: false, os: ios, osVersion: 14.0, projectName: BrowserStack Samples, source: testng:sample-master:v1.1, userName: deepakkumar_rQ89ol}, goog:chromeOptions: {args: [--remote-allow-origins=*, start-maximized, --disable-notifications], extensions: []}}]}]"/>
    <system-err><![CDATA[May 30, 2023 11:33:59 AM org.openqa.selenium.manager.SeleniumManager getDriverPath
INFO: Applicable driver not found; attempting to install with Selenium Manager (Beta)
]]></system-err>
  </testcase>
  <testcase name="goldenretriever" classname="com.browserstack.staticpages" time="0">
    <skipped message="Could not start a new session. Handshake response does not match any supported protocol &#10;Host info: host: &apos;DESKTOP-SS9KUUU&apos;, ip: &apos;192.168.1.178&apos;&#10;Build info: version: &apos;4.9.1&apos;, revision: &apos;eb2032df7f&apos;&#10;System info: os.name: &apos;Windows 11&apos;, os.arch: &apos;amd64&apos;, os.version: &apos;10.0&apos;, java.version: &apos;17.0.7&apos;&#10;Driver info: org.openqa.selenium.chrome.ChromeDriver&#10;Command: [null, newSession {capabilities=[Capabilities {browserName: Firefox, browserVersion: latest, bstack:options: {accessKey: twqxQydQD82kykCXeAwz, browser: Firefox, browserName: Firefox, browserVersion: latest, browserstackSDK: testng-javaagent/1.5.2, buildIdentifier: #58, buildName: jenkins_BrowserStack-, consoleLogs: errors, debug: false, hostName: DESKTOP-SS9KUUU, local: true, localIdentifier: 30_May_1127_DESKTOP_SS9KUUU..., networkLogs: false, os: Windows, osVersion: 10, projectName: BrowserStack Samples, source: testng:sample-master:v1.1, userName: deepakkumar_rQ89ol}, goog:chromeOptions: {args: [--remote-allow-origins=*, start-maximized, --disable-notifications], extensions: []}}]}]"/>
  </testcase>
  <testcase name="huftcommunity" classname="com.browserstack.staticpages" time="0">
    <skipped message="Could not start a new session. Handshake response does not match any supported protocol &#10;Host info: host: &apos;DESKTOP-SS9KUUU&apos;, ip: &apos;192.168.1.178&apos;&#10;Build info: version: &apos;4.9.1&apos;, revision: &apos;eb2032df7f&apos;&#10;System info: os.name: &apos;Windows 11&apos;, os.arch: &apos;amd64&apos;, os.version: &apos;10.0&apos;, java.version: &apos;17.0.7&apos;&#10;Driver info: org.openqa.selenium.chrome.ChromeDriver&#10;Command: [null, newSession {capabilities=[Capabilities {browserName: Safari, browserVersion: latest, bstack:options: {accessKey: twqxQydQD82kykCXeAwz, browser: Safari, browserName: Safari, browserVersion: latest, browserstackSDK: testng-javaagent/1.5.2, buildIdentifier: #58, buildName: jenkins_BrowserStack-, consoleLogs: errors, debug: false, hostName: DESKTOP-SS9KUUU, local: true, localIdentifier: 30_May_1127_DESKTOP_SS9KUUU..., networkLogs: false, os: OS X, osVersion: Big Sur, projectName: BrowserStack Samples, source: testng:sample-master:v1.1, userName: deepakkumar_rQ89ol}, goog:chromeOptions: {args: [--remote-allow-origins=*, start-maximized, --disable-notifications], extensions: []}}]}]"/>
  </testcase>
  <testcase name="huftcommunity" classname="com.browserstack.staticpages" time="1.167"/>
  <testcase name="huftcommunity" classname="com.browserstack.staticpages" time="4.583"/>
  <testcase name="huftcommunity" classname="com.browserstack.staticpages" time="0">
    <skipped message="Could not start a new session. Handshake response does not match any supported protocol &#10;Host info: host: &apos;DESKTOP-SS9KUUU&apos;, ip: &apos;192.168.1.178&apos;&#10;Build info: version: &apos;4.9.1&apos;, revision: &apos;eb2032df7f&apos;&#10;System info: os.name: &apos;Windows 11&apos;, os.arch: &apos;amd64&apos;, os.version: &apos;10.0&apos;, java.version: &apos;17.0.7&apos;&#10;Driver info: org.openqa.selenium.chrome.ChromeDriver&#10;Command: [null, newSession {capabilities=[Capabilities {browserName: safari, browserVersion: null, bstack:options: {accessKey: twqxQydQD82kykCXeAwz, browser: safari, browserName: safari, browserVersion: null, browserstackSDK: testng-javaagent/1.5.2, buildIdentifier: #58, buildName: jenkins_BrowserStack-, consoleLogs: errors, debug: false, deviceName: iPhone 12, hostName: DESKTOP-SS9KUUU, local: true, localIdentifier: 30_May_1127_DESKTOP_SS9KUUU..., networkLogs: false, os: ios, osVersion: 14.0, projectName: BrowserStack Samples, source: testng:sample-master:v1.1, userName: deepakkumar_rQ89ol}, goog:chromeOptions: {args: [--remote-allow-origins=*, start-maximized, --disable-notifications], extensions: []}}]}]"/>
    <system-err><![CDATA[May 30, 2023 11:34:03 AM org.openqa.selenium.manager.SeleniumManager getDriverPath
INFO: Applicable driver not found; attempting to install with Selenium Manager (Beta)
May 30, 2023 11:34:03 AM org.openqa.selenium.manager.SeleniumManager getDriverPath
INFO: Applicable driver not found; attempting to install with Selenium Manager (Beta)
]]></system-err>
  </testcase>
  <testcase name="huftcommunity" classname="com.browserstack.staticpages" time="0">
    <skipped message="Could not start a new session. Handshake response does not match any supported protocol &#10;Host info: host: &apos;DESKTOP-SS9KUUU&apos;, ip: &apos;192.168.1.178&apos;&#10;Build info: version: &apos;4.9.1&apos;, revision: &apos;eb2032df7f&apos;&#10;System info: os.name: &apos;Windows 11&apos;, os.arch: &apos;amd64&apos;, os.version: &apos;10.0&apos;, java.version: &apos;17.0.7&apos;&#10;Driver info: org.openqa.selenium.chrome.ChromeDriver&#10;Command: [null, newSession {capabilities=[Capabilities {browserName: Firefox, browserVersion: latest, bstack:options: {accessKey: twqxQydQD82kykCXeAwz, browser: Firefox, browserName: Firefox, browserVersion: latest, browserstackSDK: testng-javaagent/1.5.2, buildIdentifier: #58, buildName: jenkins_BrowserStack-, consoleLogs: errors, debug: false, hostName: DESKTOP-SS9KUUU, local: true, localIdentifier: 30_May_1127_DESKTOP_SS9KUUU..., networkLogs: false, os: Windows, osVersion: 10, projectName: BrowserStack Samples, source: testng:sample-master:v1.1, userName: deepakkumar_rQ89ol}, goog:chromeOptions: {args: [--remote-allow-origins=*, start-maximized, --disable-notifications], extensions: []}}]}]"/>
  </testcase>
  <testcase name="huftreward" classname="com.browserstack.staticpages" time="0">
    <skipped message="Could not start a new session. Handshake response does not match any supported protocol &#10;Host info: host: &apos;DESKTOP-SS9KUUU&apos;, ip: &apos;192.168.1.178&apos;&#10;Build info: version: &apos;4.9.1&apos;, revision: &apos;eb2032df7f&apos;&#10;System info: os.name: &apos;Windows 11&apos;, os.arch: &apos;amd64&apos;, os.version: &apos;10.0&apos;, java.version: &apos;17.0.7&apos;&#10;Driver info: org.openqa.selenium.chrome.ChromeDriver&#10;Command: [null, newSession {capabilities=[Capabilities {browserName: Safari, browserVersion: latest, bstack:options: {accessKey: twqxQydQD82kykCXeAwz, browser: Safari, browserName: Safari, browserVersion: latest, browserstackSDK: testng-javaagent/1.5.2, buildIdentifier: #58, buildName: jenkins_BrowserStack-, consoleLogs: errors, debug: false, hostName: DESKTOP-SS9KUUU, local: true, localIdentifier: 30_May_1127_DESKTOP_SS9KUUU..., networkLogs: false, os: OS X, osVersion: Big Sur, projectName: BrowserStack Samples, source: testng:sample-master:v1.1, userName: deepakkumar_rQ89ol}, goog:chromeOptions: {args: [--remote-allow-origins=*, start-maximized, --disable-notifications], extensions: []}}]}]"/>
    <system-err><![CDATA[May 30, 2023 11:32:53 AM org.openqa.selenium.manager.SeleniumManager getDriverPath
INFO: Applicable driver not found; attempting to install with Selenium Manager (Beta)
May 30, 2023 11:32:54 AM org.openqa.selenium.manager.SeleniumManager getDriverPath
INFO: Applicable driver not found; attempting to install with Selenium Manager (Beta)
May 30, 2023 11:32:54 AM org.openqa.selenium.manager.SeleniumManager getDriverPath
INFO: Applicable driver not found; attempting to install with Selenium Manager (Beta)
May 30, 2023 11:32:57 AM org.openqa.selenium.devtools.CdpVersionFinder findNearestMatch
WARNING: Unable to find CDP implementation matching 14
May 30, 2023 11:32:57 AM org.openqa.selenium.chromium.ChromiumDriver lambda$new$3
WARNING: Unable to find version of CDP to use for . You may need to include a dependency on a specific version of the CDP using something similar to `org.seleniumhq.selenium:selenium-devtools-v86:4.9.1` where the version ("v86") matches the version of the chromium-based browser you're using and the version number of the artifact is the same as Selenium's.
]]></system-err>
  </testcase>
  <testcase name="huftreward" classname="com.browserstack.staticpages" time="2.1">
    <failure message="no such element: Unable to locate element: {&quot;method&quot;:&quot;xpath&quot;,&quot;selector&quot;:&quot;//a[@href=&apos;https://headsupfortails.com/pages/huft-rewards&apos;]//p//picture//img[@loading=&apos;lazy&apos;]&quot;}&#10;  (Session info: chrome=113.0.5672.64)&#10;For documentation on this error, please visit: https://selenium.dev/exceptions/#no_such_element&#10;Build info: version: &apos;4.9.1&apos;, revision: &apos;eb2032df7f&apos;&#10;System info: os.name: &apos;Windows 11&apos;, os.arch: &apos;amd64&apos;, os.version: &apos;10.0&apos;, java.version: &apos;17.0.7&apos;&#10;Driver info: org.openqa.selenium.chrome.ChromeDriver&#10;Command: [511b88b15af71418e5706933d85a2399f2e6dd43, findElement {using=xpath, value=//a[@href=&apos;https://headsupfortails.com/pages/huft-rewards&apos;]//p//picture//img[@loading=&apos;lazy&apos;]}]&#10;Capabilities {acceptInsecureCerts: false, browserName: chrome, browserVersion: 113.0.5672.64, chrome: {chromedriverVersion: 113.0.5672.24 (65f30d4e8051..., userDataDir: C:\Windows\proxy\scoped_dir...}, goog:chromeOptions: {debuggerAddress: localhost:3116}, networkConnectionEnabled: false, pageLoadStrategy: normal, platformName: windows, proxy: Proxy(), setWindowRect: true, strictFileInteractability: false, timeouts: {implicit: 0, pageLoad: 300000, script: 30000}, unhandledPromptBehavior: dismiss and notify, webauthn:extension:credBlob: true, webauthn:extension:largeBlob: true, webauthn:extension:minPinLength: true, webauthn:extension:prf: true, webauthn:virtualAuthenticators: true, webdriver.remote.sessionid: 511b88b15af71418e5706933d85...}&#10;Session ID: 511b88b15af71418e5706933d85a2399f2e6dd43" type="org.openqa.selenium.NoSuchElementException">org.openqa.selenium.NoSuchElementException: 
no such element: Unable to locate element: {"method":"xpath","selector":"//a[@href='https://headsupfortails.com/pages/huft-rewards']//p//picture//img[@loading='lazy']"}
  (Session info: chrome=113.0.5672.64)
For documentation on this error, please visit: https://selenium.dev/exceptions/#no_such_element
Build info: version: '4.9.1', revision: 'eb2032df7f'
System info: os.name: 'Windows 11', os.arch: 'amd64', os.version: '10.0', java.version: '17.0.7'
Driver info: org.openqa.selenium.chrome.ChromeDriver
Command: [511b88b15af71418e5706933d85a2399f2e6dd43, findElement {using=xpath, value=//a[@href='https://headsupfortails.com/pages/huft-rewards']//p//picture//img[@loading='lazy']}]
Capabilities {acceptInsecureCerts: false, browserName: chrome, browserVersion: 113.0.5672.64, chrome: {chromedriverVersion: 113.0.5672.24 (65f30d4e8051..., userDataDir: C:\Windows\proxy\scoped_dir...}, goog:chromeOptions: {debuggerAddress: localhost:3116}, networkConnectionEnabled: false, pageLoadStrategy: normal, platformName: windows, proxy: Proxy(), setWindowRect: true, strictFileInteractability: false, timeouts: {implicit: 0, pageLoad: 300000, script: 30000}, unhandledPromptBehavior: dismiss and notify, webauthn:extension:credBlob: true, webauthn:extension:largeBlob: true, webauthn:extension:minPinLength: true, webauthn:extension:prf: true, webauthn:virtualAuthenticators: true, webdriver.remote.sessionid: 511b88b15af71418e5706933d85...}
Session ID: 511b88b15af71418e5706933d85a2399f2e6dd43
	at com.browserstack.staticpages.huftreward(staticpages.java:27)
</failure>
  </testcase>
  <testcase name="huftreward" classname="com.browserstack.staticpages" time="0.916">
    <failure message="no such element: Unable to locate element: {&quot;method&quot;:&quot;xpath&quot;,&quot;selector&quot;:&quot;//a[@href=&apos;https://headsupfortails.com/pages/huft-rewards&apos;]//p//picture//img[@loading=&apos;lazy&apos;]&quot;}&#10;  (Session info: chrome=111.0.5563.115)&#10;For documentation on this error, please visit: https://selenium.dev/exceptions/#no_such_element&#10;Build info: version: &apos;4.9.1&apos;, revision: &apos;eb2032df7f&apos;&#10;System info: os.name: &apos;Windows 11&apos;, os.arch: &apos;amd64&apos;, os.version: &apos;10.0&apos;, java.version: &apos;17.0.7&apos;&#10;Driver info: org.openqa.selenium.chrome.ChromeDriver&#10;Command: [85fde57cad15fa1733f7ce29614aa06776d94250, findElement {using=xpath, value=//a[@href=&apos;https://headsupfortails.com/pages/huft-rewards&apos;]//p//picture//img[@loading=&apos;lazy&apos;]}]&#10;Capabilities {appActivity: com.google.android.apps.chr..., appPackage: com.android.chrome, browserName: chrome, chromedriverPort: 18082, databaseEnabled: false, desired: {browserName: chrome, chromedriverPort: 18082, deviceName: android, goog:chromeOptions: {args: [--remote-allow-origins=*, start-maximized, --disable-notifications, --proxy-bypass-list=&lt;-loopb..., test-type, --proxy-server=http://103.2..., --disable-features=Translate]}, newCommandTimeout: 0, platformName: Android, skipServerInstallation: true, systemPort: 8202, udid: R5CRC1WXVRL}, deviceApiLevel: 30, deviceManufacturer: samsung, deviceModel: SM-G991B, deviceName: R5CRC1WXVRL, deviceScreenDensity: 480, deviceScreenSize: 1080x2400, deviceUDID: R5CRC1WXVRL, goog:chromeOptions: {args: [--remote-allow-origins=*, start-maximized, --disable-notifications, --proxy-bypass-list=&lt;-loopb..., test-type, --proxy-server=http://103.2..., --disable-features=Translate]}, javascriptEnabled: true, locationContextEnabled: false, networkConnectionEnabled: true, newCommandTimeout: 0, pixelRatio: 3, platform: LINUX, platformName: ANDROID, platformVersion: 11, skipServerInstallation: true, statBarHeight: 79, systemPort: 8202, takesScreenshot: true, udid: R5CRC1WXVRL, viewportRect: {height: 2097, left: 0, top: 79, width: 1080}, warnings: {}, webStorageEnabled: false}&#10;Session ID: 85fde57cad15fa1733f7ce29614aa06776d94250" type="org.openqa.selenium.NoSuchElementException"><![CDATA[org.openqa.selenium.NoSuchElementException: 
no such element: Unable to locate element: {"method":"xpath","selector":"//a[@href='https://headsupfortails.com/pages/huft-rewards']//p//picture//img[@loading='lazy']"}
  (Session info: chrome=111.0.5563.115)
For documentation on this error, please visit: https://selenium.dev/exceptions/#no_such_element
Build info: version: '4.9.1', revision: 'eb2032df7f'
System info: os.name: 'Windows 11', os.arch: 'amd64', os.version: '10.0', java.version: '17.0.7'
Driver info: org.openqa.selenium.chrome.ChromeDriver
Command: [85fde57cad15fa1733f7ce29614aa06776d94250, findElement {using=xpath, value=//a[@href='https://headsupfortails.com/pages/huft-rewards']//p//picture//img[@loading='lazy']}]
Capabilities {appActivity: com.google.android.apps.chr..., appPackage: com.android.chrome, browserName: chrome, chromedriverPort: 18082, databaseEnabled: false, desired: {browserName: chrome, chromedriverPort: 18082, deviceName: android, goog:chromeOptions: {args: [--remote-allow-origins=*, start-maximized, --disable-notifications, --proxy-bypass-list=<-loopb..., test-type, --proxy-server=http://103.2..., --disable-features=Translate]}, newCommandTimeout: 0, platformName: Android, skipServerInstallation: true, systemPort: 8202, udid: R5CRC1WXVRL}, deviceApiLevel: 30, deviceManufacturer: samsung, deviceModel: SM-G991B, deviceName: R5CRC1WXVRL, deviceScreenDensity: 480, deviceScreenSize: 1080x2400, deviceUDID: R5CRC1WXVRL, goog:chromeOptions: {args: [--remote-allow-origins=*, start-maximized, --disable-notifications, --proxy-bypass-list=<-loopb..., test-type, --proxy-server=http://103.2..., --disable-features=Translate]}, javascriptEnabled: true, locationContextEnabled: false, networkConnectionEnabled: true, newCommandTimeout: 0, pixelRatio: 3, platform: LINUX, platformName: ANDROID, platformVersion: 11, skipServerInstallation: true, statBarHeight: 79, systemPort: 8202, takesScreenshot: true, udid: R5CRC1WXVRL, viewportRect: {height: 2097, left: 0, top: 79, width: 1080}, warnings: {}, webStorageEnabled: false}
Session ID: 85fde57cad15fa1733f7ce29614aa06776d94250
	at com.browserstack.staticpages.huftreward(staticpages.java:27)
]]></failure>
  </testcase>
  <testcase name="huftreward" classname="com.browserstack.staticpages" time="0">
    <skipped message="Could not start a new session. Handshake response does not match any supported protocol &#10;Host info: host: &apos;DESKTOP-SS9KUUU&apos;, ip: &apos;192.168.1.178&apos;&#10;Build info: version: &apos;4.9.1&apos;, revision: &apos;eb2032df7f&apos;&#10;System info: os.name: &apos;Windows 11&apos;, os.arch: &apos;amd64&apos;, os.version: &apos;10.0&apos;, java.version: &apos;17.0.7&apos;&#10;Driver info: org.openqa.selenium.chrome.ChromeDriver&#10;Command: [null, newSession {capabilities=[Capabilities {browserName: safari, browserVersion: null, bstack:options: {accessKey: twqxQydQD82kykCXeAwz, browser: safari, browserName: safari, browserVersion: null, browserstackSDK: testng-javaagent/1.5.2, buildIdentifier: #58, buildName: jenkins_BrowserStack-, consoleLogs: errors, debug: false, deviceName: iPhone 12, hostName: DESKTOP-SS9KUUU, local: true, localIdentifier: 30_May_1127_DESKTOP_SS9KUUU..., networkLogs: false, os: ios, osVersion: 14.0, projectName: BrowserStack Samples, source: testng:sample-master:v1.1, userName: deepakkumar_rQ89ol}, goog:chromeOptions: {args: [--remote-allow-origins=*, start-maximized, --disable-notifications], extensions: []}}]}]"/>
    <system-err><![CDATA[May 30, 2023 11:34:08 AM org.openqa.selenium.manager.SeleniumManager getDriverPath
INFO: Applicable driver not found; attempting to install with Selenium Manager (Beta)
May 30, 2023 11:34:08 AM org.openqa.selenium.manager.SeleniumManager getDriverPath
INFO: Applicable driver not found; attempting to install with Selenium Manager (Beta)
]]></system-err>
  </testcase>
  <testcase name="huftreward" classname="com.browserstack.staticpages" time="0">
    <skipped message="Could not start a new session. Handshake response does not match any supported protocol &#10;Host info: host: &apos;DESKTOP-SS9KUUU&apos;, ip: &apos;192.168.1.178&apos;&#10;Build info: version: &apos;4.9.1&apos;, revision: &apos;eb2032df7f&apos;&#10;System info: os.name: &apos;Windows 11&apos;, os.arch: &apos;amd64&apos;, os.version: &apos;10.0&apos;, java.version: &apos;17.0.7&apos;&#10;Driver info: org.openqa.selenium.chrome.ChromeDriver&#10;Command: [null, newSession {capabilities=[Capabilities {browserName: Firefox, browserVersion: latest, bstack:options: {accessKey: twqxQydQD82kykCXeAwz, browser: Firefox, browserName: Firefox, browserVersion: latest, browserstackSDK: testng-javaagent/1.5.2, buildIdentifier: #58, buildName: jenkins_BrowserStack-, consoleLogs: errors, debug: false, hostName: DESKTOP-SS9KUUU, local: true, localIdentifier: 30_May_1127_DESKTOP_SS9KUUU..., networkLogs: false, os: Windows, osVersion: 10, projectName: BrowserStack Samples, source: testng:sample-master:v1.1, userName: deepakkumar_rQ89ol}, goog:chromeOptions: {args: [--remote-allow-origins=*, start-maximized, --disable-notifications], extensions: []}}]}]"/>
  </testcase>
  <testcase name="huskies" classname="com.browserstack.staticpages" time="0">
    <skipped message="Could not start a new session. Handshake response does not match any supported protocol &#10;Host info: host: &apos;DESKTOP-SS9KUUU&apos;, ip: &apos;192.168.1.178&apos;&#10;Build info: version: &apos;4.9.1&apos;, revision: &apos;eb2032df7f&apos;&#10;System info: os.name: &apos;Windows 11&apos;, os.arch: &apos;amd64&apos;, os.version: &apos;10.0&apos;, java.version: &apos;17.0.7&apos;&#10;Driver info: org.openqa.selenium.chrome.ChromeDriver&#10;Command: [null, newSession {capabilities=[Capabilities {browserName: Safari, browserVersion: latest, bstack:options: {accessKey: twqxQydQD82kykCXeAwz, browser: Safari, browserName: Safari, browserVersion: latest, browserstackSDK: testng-javaagent/1.5.2, buildIdentifier: #58, buildName: jenkins_BrowserStack-, consoleLogs: errors, debug: false, hostName: DESKTOP-SS9KUUU, local: true, localIdentifier: 30_May_1127_DESKTOP_SS9KUUU..., networkLogs: false, os: OS X, osVersion: Big Sur, projectName: BrowserStack Samples, source: testng:sample-master:v1.1, userName: deepakkumar_rQ89ol}, goog:chromeOptions: {args: [--remote-allow-origins=*, start-maximized, --disable-notifications], extensions: []}}]}]"/>
    <system-err><![CDATA[May 30, 2023 11:32:59 AM org.openqa.selenium.devtools.CdpEndpointFinder getCdpEndPoint
WARNING: Unable to connect to determine websocket url: java.net.ConnectException: Connection refused: no further information: localhost/[0:0:0:0:0:0:0:1]:3335
May 30, 2023 11:32:59 AM org.openqa.selenium.manager.SeleniumManager getDriverPath
INFO: Applicable driver not found; attempting to install with Selenium Manager (Beta)
May 30, 2023 11:33:02 AM org.openqa.selenium.chromium.ChromiumDriver lambda$new$3
WARNING: Unable to find version of CDP to use for . You may need to include a dependency on a specific version of the CDP using something similar to `org.seleniumhq.selenium:selenium-devtools-v86:4.9.1` where the version ("v86") matches the version of the chromium-based browser you're using and the version number of the artifact is the same as Selenium's.
May 30, 2023 11:33:05 AM org.openqa.selenium.devtools.CdpVersionFinder findNearestMatch
WARNING: Unable to find CDP implementation matching 14
May 30, 2023 11:33:05 AM org.openqa.selenium.chromium.ChromiumDriver lambda$new$3
WARNING: Unable to find version of CDP to use for . You may need to include a dependency on a specific version of the CDP using something similar to `org.seleniumhq.selenium:selenium-devtools-v86:4.9.1` where the version ("v86") matches the version of the chromium-based browser you're using and the version number of the artifact is the same as Selenium's.
]]></system-err>
  </testcase>
  <testcase name="huskies" classname="com.browserstack.staticpages" time="3.386"/>
  <testcase name="huskies" classname="com.browserstack.staticpages" time="3.849"/>
  <testcase name="huskies" classname="com.browserstack.staticpages" time="0">
    <skipped message="Could not start a new session. Handshake response does not match any supported protocol &#10;Host info: host: &apos;DESKTOP-SS9KUUU&apos;, ip: &apos;192.168.1.178&apos;&#10;Build info: version: &apos;4.9.1&apos;, revision: &apos;eb2032df7f&apos;&#10;System info: os.name: &apos;Windows 11&apos;, os.arch: &apos;amd64&apos;, os.version: &apos;10.0&apos;, java.version: &apos;17.0.7&apos;&#10;Driver info: org.openqa.selenium.chrome.ChromeDriver&#10;Command: [null, newSession {capabilities=[Capabilities {browserName: safari, browserVersion: null, bstack:options: {accessKey: twqxQydQD82kykCXeAwz, browser: safari, browserName: safari, browserVersion: null, browserstackSDK: testng-javaagent/1.5.2, buildIdentifier: #58, buildName: jenkins_BrowserStack-, consoleLogs: errors, debug: false, deviceName: iPhone 12, hostName: DESKTOP-SS9KUUU, local: true, localIdentifier: 30_May_1127_DESKTOP_SS9KUUU..., networkLogs: false, os: ios, osVersion: 14.0, projectName: BrowserStack Samples, source: testng:sample-master:v1.1, userName: deepakkumar_rQ89ol}, goog:chromeOptions: {args: [--remote-allow-origins=*, start-maximized, --disable-notifications], extensions: []}}]}]"/>
    <system-err><![CDATA[May 30, 2023 11:34:12 AM org.openqa.selenium.manager.SeleniumManager getDriverPath
INFO: Applicable driver not found; attempting to install with Selenium Manager (Beta)
]]></system-err>
  </testcase>
  <testcase name="huskies" classname="com.browserstack.staticpages" time="0">
    <skipped message="Could not start a new session. Handshake response does not match any supported protocol &#10;Host info: host: &apos;DESKTOP-SS9KUUU&apos;, ip: &apos;192.168.1.178&apos;&#10;Build info: version: &apos;4.9.1&apos;, revision: &apos;eb2032df7f&apos;&#10;System info: os.name: &apos;Windows 11&apos;, os.arch: &apos;amd64&apos;, os.version: &apos;10.0&apos;, java.version: &apos;17.0.7&apos;&#10;Driver info: org.openqa.selenium.chrome.ChromeDriver&#10;Command: [null, newSession {capabilities=[Capabilities {browserName: Firefox, browserVersion: latest, bstack:options: {accessKey: twqxQydQD82kykCXeAwz, browser: Firefox, browserName: Firefox, browserVersion: latest, browserstackSDK: testng-javaagent/1.5.2, buildIdentifier: #58, buildName: jenkins_BrowserStack-, consoleLogs: errors, debug: false, hostName: DESKTOP-SS9KUUU, local: true, localIdentifier: 30_May_1127_DESKTOP_SS9KUUU..., networkLogs: false, os: Windows, osVersion: 10, projectName: BrowserStack Samples, source: testng:sample-master:v1.1, userName: deepakkumar_rQ89ol}, goog:chromeOptions: {args: [--remote-allow-origins=*, start-maximized, --disable-notifications], extensions: []}}]}]"/>
  </testcase>
  <testcase name="indies" classname="com.browserstack.staticpages" time="0">
    <skipped message="Could not start a new session. Handshake response does not match any supported protocol &#10;Host info: host: &apos;DESKTOP-SS9KUUU&apos;, ip: &apos;192.168.1.178&apos;&#10;Build info: version: &apos;4.9.1&apos;, revision: &apos;eb2032df7f&apos;&#10;System info: os.name: &apos;Windows 11&apos;, os.arch: &apos;amd64&apos;, os.version: &apos;10.0&apos;, java.version: &apos;17.0.7&apos;&#10;Driver info: org.openqa.selenium.chrome.ChromeDriver&#10;Command: [null, newSession {capabilities=[Capabilities {browserName: Safari, browserVersion: latest, bstack:options: {accessKey: twqxQydQD82kykCXeAwz, browser: Safari, browserName: Safari, browserVersion: latest, browserstackSDK: testng-javaagent/1.5.2, buildIdentifier: #58, buildName: jenkins_BrowserStack-, consoleLogs: errors, debug: false, hostName: DESKTOP-SS9KUUU, local: true, localIdentifier: 30_May_1127_DESKTOP_SS9KUUU..., networkLogs: false, os: OS X, osVersion: Big Sur, projectName: BrowserStack Samples, source: testng:sample-master:v1.1, userName: deepakkumar_rQ89ol}, goog:chromeOptions: {args: [--remote-allow-origins=*, start-maximized, --disable-notifications], extensions: []}}]}]"/>
    <system-err><![CDATA[May 30, 2023 11:33:15 AM org.openqa.selenium.manager.SeleniumManager getDriverPath
INFO: Applicable driver not found; attempting to install with Selenium Manager (Beta)
May 30, 2023 11:33:16 AM org.openqa.selenium.devtools.CdpVersionFinder findNearestMatch
WARNING: Unable to find CDP implementation matching 14
May 30, 2023 11:33:16 AM org.openqa.selenium.chromium.ChromiumDriver lambda$new$3
WARNING: Unable to find version of CDP to use for . You may need to include a dependency on a specific version of the CDP using something similar to `org.seleniumhq.selenium:selenium-devtools-v86:4.9.1` where the version ("v86") matches the version of the chromium-based browser you're using and the version number of the artifact is the same as Selenium's.
May 30, 2023 11:33:17 AM org.openqa.selenium.manager.SeleniumManager getDriverPath
INFO: Applicable driver not found; attempting to install with Selenium Manager (Beta)
]]></system-err>
  </testcase>
  <testcase name="indies" classname="com.browserstack.staticpages" time="0">
    <skipped message="Could not start a new session. Possible causes are invalid address of the remote server or browser start-up failure. &#10;Host info: host: &apos;DESKTOP-SS9KUUU&apos;, ip: &apos;192.168.1.178&apos;"/>
  </testcase>
  <testcase name="indies" classname="com.browserstack.staticpages" time="0">
    <skipped message="Could not start a new session. Handshake response does not match any supported protocol &#10;Host info: host: &apos;DESKTOP-SS9KUUU&apos;, ip: &apos;192.168.1.178&apos;&#10;Build info: version: &apos;4.9.1&apos;, revision: &apos;eb2032df7f&apos;&#10;System info: os.name: &apos;Windows 11&apos;, os.arch: &apos;amd64&apos;, os.version: &apos;10.0&apos;, java.version: &apos;17.0.7&apos;&#10;Driver info: org.openqa.selenium.chrome.ChromeDriver&#10;Command: [null, newSession {capabilities=[Capabilities {browserName: chrome, browserVersion: null, bstack:options: {accessKey: twqxQydQD82kykCXeAwz, browser: chrome, browserName: chrome, browserVersion: null, browserstackSDK: testng-javaagent/1.5.2, buildIdentifier: #58, buildName: jenkins_BrowserStack-, consoleLogs: errors, debug: false, deviceName: Samsung Galaxy S21, hostName: DESKTOP-SS9KUUU, local: true, localIdentifier: 30_May_1127_DESKTOP_SS9KUUU..., networkLogs: false, os: android, osVersion: 11.0, projectName: BrowserStack Samples, source: testng:sample-master:v1.1, userName: deepakkumar_rQ89ol}, goog:chromeOptions: {args: [--remote-allow-origins=*, start-maximized, --disable-notifications], extensions: []}}]}]"/>
  </testcase>
  <testcase name="indies" classname="com.browserstack.staticpages" time="0">
    <skipped message="Could not start a new session. Handshake response does not match any supported protocol &#10;Host info: host: &apos;DESKTOP-SS9KUUU&apos;, ip: &apos;192.168.1.178&apos;&#10;Build info: version: &apos;4.9.1&apos;, revision: &apos;eb2032df7f&apos;&#10;System info: os.name: &apos;Windows 11&apos;, os.arch: &apos;amd64&apos;, os.version: &apos;10.0&apos;, java.version: &apos;17.0.7&apos;&#10;Driver info: org.openqa.selenium.chrome.ChromeDriver&#10;Command: [null, newSession {capabilities=[Capabilities {browserName: safari, browserVersion: null, bstack:options: {accessKey: twqxQydQD82kykCXeAwz, browser: safari, browserName: safari, browserVersion: null, browserstackSDK: testng-javaagent/1.5.2, buildIdentifier: #58, buildName: jenkins_BrowserStack-, consoleLogs: errors, debug: false, deviceName: iPhone 12, hostName: DESKTOP-SS9KUUU, local: true, localIdentifier: 30_May_1127_DESKTOP_SS9KUUU..., networkLogs: false, os: ios, osVersion: 14.0, projectName: BrowserStack Samples, source: testng:sample-master:v1.1, userName: deepakkumar_rQ89ol}, goog:chromeOptions: {args: [--remote-allow-origins=*, start-maximized, --disable-notifications], extensions: []}}]}]"/>
  </testcase>
  <testcase name="indies" classname="com.browserstack.staticpages" time="0">
    <skipped message="Could not start a new session. Handshake response does not match any supported protocol &#10;Host info: host: &apos;DESKTOP-SS9KUUU&apos;, ip: &apos;192.168.1.178&apos;&#10;Build info: version: &apos;4.9.1&apos;, revision: &apos;eb2032df7f&apos;&#10;System info: os.name: &apos;Windows 11&apos;, os.arch: &apos;amd64&apos;, os.version: &apos;10.0&apos;, java.version: &apos;17.0.7&apos;&#10;Driver info: org.openqa.selenium.chrome.ChromeDriver&#10;Command: [null, newSession {capabilities=[Capabilities {browserName: Firefox, browserVersion: latest, bstack:options: {accessKey: twqxQydQD82kykCXeAwz, browser: Firefox, browserName: Firefox, browserVersion: latest, browserstackSDK: testng-javaagent/1.5.2, buildIdentifier: #58, buildName: jenkins_BrowserStack-, consoleLogs: errors, debug: false, hostName: DESKTOP-SS9KUUU, local: true, localIdentifier: 30_May_1127_DESKTOP_SS9KUUU..., networkLogs: false, os: Windows, osVersion: 10, projectName: BrowserStack Samples, source: testng:sample-master:v1.1, userName: deepakkumar_rQ89ol}, goog:chromeOptions: {args: [--remote-allow-origins=*, start-maximized, --disable-notifications], extensions: []}}]}]"/>
  </testcase>
  <testcase name="kitten" classname="com.browserstack.staticpages" time="0">
    <skipped message="Could not start a new session. Handshake response does not match any supported protocol &#10;Host info: host: &apos;DESKTOP-SS9KUUU&apos;, ip: &apos;192.168.1.178&apos;&#10;Build info: version: &apos;4.9.1&apos;, revision: &apos;eb2032df7f&apos;&#10;System info: os.name: &apos;Windows 11&apos;, os.arch: &apos;amd64&apos;, os.version: &apos;10.0&apos;, java.version: &apos;17.0.7&apos;&#10;Driver info: org.openqa.selenium.chrome.ChromeDriver&#10;Command: [null, newSession {capabilities=[Capabilities {browserName: Safari, browserVersion: latest, bstack:options: {accessKey: twqxQydQD82kykCXeAwz, browser: Safari, browserName: Safari, browserVersion: latest, browserstackSDK: testng-javaagent/1.5.2, buildIdentifier: #58, buildName: jenkins_BrowserStack-, consoleLogs: errors, debug: false, hostName: DESKTOP-SS9KUUU, local: true, localIdentifier: 30_May_1127_DESKTOP_SS9KUUU..., networkLogs: false, os: OS X, osVersion: Big Sur, projectName: BrowserStack Samples, source: testng:sample-master:v1.1, userName: deepakkumar_rQ89ol}, goog:chromeOptions: {args: [--remote-allow-origins=*, start-maximized, --disable-notifications], extensions: []}}]}]"/>
    <system-err><![CDATA[May 30, 2023 11:33:25 AM org.openqa.selenium.manager.SeleniumManager getDriverPath
INFO: Applicable driver not found; attempting to install with Selenium Manager (Beta)
May 30, 2023 11:33:27 AM org.openqa.selenium.manager.SeleniumManager getDriverPath
INFO: Applicable driver not found; attempting to install with Selenium Manager (Beta)
May 30, 2023 11:33:28 AM org.openqa.selenium.devtools.CdpVersionFinder findNearestMatch
WARNING: Unable to find CDP implementation matching 14
May 30, 2023 11:33:28 AM org.openqa.selenium.chromium.ChromiumDriver lambda$new$3
WARNING: Unable to find version of CDP to use for . You may need to include a dependency on a specific version of the CDP using something similar to `org.seleniumhq.selenium:selenium-devtools-v86:4.9.1` where the version ("v86") matches the version of the chromium-based browser you're using and the version number of the artifact is the same as Selenium's.
May 30, 2023 11:33:28 AM org.openqa.selenium.chromium.ChromiumDriver lambda$new$3
WARNING: Unable to find version of CDP to use for . You may need to include a dependency on a specific version of the CDP using something similar to `org.seleniumhq.selenium:selenium-devtools-v86:4.9.1` where the version ("v86") matches the version of the chromium-based browser you're using and the version number of the artifact is the same as Selenium's.
]]></system-err>
  </testcase>
  <testcase name="kitten" classname="com.browserstack.staticpages" time="0">
    <skipped message="Could not start a new session. Possible causes are invalid address of the remote server or browser start-up failure. &#10;Host info: host: &apos;DESKTOP-SS9KUUU&apos;, ip: &apos;192.168.1.178&apos;"/>
    <system-err><![CDATA[May 30, 2023 11:33:56 AM org.openqa.selenium.manager.SeleniumManager getDriverPath
INFO: Applicable driver not found; attempting to install with Selenium Manager (Beta)
]]></system-err>
  </testcase>
  <testcase name="kitten" classname="com.browserstack.staticpages" time="0">
    <skipped message="Could not start a new session. Handshake response does not match any supported protocol &#10;Host info: host: &apos;DESKTOP-SS9KUUU&apos;, ip: &apos;192.168.1.178&apos;&#10;Build info: version: &apos;4.9.1&apos;, revision: &apos;eb2032df7f&apos;&#10;System info: os.name: &apos;Windows 11&apos;, os.arch: &apos;amd64&apos;, os.version: &apos;10.0&apos;, java.version: &apos;17.0.7&apos;&#10;Driver info: org.openqa.selenium.chrome.ChromeDriver&#10;Command: [null, newSession {capabilities=[Capabilities {browserName: chrome, browserVersion: null, bstack:options: {accessKey: twqxQydQD82kykCXeAwz, browser: chrome, browserName: chrome, browserVersion: null, browserstackSDK: testng-javaagent/1.5.2, buildIdentifier: #58, buildName: jenkins_BrowserStack-, consoleLogs: errors, debug: false, deviceName: Samsung Galaxy S21, hostName: DESKTOP-SS9KUUU, local: true, localIdentifier: 30_May_1127_DESKTOP_SS9KUUU..., networkLogs: false, os: android, osVersion: 11.0, projectName: BrowserStack Samples, source: testng:sample-master:v1.1, userName: deepakkumar_rQ89ol}, goog:chromeOptions: {args: [--remote-allow-origins=*, start-maximized, --disable-notifications], extensions: []}}]}]"/>
  </testcase>
  <testcase name="kitten" classname="com.browserstack.staticpages" time="0">
    <skipped message="Could not start a new session. Handshake response does not match any supported protocol &#10;Host info: host: &apos;DESKTOP-SS9KUUU&apos;, ip: &apos;192.168.1.178&apos;&#10;Build info: version: &apos;4.9.1&apos;, revision: &apos;eb2032df7f&apos;&#10;System info: os.name: &apos;Windows 11&apos;, os.arch: &apos;amd64&apos;, os.version: &apos;10.0&apos;, java.version: &apos;17.0.7&apos;&#10;Driver info: org.openqa.selenium.chrome.ChromeDriver&#10;Command: [null, newSession {capabilities=[Capabilities {browserName: safari, browserVersion: null, bstack:options: {accessKey: twqxQydQD82kykCXeAwz, browser: safari, browserName: safari, browserVersion: null, browserstackSDK: testng-javaagent/1.5.2, buildIdentifier: #58, buildName: jenkins_BrowserStack-, consoleLogs: errors, debug: false, deviceName: iPhone 12, hostName: DESKTOP-SS9KUUU, local: true, localIdentifier: 30_May_1127_DESKTOP_SS9KUUU..., networkLogs: false, os: ios, osVersion: 14.0, projectName: BrowserStack Samples, source: testng:sample-master:v1.1, userName: deepakkumar_rQ89ol}, goog:chromeOptions: {args: [--remote-allow-origins=*, start-maximized, --disable-notifications], extensions: []}}]}]"/>
  </testcase>
  <testcase name="kitten" classname="com.browserstack.staticpages" time="0">
    <skipped message="Could not start a new session. Handshake response does not match any supported protocol &#10;Host info: host: &apos;DESKTOP-SS9KUUU&apos;, ip: &apos;192.168.1.178&apos;&#10;Build info: version: &apos;4.9.1&apos;, revision: &apos;eb2032df7f&apos;&#10;System info: os.name: &apos;Windows 11&apos;, os.arch: &apos;amd64&apos;, os.version: &apos;10.0&apos;, java.version: &apos;17.0.7&apos;&#10;Driver info: org.openqa.selenium.chrome.ChromeDriver&#10;Command: [null, newSession {capabilities=[Capabilities {browserName: Firefox, browserVersion: latest, bstack:options: {accessKey: twqxQydQD82kykCXeAwz, browser: Firefox, browserName: Firefox, browserVersion: latest, browserstackSDK: testng-javaagent/1.5.2, buildIdentifier: #58, buildName: jenkins_BrowserStack-, consoleLogs: errors, debug: false, hostName: DESKTOP-SS9KUUU, local: true, localIdentifier: 30_May_1127_DESKTOP_SS9KUUU..., networkLogs: false, os: Windows, osVersion: 10, projectName: BrowserStack Samples, source: testng:sample-master:v1.1, userName: deepakkumar_rQ89ol}, goog:chromeOptions: {args: [--remote-allow-origins=*, start-maximized, --disable-notifications], extensions: []}}]}]"/>
  </testcase>
  <testcase name="learnwithhuft" classname="com.browserstack.staticpages" time="0">
    <skipped message="Could not start a new session. Handshake response does not match any supported protocol &#10;Host info: host: &apos;DESKTOP-SS9KUUU&apos;, ip: &apos;192.168.1.178&apos;&#10;Build info: version: &apos;4.9.1&apos;, revision: &apos;eb2032df7f&apos;&#10;System info: os.name: &apos;Windows 11&apos;, os.arch: &apos;amd64&apos;, os.version: &apos;10.0&apos;, java.version: &apos;17.0.7&apos;&#10;Driver info: org.openqa.selenium.chrome.ChromeDriver&#10;Command: [null, newSession {capabilities=[Capabilities {browserName: Safari, browserVersion: latest, bstack:options: {accessKey: twqxQydQD82kykCXeAwz, browser: Safari, browserName: Safari, browserVersion: latest, browserstackSDK: testng-javaagent/1.5.2, buildIdentifier: #58, buildName: jenkins_BrowserStack-, consoleLogs: errors, debug: false, hostName: DESKTOP-SS9KUUU, local: true, localIdentifier: 30_May_1127_DESKTOP_SS9KUUU..., networkLogs: false, os: OS X, osVersion: Big Sur, projectName: BrowserStack Samples, source: testng:sample-master:v1.1, userName: deepakkumar_rQ89ol}, goog:chromeOptions: {args: [--remote-allow-origins=*, start-maximized, --disable-notifications], extensions: []}}]}]"/>
    <system-err><![CDATA[May 30, 2023 11:33:30 AM org.openqa.selenium.manager.SeleniumManager getDriverPath
INFO: Applicable driver not found; attempting to install with Selenium Manager (Beta)
May 30, 2023 11:33:31 AM org.openqa.selenium.manager.SeleniumManager getDriverPath
INFO: Applicable driver not found; attempting to install with Selenium Manager (Beta)
May 30, 2023 11:33:32 AM org.openqa.selenium.devtools.CdpEndpointFinder getCdpEndPoint
WARNING: Unable to connect to determine websocket url: java.net.ConnectException: Connection refused: no further information: localhost/[0:0:0:0:0:0:0:1]:3164
May 30, 2023 11:33:35 AM org.openqa.selenium.devtools.CdpVersionFinder findNearestMatch
WARNING: Unable to find CDP implementation matching 14
May 30, 2023 11:33:35 AM org.openqa.selenium.chromium.ChromiumDriver lambda$new$3
WARNING: Unable to find version of CDP to use for . You may need to include a dependency on a specific version of the CDP using something similar to `org.seleniumhq.selenium:selenium-devtools-v86:4.9.1` where the version ("v86") matches the version of the chromium-based browser you're using and the version number of the artifact is the same as Selenium's.
]]></system-err>
  </testcase>
  <testcase name="learnwithhuft" classname="com.browserstack.staticpages" time="0">
    <skipped message="Could not start a new session. Possible causes are invalid address of the remote server or browser start-up failure. &#10;Host info: host: &apos;DESKTOP-SS9KUUU&apos;, ip: &apos;192.168.1.178&apos;"/>
    <system-err><![CDATA[May 30, 2023 11:34:01 AM org.openqa.selenium.manager.SeleniumManager getDriverPath
INFO: Applicable driver not found; attempting to install with Selenium Manager (Beta)
]]></system-err>
  </testcase>
  <testcase name="learnwithhuft" classname="com.browserstack.staticpages" time="0">
    <skipped message="Could not start a new session. Handshake response does not match any supported protocol &#10;Host info: host: &apos;DESKTOP-SS9KUUU&apos;, ip: &apos;192.168.1.178&apos;&#10;Build info: version: &apos;4.9.1&apos;, revision: &apos;eb2032df7f&apos;&#10;System info: os.name: &apos;Windows 11&apos;, os.arch: &apos;amd64&apos;, os.version: &apos;10.0&apos;, java.version: &apos;17.0.7&apos;&#10;Driver info: org.openqa.selenium.chrome.ChromeDriver&#10;Command: [null, newSession {capabilities=[Capabilities {browserName: chrome, browserVersion: null, bstack:options: {accessKey: twqxQydQD82kykCXeAwz, browser: chrome, browserName: chrome, browserVersion: null, browserstackSDK: testng-javaagent/1.5.2, buildIdentifier: #58, buildName: jenkins_BrowserStack-, consoleLogs: errors, debug: false, deviceName: Samsung Galaxy S21, hostName: DESKTOP-SS9KUUU, local: true, localIdentifier: 30_May_1127_DESKTOP_SS9KUUU..., networkLogs: false, os: android, osVersion: 11.0, projectName: BrowserStack Samples, source: testng:sample-master:v1.1, userName: deepakkumar_rQ89ol}, goog:chromeOptions: {args: [--remote-allow-origins=*, start-maximized, --disable-notifications], extensions: []}}]}]"/>
  </testcase>
  <testcase name="learnwithhuft" classname="com.browserstack.staticpages" time="0">
    <skipped message="Could not start a new session. Handshake response does not match any supported protocol &#10;Host info: host: &apos;DESKTOP-SS9KUUU&apos;, ip: &apos;192.168.1.178&apos;&#10;Build info: version: &apos;4.9.1&apos;, revision: &apos;eb2032df7f&apos;&#10;System info: os.name: &apos;Windows 11&apos;, os.arch: &apos;amd64&apos;, os.version: &apos;10.0&apos;, java.version: &apos;17.0.7&apos;&#10;Driver info: org.openqa.selenium.chrome.ChromeDriver&#10;Command: [null, newSession {capabilities=[Capabilities {browserName: safari, browserVersion: null, bstack:options: {accessKey: twqxQydQD82kykCXeAwz, browser: safari, browserName: safari, browserVersion: null, browserstackSDK: testng-javaagent/1.5.2, buildIdentifier: #58, buildName: jenkins_BrowserStack-, consoleLogs: errors, debug: false, deviceName: iPhone 12, hostName: DESKTOP-SS9KUUU, local: true, localIdentifier: 30_May_1127_DESKTOP_SS9KUUU..., networkLogs: false, os: ios, osVersion: 14.0, projectName: BrowserStack Samples, source: testng:sample-master:v1.1, userName: deepakkumar_rQ89ol}, goog:chromeOptions: {args: [--remote-allow-origins=*, start-maximized, --disable-notifications], extensions: []}}]}]"/>
    <system-err><![CDATA[May 30, 2023 11:34:26 AM org.openqa.selenium.manager.SeleniumManager getDriverPath
INFO: Applicable driver not found; attempting to install with Selenium Manager (Beta)
]]></system-err>
  </testcase>
  <testcase name="learnwithhuft" classname="com.browserstack.staticpages" time="0">
    <skipped message="Could not start a new session. Handshake response does not match any supported protocol &#10;Host info: host: &apos;DESKTOP-SS9KUUU&apos;, ip: &apos;192.168.1.178&apos;&#10;Build info: version: &apos;4.9.1&apos;, revision: &apos;eb2032df7f&apos;&#10;System info: os.name: &apos;Windows 11&apos;, os.arch: &apos;amd64&apos;, os.version: &apos;10.0&apos;, java.version: &apos;17.0.7&apos;&#10;Driver info: org.openqa.selenium.chrome.ChromeDriver&#10;Command: [null, newSession {capabilities=[Capabilities {browserName: Firefox, browserVersion: latest, bstack:options: {accessKey: twqxQydQD82kykCXeAwz, browser: Firefox, browserName: Firefox, browserVersion: latest, browserstackSDK: testng-javaagent/1.5.2, buildIdentifier: #58, buildName: jenkins_BrowserStack-, consoleLogs: errors, debug: false, hostName: DESKTOP-SS9KUUU, local: true, localIdentifier: 30_May_1127_DESKTOP_SS9KUUU..., networkLogs: false, os: Windows, osVersion: 10, projectName: BrowserStack Samples, source: testng:sample-master:v1.1, userName: deepakkumar_rQ89ol}, goog:chromeOptions: {args: [--remote-allow-origins=*, start-maximized, --disable-notifications], extensions: []}}]}]"/>
    <system-err><![CDATA[May 30, 2023 11:34:46 AM org.openqa.selenium.manager.SeleniumManager getDriverPath
INFO: Applicable driver not found; attempting to install with Selenium Manager (Beta)
]]></system-err>
  </testcase>
  <testcase name="nauturehug" classname="com.browserstack.staticpages" time="0">
    <skipped message="Could not start a new session. Handshake response does not match any supported protocol &#10;Host info: host: &apos;DESKTOP-SS9KUUU&apos;, ip: &apos;192.168.1.178&apos;&#10;Build info: version: &apos;4.9.1&apos;, revision: &apos;eb2032df7f&apos;&#10;System info: os.name: &apos;Windows 11&apos;, os.arch: &apos;amd64&apos;, os.version: &apos;10.0&apos;, java.version: &apos;17.0.7&apos;&#10;Driver info: org.openqa.selenium.chrome.ChromeDriver&#10;Command: [null, newSession {capabilities=[Capabilities {browserName: Safari, browserVersion: latest, bstack:options: {accessKey: twqxQydQD82kykCXeAwz, browser: Safari, browserName: Safari, browserVersion: latest, browserstackSDK: testng-javaagent/1.5.2, buildIdentifier: #58, buildName: jenkins_BrowserStack-, consoleLogs: errors, debug: false, hostName: DESKTOP-SS9KUUU, local: true, localIdentifier: 30_May_1127_DESKTOP_SS9KUUU..., networkLogs: false, os: OS X, osVersion: Big Sur, projectName: BrowserStack Samples, source: testng:sample-master:v1.1, userName: deepakkumar_rQ89ol}, goog:chromeOptions: {args: [--remote-allow-origins=*, start-maximized, --disable-notifications], extensions: []}}]}]"/>
    <system-err><![CDATA[May 30, 2023 11:33:37 AM org.openqa.selenium.manager.SeleniumManager getDriverPath
INFO: Applicable driver not found; attempting to install with Selenium Manager (Beta)
May 30, 2023 11:33:41 AM org.openqa.selenium.chromium.ChromiumDriver lambda$new$3
WARNING: Unable to find version of CDP to use for . You may need to include a dependency on a specific version of the CDP using something similar to `org.seleniumhq.selenium:selenium-devtools-v86:4.9.1` where the version ("v86") matches the version of the chromium-based browser you're using and the version number of the artifact is the same as Selenium's.
May 30, 2023 11:33:41 AM org.openqa.selenium.devtools.CdpVersionFinder findNearestMatch
WARNING: Unable to find CDP implementation matching 14
May 30, 2023 11:33:41 AM org.openqa.selenium.chromium.ChromiumDriver lambda$new$3
WARNING: Unable to find version of CDP to use for . You may need to include a dependency on a specific version of the CDP using something similar to `org.seleniumhq.selenium:selenium-devtools-v86:4.9.1` where the version ("v86") matches the version of the chromium-based browser you're using and the version number of the artifact is the same as Selenium's.
]]></system-err>
  </testcase>
  <testcase name="nauturehug" classname="com.browserstack.staticpages" time="0">
    <skipped message="Could not start a new session. Possible causes are invalid address of the remote server or browser start-up failure. &#10;Host info: host: &apos;DESKTOP-SS9KUUU&apos;, ip: &apos;192.168.1.178&apos;"/>
    <system-err><![CDATA[May 30, 2023 11:34:06 AM org.openqa.selenium.manager.SeleniumManager getDriverPath
INFO: Applicable driver not found; attempting to install with Selenium Manager (Beta)
]]></system-err>
  </testcase>
  <testcase name="nauturehug" classname="com.browserstack.staticpages" time="0">
    <skipped message="Could not start a new session. Handshake response does not match any supported protocol &#10;Host info: host: &apos;DESKTOP-SS9KUUU&apos;, ip: &apos;192.168.1.178&apos;&#10;Build info: version: &apos;4.9.1&apos;, revision: &apos;eb2032df7f&apos;&#10;System info: os.name: &apos;Windows 11&apos;, os.arch: &apos;amd64&apos;, os.version: &apos;10.0&apos;, java.version: &apos;17.0.7&apos;&#10;Driver info: org.openqa.selenium.chrome.ChromeDriver&#10;Command: [null, newSession {capabilities=[Capabilities {browserName: chrome, browserVersion: null, bstack:options: {accessKey: twqxQydQD82kykCXeAwz, browser: chrome, browserName: chrome, browserVersion: null, browserstackSDK: testng-javaagent/1.5.2, buildIdentifier: #58, buildName: jenkins_BrowserStack-, consoleLogs: errors, debug: false, deviceName: Samsung Galaxy S21, hostName: DESKTOP-SS9KUUU, local: true, localIdentifier: 30_May_1127_DESKTOP_SS9KUUU..., networkLogs: false, os: android, osVersion: 11.0, projectName: BrowserStack Samples, source: testng:sample-master:v1.1, userName: deepakkumar_rQ89ol}, goog:chromeOptions: {args: [--remote-allow-origins=*, start-maximized, --disable-notifications], extensions: []}}]}]"/>
  </testcase>
  <testcase name="nauturehug" classname="com.browserstack.staticpages" time="0">
    <skipped message="Could not start a new session. Handshake response does not match any supported protocol &#10;Host info: host: &apos;DESKTOP-SS9KUUU&apos;, ip: &apos;192.168.1.178&apos;&#10;Build info: version: &apos;4.9.1&apos;, revision: &apos;eb2032df7f&apos;&#10;System info: os.name: &apos;Windows 11&apos;, os.arch: &apos;amd64&apos;, os.version: &apos;10.0&apos;, java.version: &apos;17.0.7&apos;&#10;Driver info: org.openqa.selenium.chrome.ChromeDriver&#10;Command: [null, newSession {capabilities=[Capabilities {browserName: safari, browserVersion: null, bstack:options: {accessKey: twqxQydQD82kykCXeAwz, browser: safari, browserName: safari, browserVersion: null, browserstackSDK: testng-javaagent/1.5.2, buildIdentifier: #58, buildName: jenkins_BrowserStack-, consoleLogs: errors, debug: false, deviceName: iPhone 12, hostName: DESKTOP-SS9KUUU, local: true, localIdentifier: 30_May_1127_DESKTOP_SS9KUUU..., networkLogs: false, os: ios, osVersion: 14.0, projectName: BrowserStack Samples, source: testng:sample-master:v1.1, userName: deepakkumar_rQ89ol}, goog:chromeOptions: {args: [--remote-allow-origins=*, start-maximized, --disable-notifications], extensions: []}}]}]"/>
    <system-err><![CDATA[May 30, 2023 11:34:30 AM org.openqa.selenium.manager.SeleniumManager getDriverPath
INFO: Applicable driver not found; attempting to install with Selenium Manager (Beta)
]]></system-err>
  </testcase>
  <testcase name="nauturehug" classname="com.browserstack.staticpages" time="0">
    <skipped message="Could not start a new session. Handshake response does not match any supported protocol &#10;Host info: host: &apos;DESKTOP-SS9KUUU&apos;, ip: &apos;192.168.1.178&apos;&#10;Build info: version: &apos;4.9.1&apos;, revision: &apos;eb2032df7f&apos;&#10;System info: os.name: &apos;Windows 11&apos;, os.arch: &apos;amd64&apos;, os.version: &apos;10.0&apos;, java.version: &apos;17.0.7&apos;&#10;Driver info: org.openqa.selenium.chrome.ChromeDriver&#10;Command: [null, newSession {capabilities=[Capabilities {browserName: Firefox, browserVersion: latest, bstack:options: {accessKey: twqxQydQD82kykCXeAwz, browser: Firefox, browserName: Firefox, browserVersion: latest, browserstackSDK: testng-javaagent/1.5.2, buildIdentifier: #58, buildName: jenkins_BrowserStack-, consoleLogs: errors, debug: false, hostName: DESKTOP-SS9KUUU, local: true, localIdentifier: 30_May_1127_DESKTOP_SS9KUUU..., networkLogs: false, os: Windows, osVersion: 10, projectName: BrowserStack Samples, source: testng:sample-master:v1.1, userName: deepakkumar_rQ89ol}, goog:chromeOptions: {args: [--remote-allow-origins=*, start-maximized, --disable-notifications], extensions: []}}]}]"/>
  </testcase>
  <testcase name="offer" classname="com.browserstack.staticpages" time="0">
    <skipped message="Could not start a new session. Handshake response does not match any supported protocol &#10;Host info: host: &apos;DESKTOP-SS9KUUU&apos;, ip: &apos;192.168.1.178&apos;&#10;Build info: version: &apos;4.9.1&apos;, revision: &apos;eb2032df7f&apos;&#10;System info: os.name: &apos;Windows 11&apos;, os.arch: &apos;amd64&apos;, os.version: &apos;10.0&apos;, java.version: &apos;17.0.7&apos;&#10;Driver info: org.openqa.selenium.chrome.ChromeDriver&#10;Command: [null, newSession {capabilities=[Capabilities {browserName: Safari, browserVersion: latest, bstack:options: {accessKey: twqxQydQD82kykCXeAwz, browser: Safari, browserName: Safari, browserVersion: latest, browserstackSDK: testng-javaagent/1.5.2, buildIdentifier: #58, buildName: jenkins_BrowserStack-, consoleLogs: errors, debug: false, hostName: DESKTOP-SS9KUUU, local: true, localIdentifier: 30_May_1127_DESKTOP_SS9KUUU..., networkLogs: false, os: OS X, osVersion: Big Sur, projectName: BrowserStack Samples, source: testng:sample-master:v1.1, userName: deepakkumar_rQ89ol}, goog:chromeOptions: {args: [--remote-allow-origins=*, start-maximized, --disable-notifications], extensions: []}}]}]"/>
  </testcase>
  <testcase name="offer" classname="com.browserstack.staticpages" time="0">
    <skipped message="Could not start a new session. Handshake response does not match any supported protocol &#10;Host info: host: &apos;DESKTOP-SS9KUUU&apos;, ip: &apos;192.168.1.178&apos;&#10;Build info: version: &apos;4.9.1&apos;, revision: &apos;eb2032df7f&apos;&#10;System info: os.name: &apos;Windows 11&apos;, os.arch: &apos;amd64&apos;, os.version: &apos;10.0&apos;, java.version: &apos;17.0.7&apos;&#10;Driver info: org.openqa.selenium.chrome.ChromeDriver&#10;Command: [null, newSession {capabilities=[Capabilities {browserName: Chrome, browserVersion: latest, bstack:options: {accessKey: twqxQydQD82kykCXeAwz, browser: Chrome, browserName: Chrome, browserVersion: latest, browserstackSDK: testng-javaagent/1.5.2, buildIdentifier: #58, buildName: jenkins_BrowserStack-, consoleLogs: errors, debug: false, hostName: DESKTOP-SS9KUUU, local: true, localIdentifier: 30_May_1127_DESKTOP_SS9KUUU..., networkLogs: false, os: Windows, osVersion: 10, projectName: BrowserStack Samples, source: testng:sample-master:v1.1, userName: deepakkumar_rQ89ol}, goog:chromeOptions: {args: [--remote-allow-origins=*, start-maximized, --disable-notifications], extensions: []}}]}]"/>
    <system-err><![CDATA[May 30, 2023 11:34:10 AM org.openqa.selenium.manager.SeleniumManager getDriverPath
INFO: Applicable driver not found; attempting to install with Selenium Manager (Beta)
]]></system-err>
  </testcase>
  <testcase name="offer" classname="com.browserstack.staticpages" time="0">
    <skipped message="Could not start a new session. Handshake response does not match any supported protocol &#10;Host info: host: &apos;DESKTOP-SS9KUUU&apos;, ip: &apos;192.168.1.178&apos;&#10;Build info: version: &apos;4.9.1&apos;, revision: &apos;eb2032df7f&apos;&#10;System info: os.name: &apos;Windows 11&apos;, os.arch: &apos;amd64&apos;, os.version: &apos;10.0&apos;, java.version: &apos;17.0.7&apos;&#10;Driver info: org.openqa.selenium.chrome.ChromeDriver&#10;Command: [null, newSession {capabilities=[Capabilities {browserName: chrome, browserVersion: null, bstack:options: {accessKey: twqxQydQD82kykCXeAwz, browser: chrome, browserName: chrome, browserVersion: null, browserstackSDK: testng-javaagent/1.5.2, buildIdentifier: #58, buildName: jenkins_BrowserStack-, consoleLogs: errors, debug: false, deviceName: Samsung Galaxy S21, hostName: DESKTOP-SS9KUUU, local: true, localIdentifier: 30_May_1127_DESKTOP_SS9KUUU..., networkLogs: false, os: android, osVersion: 11.0, projectName: BrowserStack Samples, source: testng:sample-master:v1.1, userName: deepakkumar_rQ89ol}, goog:chromeOptions: {args: [--remote-allow-origins=*, start-maximized, --disable-notifications], extensions: []}}]}]"/>
  </testcase>
  <testcase name="offer" classname="com.browserstack.staticpages" time="0">
    <skipped message="Could not start a new session. Handshake response does not match any supported protocol &#10;Host info: host: &apos;DESKTOP-SS9KUUU&apos;, ip: &apos;192.168.1.178&apos;&#10;Build info: version: &apos;4.9.1&apos;, revision: &apos;eb2032df7f&apos;&#10;System info: os.name: &apos;Windows 11&apos;, os.arch: &apos;amd64&apos;, os.version: &apos;10.0&apos;, java.version: &apos;17.0.7&apos;&#10;Driver info: org.openqa.selenium.chrome.ChromeDriver&#10;Command: [null, newSession {capabilities=[Capabilities {browserName: safari, browserVersion: null, bstack:options: {accessKey: twqxQydQD82kykCXeAwz, browser: safari, browserName: safari, browserVersion: null, browserstackSDK: testng-javaagent/1.5.2, buildIdentifier: #58, buildName: jenkins_BrowserStack-, consoleLogs: errors, debug: false, deviceName: iPhone 12, hostName: DESKTOP-SS9KUUU, local: true, localIdentifier: 30_May_1127_DESKTOP_SS9KUUU..., networkLogs: false, os: ios, osVersion: 14.0, projectName: BrowserStack Samples, source: testng:sample-master:v1.1, userName: deepakkumar_rQ89ol}, goog:chromeOptions: {args: [--remote-allow-origins=*, start-maximized, --disable-notifications], extensions: []}}]}]"/>
  </testcase>
  <testcase name="offer" classname="com.browserstack.staticpages" time="0">
    <skipped message="Could not start a new session. Handshake response does not match any supported protocol &#10;Host info: host: &apos;DESKTOP-SS9KUUU&apos;, ip: &apos;192.168.1.178&apos;&#10;Build info: version: &apos;4.9.1&apos;, revision: &apos;eb2032df7f&apos;&#10;System info: os.name: &apos;Windows 11&apos;, os.arch: &apos;amd64&apos;, os.version: &apos;10.0&apos;, java.version: &apos;17.0.7&apos;&#10;Driver info: org.openqa.selenium.chrome.ChromeDriver&#10;Command: [null, newSession {capabilities=[Capabilities {browserName: Firefox, browserVersion: latest, bstack:options: {accessKey: twqxQydQD82kykCXeAwz, browser: Firefox, browserName: Firefox, browserVersion: latest, browserstackSDK: testng-javaagent/1.5.2, buildIdentifier: #58, buildName: jenkins_BrowserStack-, consoleLogs: errors, debug: false, hostName: DESKTOP-SS9KUUU, local: true, localIdentifier: 30_May_1127_DESKTOP_SS9KUUU..., networkLogs: false, os: Windows, osVersion: 10, projectName: BrowserStack Samples, source: testng:sample-master:v1.1, userName: deepakkumar_rQ89ol}, goog:chromeOptions: {args: [--remote-allow-origins=*, start-maximized, --disable-notifications], extensions: []}}]}]"/>
    <system-err><![CDATA[May 30, 2023 11:34:55 AM org.openqa.selenium.manager.SeleniumManager getDriverPath
INFO: Applicable driver not found; attempting to install with Selenium Manager (Beta)
]]></system-err>
  </testcase>
  <testcase name="petspa" classname="com.browserstack.staticpages" time="0">
    <skipped message="Could not start a new session. Handshake response does not match any supported protocol &#10;Host info: host: &apos;DESKTOP-SS9KUUU&apos;, ip: &apos;192.168.1.178&apos;&#10;Build info: version: &apos;4.9.1&apos;, revision: &apos;eb2032df7f&apos;&#10;System info: os.name: &apos;Windows 11&apos;, os.arch: &apos;amd64&apos;, os.version: &apos;10.0&apos;, java.version: &apos;17.0.7&apos;&#10;Driver info: org.openqa.selenium.chrome.ChromeDriver&#10;Command: [null, newSession {capabilities=[Capabilities {browserName: Safari, browserVersion: latest, bstack:options: {accessKey: twqxQydQD82kykCXeAwz, browser: Safari, browserName: Safari, browserVersion: latest, browserstackSDK: testng-javaagent/1.5.2, buildIdentifier: #58, buildName: jenkins_BrowserStack-, consoleLogs: errors, debug: false, hostName: DESKTOP-SS9KUUU, local: true, localIdentifier: 30_May_1127_DESKTOP_SS9KUUU..., networkLogs: false, os: OS X, osVersion: Big Sur, projectName: BrowserStack Samples, source: testng:sample-master:v1.1, userName: deepakkumar_rQ89ol}, goog:chromeOptions: {args: [--remote-allow-origins=*, start-maximized, --disable-notifications], extensions: []}}]}]"/>
  </testcase>
  <testcase name="petspa" classname="com.browserstack.staticpages" time="0">
    <skipped message="Could not start a new session. Handshake response does not match any supported protocol &#10;Host info: host: &apos;DESKTOP-SS9KUUU&apos;, ip: &apos;192.168.1.178&apos;&#10;Build info: version: &apos;4.9.1&apos;, revision: &apos;eb2032df7f&apos;&#10;System info: os.name: &apos;Windows 11&apos;, os.arch: &apos;amd64&apos;, os.version: &apos;10.0&apos;, java.version: &apos;17.0.7&apos;&#10;Driver info: org.openqa.selenium.chrome.ChromeDriver&#10;Command: [null, newSession {capabilities=[Capabilities {browserName: Chrome, browserVersion: latest, bstack:options: {accessKey: twqxQydQD82kykCXeAwz, browser: Chrome, browserName: Chrome, browserVersion: latest, browserstackSDK: testng-javaagent/1.5.2, buildIdentifier: #58, buildName: jenkins_BrowserStack-, consoleLogs: errors, debug: false, hostName: DESKTOP-SS9KUUU, local: true, localIdentifier: 30_May_1127_DESKTOP_SS9KUUU..., networkLogs: false, os: Windows, osVersion: 10, projectName: BrowserStack Samples, source: testng:sample-master:v1.1, userName: deepakkumar_rQ89ol}, goog:chromeOptions: {args: [--remote-allow-origins=*, start-maximized, --disable-notifications], extensions: []}}]}]"/>
    <system-err><![CDATA[May 30, 2023 11:34:14 AM org.openqa.selenium.manager.SeleniumManager getDriverPath
INFO: Applicable driver not found; attempting to install with Selenium Manager (Beta)
]]></system-err>
  </testcase>
  <testcase name="petspa" classname="com.browserstack.staticpages" time="0">
    <skipped message="Could not start a new session. Handshake response does not match any supported protocol &#10;Host info: host: &apos;DESKTOP-SS9KUUU&apos;, ip: &apos;192.168.1.178&apos;&#10;Build info: version: &apos;4.9.1&apos;, revision: &apos;eb2032df7f&apos;&#10;System info: os.name: &apos;Windows 11&apos;, os.arch: &apos;amd64&apos;, os.version: &apos;10.0&apos;, java.version: &apos;17.0.7&apos;&#10;Driver info: org.openqa.selenium.chrome.ChromeDriver&#10;Command: [null, newSession {capabilities=[Capabilities {browserName: chrome, browserVersion: null, bstack:options: {accessKey: twqxQydQD82kykCXeAwz, browser: chrome, browserName: chrome, browserVersion: null, browserstackSDK: testng-javaagent/1.5.2, buildIdentifier: #58, buildName: jenkins_BrowserStack-, consoleLogs: errors, debug: false, deviceName: Samsung Galaxy S21, hostName: DESKTOP-SS9KUUU, local: true, localIdentifier: 30_May_1127_DESKTOP_SS9KUUU..., networkLogs: false, os: android, osVersion: 11.0, projectName: BrowserStack Samples, source: testng:sample-master:v1.1, userName: deepakkumar_rQ89ol}, goog:chromeOptions: {args: [--remote-allow-origins=*, start-maximized, --disable-notifications], extensions: []}}]}]"/>
  </testcase>
  <testcase name="petspa" classname="com.browserstack.staticpages" time="0">
    <skipped message="Could not start a new session. Handshake response does not match any supported protocol &#10;Host info: host: &apos;DESKTOP-SS9KUUU&apos;, ip: &apos;192.168.1.178&apos;&#10;Build info: version: &apos;4.9.1&apos;, revision: &apos;eb2032df7f&apos;&#10;System info: os.name: &apos;Windows 11&apos;, os.arch: &apos;amd64&apos;, os.version: &apos;10.0&apos;, java.version: &apos;17.0.7&apos;&#10;Driver info: org.openqa.selenium.chrome.ChromeDriver&#10;Command: [null, newSession {capabilities=[Capabilities {browserName: safari, browserVersion: null, bstack:options: {accessKey: twqxQydQD82kykCXeAwz, browser: safari, browserName: safari, browserVersion: null, browserstackSDK: testng-javaagent/1.5.2, buildIdentifier: #58, buildName: jenkins_BrowserStack-, consoleLogs: errors, debug: false, deviceName: iPhone 12, hostName: DESKTOP-SS9KUUU, local: true, localIdentifier: 30_May_1127_DESKTOP_SS9KUUU..., networkLogs: false, os: ios, osVersion: 14.0, projectName: BrowserStack Samples, source: testng:sample-master:v1.1, userName: deepakkumar_rQ89ol}, goog:chromeOptions: {args: [--remote-allow-origins=*, start-maximized, --disable-notifications], extensions: []}}]}]"/>
  </testcase>
  <testcase name="petspa" classname="com.browserstack.staticpages" time="0">
    <skipped message="Could not start a new session. Handshake response does not match any supported protocol &#10;Host info: host: &apos;DESKTOP-SS9KUUU&apos;, ip: &apos;192.168.1.178&apos;&#10;Build info: version: &apos;4.9.1&apos;, revision: &apos;eb2032df7f&apos;&#10;System info: os.name: &apos;Windows 11&apos;, os.arch: &apos;amd64&apos;, os.version: &apos;10.0&apos;, java.version: &apos;17.0.7&apos;&#10;Driver info: org.openqa.selenium.chrome.ChromeDriver&#10;Command: [null, newSession {capabilities=[Capabilities {browserName: Firefox, browserVersion: latest, bstack:options: {accessKey: twqxQydQD82kykCXeAwz, browser: Firefox, browserName: Firefox, browserVersion: latest, browserstackSDK: testng-javaagent/1.5.2, buildIdentifier: #58, buildName: jenkins_BrowserStack-, consoleLogs: errors, debug: false, hostName: DESKTOP-SS9KUUU, local: true, localIdentifier: 30_May_1127_DESKTOP_SS9KUUU..., networkLogs: false, os: Windows, osVersion: 10, projectName: BrowserStack Samples, source: testng:sample-master:v1.1, userName: deepakkumar_rQ89ol}, goog:chromeOptions: {args: [--remote-allow-origins=*, start-maximized, --disable-notifications], extensions: []}}]}]"/>
  </testcase>
  <testcase name="privacypolicy" classname="com.browserstack.staticpages" time="0">
    <skipped message="Could not start a new session. Handshake response does not match any supported protocol &#10;Host info: host: &apos;DESKTOP-SS9KUUU&apos;, ip: &apos;192.168.1.178&apos;&#10;Build info: version: &apos;4.9.1&apos;, revision: &apos;eb2032df7f&apos;&#10;System info: os.name: &apos;Windows 11&apos;, os.arch: &apos;amd64&apos;, os.version: &apos;10.0&apos;, java.version: &apos;17.0.7&apos;&#10;Driver info: org.openqa.selenium.chrome.ChromeDriver&#10;Command: [null, newSession {capabilities=[Capabilities {browserName: Safari, browserVersion: latest, bstack:options: {accessKey: twqxQydQD82kykCXeAwz, browser: Safari, browserName: Safari, browserVersion: latest, browserstackSDK: testng-javaagent/1.5.2, buildIdentifier: #58, buildName: jenkins_BrowserStack-, consoleLogs: errors, debug: false, hostName: DESKTOP-SS9KUUU, local: true, localIdentifier: 30_May_1127_DESKTOP_SS9KUUU..., networkLogs: false, os: OS X, osVersion: Big Sur, projectName: BrowserStack Samples, source: testng:sample-master:v1.1, userName: deepakkumar_rQ89ol}, goog:chromeOptions: {args: [--remote-allow-origins=*, start-maximized, --disable-notifications], extensions: []}}]}]"/>
  </testcase>
  <testcase name="privacypolicy" classname="com.browserstack.staticpages" time="0">
    <skipped message="Could not start a new session. Handshake response does not match any supported protocol &#10;Host info: host: &apos;DESKTOP-SS9KUUU&apos;, ip: &apos;192.168.1.178&apos;&#10;Build info: version: &apos;4.9.1&apos;, revision: &apos;eb2032df7f&apos;&#10;System info: os.name: &apos;Windows 11&apos;, os.arch: &apos;amd64&apos;, os.version: &apos;10.0&apos;, java.version: &apos;17.0.7&apos;&#10;Driver info: org.openqa.selenium.chrome.ChromeDriver&#10;Command: [null, newSession {capabilities=[Capabilities {browserName: Chrome, browserVersion: latest, bstack:options: {accessKey: twqxQydQD82kykCXeAwz, browser: Chrome, browserName: Chrome, browserVersion: latest, browserstackSDK: testng-javaagent/1.5.2, buildIdentifier: #58, buildName: jenkins_BrowserStack-, consoleLogs: errors, debug: false, hostName: DESKTOP-SS9KUUU, local: true, localIdentifier: 30_May_1127_DESKTOP_SS9KUUU..., networkLogs: false, os: Windows, osVersion: 10, projectName: BrowserStack Samples, source: testng:sample-master:v1.1, userName: deepakkumar_rQ89ol}, goog:chromeOptions: {args: [--remote-allow-origins=*, start-maximized, --disable-notifications], extensions: []}}]}]"/>
    <system-err><![CDATA[May 30, 2023 11:34:19 AM org.openqa.selenium.manager.SeleniumManager getDriverPath
INFO: Applicable driver not found; attempting to install with Selenium Manager (Beta)
]]></system-err>
  </testcase>
  <testcase name="privacypolicy" classname="com.browserstack.staticpages" time="0">
    <skipped message="Could not start a new session. Handshake response does not match any supported protocol &#10;Host info: host: &apos;DESKTOP-SS9KUUU&apos;, ip: &apos;192.168.1.178&apos;&#10;Build info: version: &apos;4.9.1&apos;, revision: &apos;eb2032df7f&apos;&#10;System info: os.name: &apos;Windows 11&apos;, os.arch: &apos;amd64&apos;, os.version: &apos;10.0&apos;, java.version: &apos;17.0.7&apos;&#10;Driver info: org.openqa.selenium.chrome.ChromeDriver&#10;Command: [null, newSession {capabilities=[Capabilities {browserName: chrome, browserVersion: null, bstack:options: {accessKey: twqxQydQD82kykCXeAwz, browser: chrome, browserName: chrome, browserVersion: null, browserstackSDK: testng-javaagent/1.5.2, buildIdentifier: #58, buildName: jenkins_BrowserStack-, consoleLogs: errors, debug: false, deviceName: Samsung Galaxy S21, hostName: DESKTOP-SS9KUUU, local: true, localIdentifier: 30_May_1127_DESKTOP_SS9KUUU..., networkLogs: false, os: android, osVersion: 11.0, projectName: BrowserStack Samples, source: testng:sample-master:v1.1, userName: deepakkumar_rQ89ol}, goog:chromeOptions: {args: [--remote-allow-origins=*, start-maximized, --disable-notifications], extensions: []}}]}]"/>
  </testcase>
  <testcase name="privacypolicy" classname="com.browserstack.staticpages" time="0">
    <skipped message="Could not start a new session. Handshake response does not match any supported protocol &#10;Host info: host: &apos;DESKTOP-SS9KUUU&apos;, ip: &apos;192.168.1.178&apos;&#10;Build info: version: &apos;4.9.1&apos;, revision: &apos;eb2032df7f&apos;&#10;System info: os.name: &apos;Windows 11&apos;, os.arch: &apos;amd64&apos;, os.version: &apos;10.0&apos;, java.version: &apos;17.0.7&apos;&#10;Driver info: org.openqa.selenium.chrome.ChromeDriver&#10;Command: [null, newSession {capabilities=[Capabilities {browserName: safari, browserVersion: null, bstack:options: {accessKey: twqxQydQD82kykCXeAwz, browser: safari, browserName: safari, browserVersion: null, browserstackSDK: testng-javaagent/1.5.2, buildIdentifier: #58, buildName: jenkins_BrowserStack-, consoleLogs: errors, debug: false, deviceName: iPhone 12, hostName: DESKTOP-SS9KUUU, local: true, localIdentifier: 30_May_1127_DESKTOP_SS9KUUU..., networkLogs: false, os: ios, osVersion: 14.0, projectName: BrowserStack Samples, source: testng:sample-master:v1.1, userName: deepakkumar_rQ89ol}, goog:chromeOptions: {args: [--remote-allow-origins=*, start-maximized, --disable-notifications], extensions: []}}]}]"/>
  </testcase>
  <testcase name="privacypolicy" classname="com.browserstack.staticpages" time="0">
    <skipped message="Could not start a new session. Handshake response does not match any supported protocol &#10;Host info: host: &apos;DESKTOP-SS9KUUU&apos;, ip: &apos;192.168.1.178&apos;&#10;Build info: version: &apos;4.9.1&apos;, revision: &apos;eb2032df7f&apos;&#10;System info: os.name: &apos;Windows 11&apos;, os.arch: &apos;amd64&apos;, os.version: &apos;10.0&apos;, java.version: &apos;17.0.7&apos;&#10;Driver info: org.openqa.selenium.chrome.ChromeDriver&#10;Command: [null, newSession {capabilities=[Capabilities {browserName: Firefox, browserVersion: latest, bstack:options: {accessKey: twqxQydQD82kykCXeAwz, browser: Firefox, browserName: Firefox, browserVersion: latest, browserstackSDK: testng-javaagent/1.5.2, buildIdentifier: #58, buildName: jenkins_BrowserStack-, consoleLogs: errors, debug: false, hostName: DESKTOP-SS9KUUU, local: true, localIdentifier: 30_May_1127_DESKTOP_SS9KUUU..., networkLogs: false, os: Windows, osVersion: 10, projectName: BrowserStack Samples, source: testng:sample-master:v1.1, userName: deepakkumar_rQ89ol}, goog:chromeOptions: {args: [--remote-allow-origins=*, start-maximized, --disable-notifications], extensions: []}}]}]"/>
  </testcase>
  <testcase name="pugs" classname="com.browserstack.staticpages" time="0">
    <skipped message="Could not start a new session. Handshake response does not match any supported protocol &#10;Host info: host: &apos;DESKTOP-SS9KUUU&apos;, ip: &apos;192.168.1.178&apos;&#10;Build info: version: &apos;4.9.1&apos;, revision: &apos;eb2032df7f&apos;&#10;System info: os.name: &apos;Windows 11&apos;, os.arch: &apos;amd64&apos;, os.version: &apos;10.0&apos;, java.version: &apos;17.0.7&apos;&#10;Driver info: org.openqa.selenium.chrome.ChromeDriver&#10;Command: [null, newSession {capabilities=[Capabilities {browserName: Safari, browserVersion: latest, bstack:options: {accessKey: twqxQydQD82kykCXeAwz, browser: Safari, browserName: Safari, browserVersion: latest, browserstackSDK: testng-javaagent/1.5.2, buildIdentifier: #58, buildName: jenkins_BrowserStack-, consoleLogs: errors, debug: false, hostName: DESKTOP-SS9KUUU, local: true, localIdentifier: 30_May_1127_DESKTOP_SS9KUUU..., networkLogs: false, os: OS X, osVersion: Big Sur, projectName: BrowserStack Samples, source: testng:sample-master:v1.1, userName: deepakkumar_rQ89ol}, goog:chromeOptions: {args: [--remote-allow-origins=*, start-maximized, --disable-notifications], extensions: []}}]}]"/>
  </testcase>
  <testcase name="pugs" classname="com.browserstack.staticpages" time="0">
    <skipped message="Could not start a new session. Handshake response does not match any supported protocol &#10;Host info: host: &apos;DESKTOP-SS9KUUU&apos;, ip: &apos;192.168.1.178&apos;&#10;Build info: version: &apos;4.9.1&apos;, revision: &apos;eb2032df7f&apos;&#10;System info: os.name: &apos;Windows 11&apos;, os.arch: &apos;amd64&apos;, os.version: &apos;10.0&apos;, java.version: &apos;17.0.7&apos;&#10;Driver info: org.openqa.selenium.chrome.ChromeDriver&#10;Command: [null, newSession {capabilities=[Capabilities {browserName: Chrome, browserVersion: latest, bstack:options: {accessKey: twqxQydQD82kykCXeAwz, browser: Chrome, browserName: Chrome, browserVersion: latest, browserstackSDK: testng-javaagent/1.5.2, buildIdentifier: #58, buildName: jenkins_BrowserStack-, consoleLogs: errors, debug: false, hostName: DESKTOP-SS9KUUU, local: true, localIdentifier: 30_May_1127_DESKTOP_SS9KUUU..., networkLogs: false, os: Windows, osVersion: 10, projectName: BrowserStack Samples, source: testng:sample-master:v1.1, userName: deepakkumar_rQ89ol}, goog:chromeOptions: {args: [--remote-allow-origins=*, start-maximized, --disable-notifications], extensions: []}}]}]"/>
    <system-err><![CDATA[May 30, 2023 11:34:23 AM org.openqa.selenium.manager.SeleniumManager getDriverPath
INFO: Applicable driver not found; attempting to install with Selenium Manager (Beta)
]]></system-err>
  </testcase>
  <testcase name="pugs" classname="com.browserstack.staticpages" time="0">
    <skipped message="Could not start a new session. Handshake response does not match any supported protocol &#10;Host info: host: &apos;DESKTOP-SS9KUUU&apos;, ip: &apos;192.168.1.178&apos;&#10;Build info: version: &apos;4.9.1&apos;, revision: &apos;eb2032df7f&apos;&#10;System info: os.name: &apos;Windows 11&apos;, os.arch: &apos;amd64&apos;, os.version: &apos;10.0&apos;, java.version: &apos;17.0.7&apos;&#10;Driver info: org.openqa.selenium.chrome.ChromeDriver&#10;Command: [null, newSession {capabilities=[Capabilities {browserName: chrome, browserVersion: null, bstack:options: {accessKey: twqxQydQD82kykCXeAwz, browser: chrome, browserName: chrome, browserVersion: null, browserstackSDK: testng-javaagent/1.5.2, buildIdentifier: #58, buildName: jenkins_BrowserStack-, consoleLogs: errors, debug: false, deviceName: Samsung Galaxy S21, hostName: DESKTOP-SS9KUUU, local: true, localIdentifier: 30_May_1127_DESKTOP_SS9KUUU..., networkLogs: false, os: android, osVersion: 11.0, projectName: BrowserStack Samples, source: testng:sample-master:v1.1, userName: deepakkumar_rQ89ol}, goog:chromeOptions: {args: [--remote-allow-origins=*, start-maximized, --disable-notifications], extensions: []}}]}]"/>
  </testcase>
  <testcase name="pugs" classname="com.browserstack.staticpages" time="0">
    <skipped message="Could not start a new session. Handshake response does not match any supported protocol &#10;Host info: host: &apos;DESKTOP-SS9KUUU&apos;, ip: &apos;192.168.1.178&apos;&#10;Build info: version: &apos;4.9.1&apos;, revision: &apos;eb2032df7f&apos;&#10;System info: os.name: &apos;Windows 11&apos;, os.arch: &apos;amd64&apos;, os.version: &apos;10.0&apos;, java.version: &apos;17.0.7&apos;&#10;Driver info: org.openqa.selenium.chrome.ChromeDriver&#10;Command: [null, newSession {capabilities=[Capabilities {browserName: safari, browserVersion: null, bstack:options: {accessKey: twqxQydQD82kykCXeAwz, browser: safari, browserName: safari, browserVersion: null, browserstackSDK: testng-javaagent/1.5.2, buildIdentifier: #58, buildName: jenkins_BrowserStack-, consoleLogs: errors, debug: false, deviceName: iPhone 12, hostName: DESKTOP-SS9KUUU, local: true, localIdentifier: 30_May_1127_DESKTOP_SS9KUUU..., networkLogs: false, os: ios, osVersion: 14.0, projectName: BrowserStack Samples, source: testng:sample-master:v1.1, userName: deepakkumar_rQ89ol}, goog:chromeOptions: {args: [--remote-allow-origins=*, start-maximized, --disable-notifications], extensions: []}}]}]"/>
  </testcase>
  <testcase name="pugs" classname="com.browserstack.staticpages" time="0">
    <skipped message="Could not start a new session. Handshake response does not match any supported protocol &#10;Host info: host: &apos;DESKTOP-SS9KUUU&apos;, ip: &apos;192.168.1.178&apos;&#10;Build info: version: &apos;4.9.1&apos;, revision: &apos;eb2032df7f&apos;&#10;System info: os.name: &apos;Windows 11&apos;, os.arch: &apos;amd64&apos;, os.version: &apos;10.0&apos;, java.version: &apos;17.0.7&apos;&#10;Driver info: org.openqa.selenium.chrome.ChromeDriver&#10;Command: [null, newSession {capabilities=[Capabilities {browserName: Firefox, browserVersion: latest, bstack:options: {accessKey: twqxQydQD82kykCXeAwz, browser: Firefox, browserName: Firefox, browserVersion: latest, browserstackSDK: testng-javaagent/1.5.2, buildIdentifier: #58, buildName: jenkins_BrowserStack-, consoleLogs: errors, debug: false, hostName: DESKTOP-SS9KUUU, local: true, localIdentifier: 30_May_1127_DESKTOP_SS9KUUU..., networkLogs: false, os: Windows, osVersion: 10, projectName: BrowserStack Samples, source: testng:sample-master:v1.1, userName: deepakkumar_rQ89ol}, goog:chromeOptions: {args: [--remote-allow-origins=*, start-maximized, --disable-notifications], extensions: []}}]}]"/>
  </testcase>
  <testcase name="puppy" classname="com.browserstack.staticpages" time="0">
    <skipped message="Could not start a new session. Handshake response does not match any supported protocol &#10;Host info: host: &apos;DESKTOP-SS9KUUU&apos;, ip: &apos;192.168.1.178&apos;&#10;Build info: version: &apos;4.9.1&apos;, revision: &apos;eb2032df7f&apos;&#10;System info: os.name: &apos;Windows 11&apos;, os.arch: &apos;amd64&apos;, os.version: &apos;10.0&apos;, java.version: &apos;17.0.7&apos;&#10;Driver info: org.openqa.selenium.chrome.ChromeDriver&#10;Command: [null, newSession {capabilities=[Capabilities {browserName: Safari, browserVersion: latest, bstack:options: {accessKey: twqxQydQD82kykCXeAwz, browser: Safari, browserName: Safari, browserVersion: latest, browserstackSDK: testng-javaagent/1.5.2, buildIdentifier: #58, buildName: jenkins_BrowserStack-, consoleLogs: errors, debug: false, hostName: DESKTOP-SS9KUUU, local: true, localIdentifier: 30_May_1127_DESKTOP_SS9KUUU..., networkLogs: false, os: OS X, osVersion: Big Sur, projectName: BrowserStack Samples, source: testng:sample-master:v1.1, userName: deepakkumar_rQ89ol}, goog:chromeOptions: {args: [--remote-allow-origins=*, start-maximized, --disable-notifications], extensions: []}}]}]"/>
  </testcase>
  <testcase name="puppy" classname="com.browserstack.staticpages" time="0">
    <skipped message="Could not start a new session. Handshake response does not match any supported protocol &#10;Host info: host: &apos;DESKTOP-SS9KUUU&apos;, ip: &apos;192.168.1.178&apos;&#10;Build info: version: &apos;4.9.1&apos;, revision: &apos;eb2032df7f&apos;&#10;System info: os.name: &apos;Windows 11&apos;, os.arch: &apos;amd64&apos;, os.version: &apos;10.0&apos;, java.version: &apos;17.0.7&apos;&#10;Driver info: org.openqa.selenium.chrome.ChromeDriver&#10;Command: [null, newSession {capabilities=[Capabilities {browserName: Chrome, browserVersion: latest, bstack:options: {accessKey: twqxQydQD82kykCXeAwz, browser: Chrome, browserName: Chrome, browserVersion: latest, browserstackSDK: testng-javaagent/1.5.2, buildIdentifier: #58, buildName: jenkins_BrowserStack-, consoleLogs: errors, debug: false, hostName: DESKTOP-SS9KUUU, local: true, localIdentifier: 30_May_1127_DESKTOP_SS9KUUU..., networkLogs: false, os: Windows, osVersion: 10, projectName: BrowserStack Samples, source: testng:sample-master:v1.1, userName: deepakkumar_rQ89ol}, goog:chromeOptions: {args: [--remote-allow-origins=*, start-maximized, --disable-notifications], extensions: []}}]}]"/>
    <system-err><![CDATA[May 30, 2023 11:34:28 AM org.openqa.selenium.manager.SeleniumManager getDriverPath
INFO: Applicable driver not found; attempting to install with Selenium Manager (Beta)
]]></system-err>
  </testcase>
  <testcase name="puppy" classname="com.browserstack.staticpages" time="0">
    <skipped message="Could not start a new session. Handshake response does not match any supported protocol &#10;Host info: host: &apos;DESKTOP-SS9KUUU&apos;, ip: &apos;192.168.1.178&apos;&#10;Build info: version: &apos;4.9.1&apos;, revision: &apos;eb2032df7f&apos;&#10;System info: os.name: &apos;Windows 11&apos;, os.arch: &apos;amd64&apos;, os.version: &apos;10.0&apos;, java.version: &apos;17.0.7&apos;&#10;Driver info: org.openqa.selenium.chrome.ChromeDriver&#10;Command: [null, newSession {capabilities=[Capabilities {browserName: chrome, browserVersion: null, bstack:options: {accessKey: twqxQydQD82kykCXeAwz, browser: chrome, browserName: chrome, browserVersion: null, browserstackSDK: testng-javaagent/1.5.2, buildIdentifier: #58, buildName: jenkins_BrowserStack-, consoleLogs: errors, debug: false, deviceName: Samsung Galaxy S21, hostName: DESKTOP-SS9KUUU, local: true, localIdentifier: 30_May_1127_DESKTOP_SS9KUUU..., networkLogs: false, os: android, osVersion: 11.0, projectName: BrowserStack Samples, source: testng:sample-master:v1.1, userName: deepakkumar_rQ89ol}, goog:chromeOptions: {args: [--remote-allow-origins=*, start-maximized, --disable-notifications], extensions: []}}]}]"/>
    <system-err><![CDATA[May 30, 2023 11:34:34 AM org.openqa.selenium.manager.SeleniumManager getDriverPath
INFO: Applicable driver not found; attempting to install with Selenium Manager (Beta)
May 30, 2023 11:34:35 AM org.openqa.selenium.manager.SeleniumManager getDriverPath
INFO: Applicable driver not found; attempting to install with Selenium Manager (Beta)
]]></system-err>
  </testcase>
  <testcase name="puppy" classname="com.browserstack.staticpages" time="0">
    <skipped message="Could not start a new session. Handshake response does not match any supported protocol &#10;Host info: host: &apos;DESKTOP-SS9KUUU&apos;, ip: &apos;192.168.1.178&apos;&#10;Build info: version: &apos;4.9.1&apos;, revision: &apos;eb2032df7f&apos;&#10;System info: os.name: &apos;Windows 11&apos;, os.arch: &apos;amd64&apos;, os.version: &apos;10.0&apos;, java.version: &apos;17.0.7&apos;&#10;Driver info: org.openqa.selenium.chrome.ChromeDriver&#10;Command: [null, newSession {capabilities=[Capabilities {browserName: safari, browserVersion: null, bstack:options: {accessKey: twqxQydQD82kykCXeAwz, browser: safari, browserName: safari, browserVersion: null, browserstackSDK: testng-javaagent/1.5.2, buildIdentifier: #58, buildName: jenkins_BrowserStack-, consoleLogs: errors, debug: false, deviceName: iPhone 12, hostName: DESKTOP-SS9KUUU, local: true, localIdentifier: 30_May_1127_DESKTOP_SS9KUUU..., networkLogs: false, os: ios, osVersion: 14.0, projectName: BrowserStack Samples, source: testng:sample-master:v1.1, userName: deepakkumar_rQ89ol}, goog:chromeOptions: {args: [--remote-allow-origins=*, start-maximized, --disable-notifications], extensions: []}}]}]"/>
  </testcase>
  <testcase name="puppy" classname="com.browserstack.staticpages" time="0">
    <skipped message="Could not start a new session. Handshake response does not match any supported protocol &#10;Host info: host: &apos;DESKTOP-SS9KUUU&apos;, ip: &apos;192.168.1.178&apos;&#10;Build info: version: &apos;4.9.1&apos;, revision: &apos;eb2032df7f&apos;&#10;System info: os.name: &apos;Windows 11&apos;, os.arch: &apos;amd64&apos;, os.version: &apos;10.0&apos;, java.version: &apos;17.0.7&apos;&#10;Driver info: org.openqa.selenium.chrome.ChromeDriver&#10;Command: [null, newSession {capabilities=[Capabilities {browserName: Firefox, browserVersion: latest, bstack:options: {accessKey: twqxQydQD82kykCXeAwz, browser: Firefox, browserName: Firefox, browserVersion: latest, browserstackSDK: testng-javaagent/1.5.2, buildIdentifier: #58, buildName: jenkins_BrowserStack-, consoleLogs: errors, debug: false, hostName: DESKTOP-SS9KUUU, local: true, localIdentifier: 30_May_1127_DESKTOP_SS9KUUU..., networkLogs: false, os: Windows, osVersion: 10, projectName: BrowserStack Samples, source: testng:sample-master:v1.1, userName: deepakkumar_rQ89ol}, goog:chromeOptions: {args: [--remote-allow-origins=*, start-maximized, --disable-notifications], extensions: []}}]}]"/>
  </testcase>
  <testcase name="referafriend" classname="com.browserstack.staticpages" time="0">
    <skipped message="Could not start a new session. Handshake response does not match any supported protocol &#10;Host info: host: &apos;DESKTOP-SS9KUUU&apos;, ip: &apos;192.168.1.178&apos;&#10;Build info: version: &apos;4.9.1&apos;, revision: &apos;eb2032df7f&apos;&#10;System info: os.name: &apos;Windows 11&apos;, os.arch: &apos;amd64&apos;, os.version: &apos;10.0&apos;, java.version: &apos;17.0.7&apos;&#10;Driver info: org.openqa.selenium.chrome.ChromeDriver&#10;Command: [null, newSession {capabilities=[Capabilities {browserName: Safari, browserVersion: latest, bstack:options: {accessKey: twqxQydQD82kykCXeAwz, browser: Safari, browserName: Safari, browserVersion: latest, browserstackSDK: testng-javaagent/1.5.2, buildIdentifier: #58, buildName: jenkins_BrowserStack-, consoleLogs: errors, debug: false, hostName: DESKTOP-SS9KUUU, local: true, localIdentifier: 30_May_1127_DESKTOP_SS9KUUU..., networkLogs: false, os: OS X, osVersion: Big Sur, projectName: BrowserStack Samples, source: testng:sample-master:v1.1, userName: deepakkumar_rQ89ol}, goog:chromeOptions: {args: [--remote-allow-origins=*, start-maximized, --disable-notifications], extensions: []}}]}]"/>
  </testcase>
  <testcase name="referafriend" classname="com.browserstack.staticpages" time="0">
    <skipped message="Could not start a new session. Handshake response does not match any supported protocol &#10;Host info: host: &apos;DESKTOP-SS9KUUU&apos;, ip: &apos;192.168.1.178&apos;&#10;Build info: version: &apos;4.9.1&apos;, revision: &apos;eb2032df7f&apos;&#10;System info: os.name: &apos;Windows 11&apos;, os.arch: &apos;amd64&apos;, os.version: &apos;10.0&apos;, java.version: &apos;17.0.7&apos;&#10;Driver info: org.openqa.selenium.chrome.ChromeDriver&#10;Command: [null, newSession {capabilities=[Capabilities {browserName: Chrome, browserVersion: latest, bstack:options: {accessKey: twqxQydQD82kykCXeAwz, browser: Chrome, browserName: Chrome, browserVersion: latest, browserstackSDK: testng-javaagent/1.5.2, buildIdentifier: #58, buildName: jenkins_BrowserStack-, consoleLogs: errors, debug: false, hostName: DESKTOP-SS9KUUU, local: true, localIdentifier: 30_May_1127_DESKTOP_SS9KUUU..., networkLogs: false, os: Windows, osVersion: 10, projectName: BrowserStack Samples, source: testng:sample-master:v1.1, userName: deepakkumar_rQ89ol}, goog:chromeOptions: {args: [--remote-allow-origins=*, start-maximized, --disable-notifications], extensions: []}}]}]"/>
    <system-err><![CDATA[May 30, 2023 11:34:32 AM org.openqa.selenium.manager.SeleniumManager getDriverPath
INFO: Applicable driver not found; attempting to install with Selenium Manager (Beta)
]]></system-err>
  </testcase>
  <testcase name="referafriend" classname="com.browserstack.staticpages" time="0">
    <skipped message="Could not start a new session. Handshake response does not match any supported protocol &#10;Host info: host: &apos;DESKTOP-SS9KUUU&apos;, ip: &apos;192.168.1.178&apos;&#10;Build info: version: &apos;4.9.1&apos;, revision: &apos;eb2032df7f&apos;&#10;System info: os.name: &apos;Windows 11&apos;, os.arch: &apos;amd64&apos;, os.version: &apos;10.0&apos;, java.version: &apos;17.0.7&apos;&#10;Driver info: org.openqa.selenium.chrome.ChromeDriver&#10;Command: [null, newSession {capabilities=[Capabilities {browserName: chrome, browserVersion: null, bstack:options: {accessKey: twqxQydQD82kykCXeAwz, browser: chrome, browserName: chrome, browserVersion: null, browserstackSDK: testng-javaagent/1.5.2, buildIdentifier: #58, buildName: jenkins_BrowserStack-, consoleLogs: errors, debug: false, deviceName: Samsung Galaxy S21, hostName: DESKTOP-SS9KUUU, local: true, localIdentifier: 30_May_1127_DESKTOP_SS9KUUU..., networkLogs: false, os: android, osVersion: 11.0, projectName: BrowserStack Samples, source: testng:sample-master:v1.1, userName: deepakkumar_rQ89ol}, goog:chromeOptions: {args: [--remote-allow-origins=*, start-maximized, --disable-notifications], extensions: []}}]}]"/>
    <system-err><![CDATA[May 30, 2023 11:34:39 AM org.openqa.selenium.manager.SeleniumManager getDriverPath
INFO: Applicable driver not found; attempting to install with Selenium Manager (Beta)
May 30, 2023 11:34:39 AM org.openqa.selenium.manager.SeleniumManager getDriverPath
INFO: Applicable driver not found; attempting to install with Selenium Manager (Beta)
]]></system-err>
  </testcase>
  <testcase name="referafriend" classname="com.browserstack.staticpages" time="0">
    <skipped message="Could not start a new session. Handshake response does not match any supported protocol &#10;Host info: host: &apos;DESKTOP-SS9KUUU&apos;, ip: &apos;192.168.1.178&apos;&#10;Build info: version: &apos;4.9.1&apos;, revision: &apos;eb2032df7f&apos;&#10;System info: os.name: &apos;Windows 11&apos;, os.arch: &apos;amd64&apos;, os.version: &apos;10.0&apos;, java.version: &apos;17.0.7&apos;&#10;Driver info: org.openqa.selenium.chrome.ChromeDriver&#10;Command: [null, newSession {capabilities=[Capabilities {browserName: safari, browserVersion: null, bstack:options: {accessKey: twqxQydQD82kykCXeAwz, browser: safari, browserName: safari, browserVersion: null, browserstackSDK: testng-javaagent/1.5.2, buildIdentifier: #58, buildName: jenkins_BrowserStack-, consoleLogs: errors, debug: false, deviceName: iPhone 12, hostName: DESKTOP-SS9KUUU, local: true, localIdentifier: 30_May_1127_DESKTOP_SS9KUUU..., networkLogs: false, os: ios, osVersion: 14.0, projectName: BrowserStack Samples, source: testng:sample-master:v1.1, userName: deepakkumar_rQ89ol}, goog:chromeOptions: {args: [--remote-allow-origins=*, start-maximized, --disable-notifications], extensions: []}}]}]"/>
  </testcase>
  <testcase name="referafriend" classname="com.browserstack.staticpages" time="0">
    <skipped message="Could not start a new session. Handshake response does not match any supported protocol &#10;Host info: host: &apos;DESKTOP-SS9KUUU&apos;, ip: &apos;192.168.1.178&apos;&#10;Build info: version: &apos;4.9.1&apos;, revision: &apos;eb2032df7f&apos;&#10;System info: os.name: &apos;Windows 11&apos;, os.arch: &apos;amd64&apos;, os.version: &apos;10.0&apos;, java.version: &apos;17.0.7&apos;&#10;Driver info: org.openqa.selenium.chrome.ChromeDriver&#10;Command: [null, newSession {capabilities=[Capabilities {browserName: Firefox, browserVersion: latest, bstack:options: {accessKey: twqxQydQD82kykCXeAwz, browser: Firefox, browserName: Firefox, browserVersion: latest, browserstackSDK: testng-javaagent/1.5.2, buildIdentifier: #58, buildName: jenkins_BrowserStack-, consoleLogs: errors, debug: false, hostName: DESKTOP-SS9KUUU, local: true, localIdentifier: 30_May_1127_DESKTOP_SS9KUUU..., networkLogs: false, os: Windows, osVersion: 10, projectName: BrowserStack Samples, source: testng:sample-master:v1.1, userName: deepakkumar_rQ89ol}, goog:chromeOptions: {args: [--remote-allow-origins=*, start-maximized, --disable-notifications], extensions: []}}]}]"/>
  </testcase>
  <testcase name="senoirdogessentials" classname="com.browserstack.staticpages" time="0">
    <skipped message="Could not start a new session. Handshake response does not match any supported protocol &#10;Host info: host: &apos;DESKTOP-SS9KUUU&apos;, ip: &apos;192.168.1.178&apos;&#10;Build info: version: &apos;4.9.1&apos;, revision: &apos;eb2032df7f&apos;&#10;System info: os.name: &apos;Windows 11&apos;, os.arch: &apos;amd64&apos;, os.version: &apos;10.0&apos;, java.version: &apos;17.0.7&apos;&#10;Driver info: org.openqa.selenium.chrome.ChromeDriver&#10;Command: [null, newSession {capabilities=[Capabilities {browserName: Safari, browserVersion: latest, bstack:options: {accessKey: twqxQydQD82kykCXeAwz, browser: Safari, browserName: Safari, browserVersion: latest, browserstackSDK: testng-javaagent/1.5.2, buildIdentifier: #58, buildName: jenkins_BrowserStack-, consoleLogs: errors, debug: false, hostName: DESKTOP-SS9KUUU, local: true, localIdentifier: 30_May_1127_DESKTOP_SS9KUUU..., networkLogs: false, os: OS X, osVersion: Big Sur, projectName: BrowserStack Samples, source: testng:sample-master:v1.1, userName: deepakkumar_rQ89ol}, goog:chromeOptions: {args: [--remote-allow-origins=*, start-maximized, --disable-notifications], extensions: []}}]}]"/>
  </testcase>
  <testcase name="senoirdogessentials" classname="com.browserstack.staticpages" time="0">
    <skipped message="Could not start a new session. Handshake response does not match any supported protocol &#10;Host info: host: &apos;DESKTOP-SS9KUUU&apos;, ip: &apos;192.168.1.178&apos;&#10;Build info: version: &apos;4.9.1&apos;, revision: &apos;eb2032df7f&apos;&#10;System info: os.name: &apos;Windows 11&apos;, os.arch: &apos;amd64&apos;, os.version: &apos;10.0&apos;, java.version: &apos;17.0.7&apos;&#10;Driver info: org.openqa.selenium.chrome.ChromeDriver&#10;Command: [null, newSession {capabilities=[Capabilities {browserName: Chrome, browserVersion: latest, bstack:options: {accessKey: twqxQydQD82kykCXeAwz, browser: Chrome, browserName: Chrome, browserVersion: latest, browserstackSDK: testng-javaagent/1.5.2, buildIdentifier: #58, buildName: jenkins_BrowserStack-, consoleLogs: errors, debug: false, hostName: DESKTOP-SS9KUUU, local: true, localIdentifier: 30_May_1127_DESKTOP_SS9KUUU..., networkLogs: false, os: Windows, osVersion: 10, projectName: BrowserStack Samples, source: testng:sample-master:v1.1, userName: deepakkumar_rQ89ol}, goog:chromeOptions: {args: [--remote-allow-origins=*, start-maximized, --disable-notifications], extensions: []}}]}]"/>
    <system-err><![CDATA[May 30, 2023 11:34:37 AM org.openqa.selenium.manager.SeleniumManager getDriverPath
INFO: Applicable driver not found; attempting to install with Selenium Manager (Beta)
]]></system-err>
  </testcase>
  <testcase name="senoirdogessentials" classname="com.browserstack.staticpages" time="0">
    <skipped message="Could not start a new session. Handshake response does not match any supported protocol &#10;Host info: host: &apos;DESKTOP-SS9KUUU&apos;, ip: &apos;192.168.1.178&apos;&#10;Build info: version: &apos;4.9.1&apos;, revision: &apos;eb2032df7f&apos;&#10;System info: os.name: &apos;Windows 11&apos;, os.arch: &apos;amd64&apos;, os.version: &apos;10.0&apos;, java.version: &apos;17.0.7&apos;&#10;Driver info: org.openqa.selenium.chrome.ChromeDriver&#10;Command: [null, newSession {capabilities=[Capabilities {browserName: chrome, browserVersion: null, bstack:options: {accessKey: twqxQydQD82kykCXeAwz, browser: chrome, browserName: chrome, browserVersion: null, browserstackSDK: testng-javaagent/1.5.2, buildIdentifier: #58, buildName: jenkins_BrowserStack-, consoleLogs: errors, debug: false, deviceName: Samsung Galaxy S21, hostName: DESKTOP-SS9KUUU, local: true, localIdentifier: 30_May_1127_DESKTOP_SS9KUUU..., networkLogs: false, os: android, osVersion: 11.0, projectName: BrowserStack Samples, source: testng:sample-master:v1.1, userName: deepakkumar_rQ89ol}, goog:chromeOptions: {args: [--remote-allow-origins=*, start-maximized, --disable-notifications], extensions: []}}]}]"/>
    <system-err><![CDATA[May 30, 2023 11:34:44 AM org.openqa.selenium.manager.SeleniumManager getDriverPath
INFO: Applicable driver not found; attempting to install with Selenium Manager (Beta)
May 30, 2023 11:34:44 AM org.openqa.selenium.manager.SeleniumManager getDriverPath
INFO: Applicable driver not found; attempting to install with Selenium Manager (Beta)
]]></system-err>
  </testcase>
  <testcase name="senoirdogessentials" classname="com.browserstack.staticpages" time="0">
    <skipped message="Could not start a new session. Handshake response does not match any supported protocol &#10;Host info: host: &apos;DESKTOP-SS9KUUU&apos;, ip: &apos;192.168.1.178&apos;&#10;Build info: version: &apos;4.9.1&apos;, revision: &apos;eb2032df7f&apos;&#10;System info: os.name: &apos;Windows 11&apos;, os.arch: &apos;amd64&apos;, os.version: &apos;10.0&apos;, java.version: &apos;17.0.7&apos;&#10;Driver info: org.openqa.selenium.chrome.ChromeDriver&#10;Command: [null, newSession {capabilities=[Capabilities {browserName: safari, browserVersion: null, bstack:options: {accessKey: twqxQydQD82kykCXeAwz, browser: safari, browserName: safari, browserVersion: null, browserstackSDK: testng-javaagent/1.5.2, buildIdentifier: #58, buildName: jenkins_BrowserStack-, consoleLogs: errors, debug: false, deviceName: iPhone 12, hostName: DESKTOP-SS9KUUU, local: true, localIdentifier: 30_May_1127_DESKTOP_SS9KUUU..., networkLogs: false, os: ios, osVersion: 14.0, projectName: BrowserStack Samples, source: testng:sample-master:v1.1, userName: deepakkumar_rQ89ol}, goog:chromeOptions: {args: [--remote-allow-origins=*, start-maximized, --disable-notifications], extensions: []}}]}]"/>
  </testcase>
  <testcase name="senoirdogessentials" classname="com.browserstack.staticpages" time="0">
    <skipped message="Could not start a new session. Handshake response does not match any supported protocol &#10;Host info: host: &apos;DESKTOP-SS9KUUU&apos;, ip: &apos;192.168.1.178&apos;&#10;Build info: version: &apos;4.9.1&apos;, revision: &apos;eb2032df7f&apos;&#10;System info: os.name: &apos;Windows 11&apos;, os.arch: &apos;amd64&apos;, os.version: &apos;10.0&apos;, java.version: &apos;17.0.7&apos;&#10;Driver info: org.openqa.selenium.chrome.ChromeDriver&#10;Command: [null, newSession {capabilities=[Capabilities {browserName: Firefox, browserVersion: latest, bstack:options: {accessKey: twqxQydQD82kykCXeAwz, browser: Firefox, browserName: Firefox, browserVersion: latest, browserstackSDK: testng-javaagent/1.5.2, buildIdentifier: #58, buildName: jenkins_BrowserStack-, consoleLogs: errors, debug: false, hostName: DESKTOP-SS9KUUU, local: true, localIdentifier: 30_May_1127_DESKTOP_SS9KUUU..., networkLogs: false, os: Windows, osVersion: 10, projectName: BrowserStack Samples, source: testng:sample-master:v1.1, userName: deepakkumar_rQ89ol}, goog:chromeOptions: {args: [--remote-allow-origins=*, start-maximized, --disable-notifications], extensions: []}}]}]"/>
  </testcase>
  <testcase name="shihtzus" classname="com.browserstack.staticpages" time="0">
    <skipped message="Could not start a new session. Handshake response does not match any supported protocol &#10;Host info: host: &apos;DESKTOP-SS9KUUU&apos;, ip: &apos;192.168.1.178&apos;&#10;Build info: version: &apos;4.9.1&apos;, revision: &apos;eb2032df7f&apos;&#10;System info: os.name: &apos;Windows 11&apos;, os.arch: &apos;amd64&apos;, os.version: &apos;10.0&apos;, java.version: &apos;17.0.7&apos;&#10;Driver info: org.openqa.selenium.chrome.ChromeDriver&#10;Command: [null, newSession {capabilities=[Capabilities {browserName: Safari, browserVersion: latest, bstack:options: {accessKey: twqxQydQD82kykCXeAwz, browser: Safari, browserName: Safari, browserVersion: latest, browserstackSDK: testng-javaagent/1.5.2, buildIdentifier: #58, buildName: jenkins_BrowserStack-, consoleLogs: errors, debug: false, hostName: DESKTOP-SS9KUUU, local: true, localIdentifier: 30_May_1127_DESKTOP_SS9KUUU..., networkLogs: false, os: OS X, osVersion: Big Sur, projectName: BrowserStack Samples, source: testng:sample-master:v1.1, userName: deepakkumar_rQ89ol}, goog:chromeOptions: {args: [--remote-allow-origins=*, start-maximized, --disable-notifications], extensions: []}}]}]"/>
  </testcase>
  <testcase name="shihtzus" classname="com.browserstack.staticpages" time="0">
    <skipped message="Could not start a new session. Handshake response does not match any supported protocol &#10;Host info: host: &apos;DESKTOP-SS9KUUU&apos;, ip: &apos;192.168.1.178&apos;&#10;Build info: version: &apos;4.9.1&apos;, revision: &apos;eb2032df7f&apos;&#10;System info: os.name: &apos;Windows 11&apos;, os.arch: &apos;amd64&apos;, os.version: &apos;10.0&apos;, java.version: &apos;17.0.7&apos;&#10;Driver info: org.openqa.selenium.chrome.ChromeDriver&#10;Command: [null, newSession {capabilities=[Capabilities {browserName: Chrome, browserVersion: latest, bstack:options: {accessKey: twqxQydQD82kykCXeAwz, browser: Chrome, browserName: Chrome, browserVersion: latest, browserstackSDK: testng-javaagent/1.5.2, buildIdentifier: #58, buildName: jenkins_BrowserStack-, consoleLogs: errors, debug: false, hostName: DESKTOP-SS9KUUU, local: true, localIdentifier: 30_May_1127_DESKTOP_SS9KUUU..., networkLogs: false, os: Windows, osVersion: 10, projectName: BrowserStack Samples, source: testng:sample-master:v1.1, userName: deepakkumar_rQ89ol}, goog:chromeOptions: {args: [--remote-allow-origins=*, start-maximized, --disable-notifications], extensions: []}}]}]"/>
    <system-err><![CDATA[May 30, 2023 11:34:42 AM org.openqa.selenium.manager.SeleniumManager getDriverPath
INFO: Applicable driver not found; attempting to install with Selenium Manager (Beta)
]]></system-err>
  </testcase>
  <testcase name="shihtzus" classname="com.browserstack.staticpages" time="0">
    <skipped message="Could not start a new session. Handshake response does not match any supported protocol &#10;Host info: host: &apos;DESKTOP-SS9KUUU&apos;, ip: &apos;192.168.1.178&apos;&#10;Build info: version: &apos;4.9.1&apos;, revision: &apos;eb2032df7f&apos;&#10;System info: os.name: &apos;Windows 11&apos;, os.arch: &apos;amd64&apos;, os.version: &apos;10.0&apos;, java.version: &apos;17.0.7&apos;&#10;Driver info: org.openqa.selenium.chrome.ChromeDriver&#10;Command: [null, newSession {capabilities=[Capabilities {browserName: chrome, browserVersion: null, bstack:options: {accessKey: twqxQydQD82kykCXeAwz, browser: chrome, browserName: chrome, browserVersion: null, browserstackSDK: testng-javaagent/1.5.2, buildIdentifier: #58, buildName: jenkins_BrowserStack-, consoleLogs: errors, debug: false, deviceName: Samsung Galaxy S21, hostName: DESKTOP-SS9KUUU, local: true, localIdentifier: 30_May_1127_DESKTOP_SS9KUUU..., networkLogs: false, os: android, osVersion: 11.0, projectName: BrowserStack Samples, source: testng:sample-master:v1.1, userName: deepakkumar_rQ89ol}, goog:chromeOptions: {args: [--remote-allow-origins=*, start-maximized, --disable-notifications], extensions: []}}]}]"/>
    <system-err><![CDATA[May 30, 2023 11:34:48 AM org.openqa.selenium.manager.SeleniumManager getDriverPath
INFO: Applicable driver not found; attempting to install with Selenium Manager (Beta)
May 30, 2023 11:34:48 AM org.openqa.selenium.manager.SeleniumManager getDriverPath
INFO: Applicable driver not found; attempting to install with Selenium Manager (Beta)
]]></system-err>
  </testcase>
  <testcase name="shihtzus" classname="com.browserstack.staticpages" time="0">
    <skipped message="Could not start a new session. Handshake response does not match any supported protocol &#10;Host info: host: &apos;DESKTOP-SS9KUUU&apos;, ip: &apos;192.168.1.178&apos;&#10;Build info: version: &apos;4.9.1&apos;, revision: &apos;eb2032df7f&apos;&#10;System info: os.name: &apos;Windows 11&apos;, os.arch: &apos;amd64&apos;, os.version: &apos;10.0&apos;, java.version: &apos;17.0.7&apos;&#10;Driver info: org.openqa.selenium.chrome.ChromeDriver&#10;Command: [null, newSession {capabilities=[Capabilities {browserName: safari, browserVersion: null, bstack:options: {accessKey: twqxQydQD82kykCXeAwz, browser: safari, browserName: safari, browserVersion: null, browserstackSDK: testng-javaagent/1.5.2, buildIdentifier: #58, buildName: jenkins_BrowserStack-, consoleLogs: errors, debug: false, deviceName: iPhone 12, hostName: DESKTOP-SS9KUUU, local: true, localIdentifier: 30_May_1127_DESKTOP_SS9KUUU..., networkLogs: false, os: ios, osVersion: 14.0, projectName: BrowserStack Samples, source: testng:sample-master:v1.1, userName: deepakkumar_rQ89ol}, goog:chromeOptions: {args: [--remote-allow-origins=*, start-maximized, --disable-notifications], extensions: []}}]}]"/>
  </testcase>
  <testcase name="shihtzus" classname="com.browserstack.staticpages" time="0">
    <skipped message="Could not start a new session. Handshake response does not match any supported protocol &#10;Host info: host: &apos;DESKTOP-SS9KUUU&apos;, ip: &apos;192.168.1.178&apos;&#10;Build info: version: &apos;4.9.1&apos;, revision: &apos;eb2032df7f&apos;&#10;System info: os.name: &apos;Windows 11&apos;, os.arch: &apos;amd64&apos;, os.version: &apos;10.0&apos;, java.version: &apos;17.0.7&apos;&#10;Driver info: org.openqa.selenium.chrome.ChromeDriver&#10;Command: [null, newSession {capabilities=[Capabilities {browserName: Firefox, browserVersion: latest, bstack:options: {accessKey: twqxQydQD82kykCXeAwz, browser: Firefox, browserName: Firefox, browserVersion: latest, browserstackSDK: testng-javaagent/1.5.2, buildIdentifier: #58, buildName: jenkins_BrowserStack-, consoleLogs: errors, debug: false, hostName: DESKTOP-SS9KUUU, local: true, localIdentifier: 30_May_1127_DESKTOP_SS9KUUU..., networkLogs: false, os: Windows, osVersion: 10, projectName: BrowserStack Samples, source: testng:sample-master:v1.1, userName: deepakkumar_rQ89ol}, goog:chromeOptions: {args: [--remote-allow-origins=*, start-maximized, --disable-notifications], extensions: []}}]}]"/>
  </testcase>
  <testcase name="store" classname="com.browserstack.staticpages" time="0">
    <skipped message="Could not start a new session. Handshake response does not match any supported protocol &#10;Host info: host: &apos;DESKTOP-SS9KUUU&apos;, ip: &apos;192.168.1.178&apos;&#10;Build info: version: &apos;4.9.1&apos;, revision: &apos;eb2032df7f&apos;&#10;System info: os.name: &apos;Windows 11&apos;, os.arch: &apos;amd64&apos;, os.version: &apos;10.0&apos;, java.version: &apos;17.0.7&apos;&#10;Driver info: org.openqa.selenium.chrome.ChromeDriver&#10;Command: [null, newSession {capabilities=[Capabilities {browserName: Safari, browserVersion: latest, bstack:options: {accessKey: twqxQydQD82kykCXeAwz, browser: Safari, browserName: Safari, browserVersion: latest, browserstackSDK: testng-javaagent/1.5.2, buildIdentifier: #58, buildName: jenkins_BrowserStack-, consoleLogs: errors, debug: false, hostName: DESKTOP-SS9KUUU, local: true, localIdentifier: 30_May_1127_DESKTOP_SS9KUUU..., networkLogs: false, os: OS X, osVersion: Big Sur, projectName: BrowserStack Samples, source: testng:sample-master:v1.1, userName: deepakkumar_rQ89ol}, goog:chromeOptions: {args: [--remote-allow-origins=*, start-maximized, --disable-notifications], extensions: []}}]}]"/>
  </testcase>
  <testcase name="store" classname="com.browserstack.staticpages" time="0">
    <skipped message="Could not start a new session. Handshake response does not match any supported protocol &#10;Host info: host: &apos;DESKTOP-SS9KUUU&apos;, ip: &apos;192.168.1.178&apos;&#10;Build info: version: &apos;4.9.1&apos;, revision: &apos;eb2032df7f&apos;&#10;System info: os.name: &apos;Windows 11&apos;, os.arch: &apos;amd64&apos;, os.version: &apos;10.0&apos;, java.version: &apos;17.0.7&apos;&#10;Driver info: org.openqa.selenium.chrome.ChromeDriver&#10;Command: [null, newSession {capabilities=[Capabilities {browserName: Chrome, browserVersion: latest, bstack:options: {accessKey: twqxQydQD82kykCXeAwz, browser: Chrome, browserName: Chrome, browserVersion: latest, browserstackSDK: testng-javaagent/1.5.2, buildIdentifier: #58, buildName: jenkins_BrowserStack-, consoleLogs: errors, debug: false, hostName: DESKTOP-SS9KUUU, local: true, localIdentifier: 30_May_1127_DESKTOP_SS9KUUU..., networkLogs: false, os: Windows, osVersion: 10, projectName: BrowserStack Samples, source: testng:sample-master:v1.1, userName: deepakkumar_rQ89ol}, goog:chromeOptions: {args: [--remote-allow-origins=*, start-maximized, --disable-notifications], extensions: []}}]}]"/>
  </testcase>
  <testcase name="store" classname="com.browserstack.staticpages" time="0">
    <skipped message="Could not start a new session. Handshake response does not match any supported protocol &#10;Host info: host: &apos;DESKTOP-SS9KUUU&apos;, ip: &apos;192.168.1.178&apos;&#10;Build info: version: &apos;4.9.1&apos;, revision: &apos;eb2032df7f&apos;&#10;System info: os.name: &apos;Windows 11&apos;, os.arch: &apos;amd64&apos;, os.version: &apos;10.0&apos;, java.version: &apos;17.0.7&apos;&#10;Driver info: org.openqa.selenium.chrome.ChromeDriver&#10;Command: [null, newSession {capabilities=[Capabilities {browserName: chrome, browserVersion: null, bstack:options: {accessKey: twqxQydQD82kykCXeAwz, browser: chrome, browserName: chrome, browserVersion: null, browserstackSDK: testng-javaagent/1.5.2, buildIdentifier: #58, buildName: jenkins_BrowserStack-, consoleLogs: errors, debug: false, deviceName: Samsung Galaxy S21, hostName: DESKTOP-SS9KUUU, local: true, localIdentifier: 30_May_1127_DESKTOP_SS9KUUU..., networkLogs: false, os: android, osVersion: 11.0, projectName: BrowserStack Samples, source: testng:sample-master:v1.1, userName: deepakkumar_rQ89ol}, goog:chromeOptions: {args: [--remote-allow-origins=*, start-maximized, --disable-notifications], extensions: []}}]}]"/>
    <system-err><![CDATA[May 30, 2023 11:34:53 AM org.openqa.selenium.manager.SeleniumManager getDriverPath
INFO: Applicable driver not found; attempting to install with Selenium Manager (Beta)
]]></system-err>
  </testcase>
  <testcase name="store" classname="com.browserstack.staticpages" time="0">
    <skipped message="Could not start a new session. Handshake response does not match any supported protocol &#10;Host info: host: &apos;DESKTOP-SS9KUUU&apos;, ip: &apos;192.168.1.178&apos;&#10;Build info: version: &apos;4.9.1&apos;, revision: &apos;eb2032df7f&apos;&#10;System info: os.name: &apos;Windows 11&apos;, os.arch: &apos;amd64&apos;, os.version: &apos;10.0&apos;, java.version: &apos;17.0.7&apos;&#10;Driver info: org.openqa.selenium.chrome.ChromeDriver&#10;Command: [null, newSession {capabilities=[Capabilities {browserName: safari, browserVersion: null, bstack:options: {accessKey: twqxQydQD82kykCXeAwz, browser: safari, browserName: safari, browserVersion: null, browserstackSDK: testng-javaagent/1.5.2, buildIdentifier: #58, buildName: jenkins_BrowserStack-, consoleLogs: errors, debug: false, deviceName: iPhone 12, hostName: DESKTOP-SS9KUUU, local: true, localIdentifier: 30_May_1127_DESKTOP_SS9KUUU..., networkLogs: false, os: ios, osVersion: 14.0, projectName: BrowserStack Samples, source: testng:sample-master:v1.1, userName: deepakkumar_rQ89ol}, goog:chromeOptions: {args: [--remote-allow-origins=*, start-maximized, --disable-notifications], extensions: []}}]}]"/>
  </testcase>
  <testcase name="store" classname="com.browserstack.staticpages" time="0">
    <skipped message="Could not start a new session. Handshake response does not match any supported protocol &#10;Host info: host: &apos;DESKTOP-SS9KUUU&apos;, ip: &apos;192.168.1.178&apos;&#10;Build info: version: &apos;4.9.1&apos;, revision: &apos;eb2032df7f&apos;&#10;System info: os.name: &apos;Windows 11&apos;, os.arch: &apos;amd64&apos;, os.version: &apos;10.0&apos;, java.version: &apos;17.0.7&apos;&#10;Driver info: org.openqa.selenium.chrome.ChromeDriver&#10;Command: [null, newSession {capabilities=[Capabilities {browserName: Firefox, browserVersion: latest, bstack:options: {accessKey: twqxQydQD82kykCXeAwz, browser: Firefox, browserName: Firefox, browserVersion: latest, browserstackSDK: testng-javaagent/1.5.2, buildIdentifier: #58, buildName: jenkins_BrowserStack-, consoleLogs: errors, debug: false, hostName: DESKTOP-SS9KUUU, local: true, localIdentifier: 30_May_1127_DESKTOP_SS9KUUU..., networkLogs: false, os: Windows, osVersion: 10, projectName: BrowserStack Samples, source: testng:sample-master:v1.1, userName: deepakkumar_rQ89ol}, goog:chromeOptions: {args: [--remote-allow-origins=*, start-maximized, --disable-notifications], extensions: []}}]}]"/>
  </testcase>
  <testcase name="termofuses" classname="com.browserstack.staticpages" time="0">
    <skipped message="Could not start a new session. Handshake response does not match any supported protocol &#10;Host info: host: &apos;DESKTOP-SS9KUUU&apos;, ip: &apos;192.168.1.178&apos;&#10;Build info: version: &apos;4.9.1&apos;, revision: &apos;eb2032df7f&apos;&#10;System info: os.name: &apos;Windows 11&apos;, os.arch: &apos;amd64&apos;, os.version: &apos;10.0&apos;, java.version: &apos;17.0.7&apos;&#10;Driver info: org.openqa.selenium.chrome.ChromeDriver&#10;Command: [null, newSession {capabilities=[Capabilities {browserName: Safari, browserVersion: latest, bstack:options: {accessKey: twqxQydQD82kykCXeAwz, browser: Safari, browserName: Safari, browserVersion: latest, browserstackSDK: testng-javaagent/1.5.2, buildIdentifier: #58, buildName: jenkins_BrowserStack-, consoleLogs: errors, debug: false, hostName: DESKTOP-SS9KUUU, local: true, localIdentifier: 30_May_1127_DESKTOP_SS9KUUU..., networkLogs: false, os: OS X, osVersion: Big Sur, projectName: BrowserStack Samples, source: testng:sample-master:v1.1, userName: deepakkumar_rQ89ol}, goog:chromeOptions: {args: [--remote-allow-origins=*, start-maximized, --disable-notifications], extensions: []}}]}]"/>
  </testcase>
  <testcase name="termofuses" classname="com.browserstack.staticpages" time="0">
    <skipped message="Could not start a new session. Handshake response does not match any supported protocol &#10;Host info: host: &apos;DESKTOP-SS9KUUU&apos;, ip: &apos;192.168.1.178&apos;&#10;Build info: version: &apos;4.9.1&apos;, revision: &apos;eb2032df7f&apos;&#10;System info: os.name: &apos;Windows 11&apos;, os.arch: &apos;amd64&apos;, os.version: &apos;10.0&apos;, java.version: &apos;17.0.7&apos;&#10;Driver info: org.openqa.selenium.chrome.ChromeDriver&#10;Command: [null, newSession {capabilities=[Capabilities {browserName: Chrome, browserVersion: latest, bstack:options: {accessKey: twqxQydQD82kykCXeAwz, browser: Chrome, browserName: Chrome, browserVersion: latest, browserstackSDK: testng-javaagent/1.5.2, buildIdentifier: #58, buildName: jenkins_BrowserStack-, consoleLogs: errors, debug: false, hostName: DESKTOP-SS9KUUU, local: true, localIdentifier: 30_May_1127_DESKTOP_SS9KUUU..., networkLogs: false, os: Windows, osVersion: 10, projectName: BrowserStack Samples, source: testng:sample-master:v1.1, userName: deepakkumar_rQ89ol}, goog:chromeOptions: {args: [--remote-allow-origins=*, start-maximized, --disable-notifications], extensions: []}}]}]"/>
    <system-err><![CDATA[May 30, 2023 11:34:50 AM org.openqa.selenium.manager.SeleniumManager getDriverPath
INFO: Applicable driver not found; attempting to install with Selenium Manager (Beta)
]]></system-err>
  </testcase>
  <testcase name="termofuses" classname="com.browserstack.staticpages" time="0">
    <skipped message="Could not start a new session. Handshake response does not match any supported protocol &#10;Host info: host: &apos;DESKTOP-SS9KUUU&apos;, ip: &apos;192.168.1.178&apos;&#10;Build info: version: &apos;4.9.1&apos;, revision: &apos;eb2032df7f&apos;&#10;System info: os.name: &apos;Windows 11&apos;, os.arch: &apos;amd64&apos;, os.version: &apos;10.0&apos;, java.version: &apos;17.0.7&apos;&#10;Driver info: org.openqa.selenium.chrome.ChromeDriver&#10;Command: [null, newSession {capabilities=[Capabilities {browserName: chrome, browserVersion: null, bstack:options: {accessKey: twqxQydQD82kykCXeAwz, browser: chrome, browserName: chrome, browserVersion: null, browserstackSDK: testng-javaagent/1.5.2, buildIdentifier: #58, buildName: jenkins_BrowserStack-, consoleLogs: errors, debug: false, deviceName: Samsung Galaxy S21, hostName: DESKTOP-SS9KUUU, local: true, localIdentifier: 30_May_1127_DESKTOP_SS9KUUU..., networkLogs: false, os: android, osVersion: 11.0, projectName: BrowserStack Samples, source: testng:sample-master:v1.1, userName: deepakkumar_rQ89ol}, goog:chromeOptions: {args: [--remote-allow-origins=*, start-maximized, --disable-notifications], extensions: []}}]}]"/>
    <system-err><![CDATA[May 30, 2023 11:34:57 AM org.openqa.selenium.manager.SeleniumManager getDriverPath
INFO: Applicable driver not found; attempting to install with Selenium Manager (Beta)
]]></system-err>
  </testcase>
  <testcase name="termofuses" classname="com.browserstack.staticpages" time="0">
    <skipped message="Could not start a new session. Handshake response does not match any supported protocol &#10;Host info: host: &apos;DESKTOP-SS9KUUU&apos;, ip: &apos;192.168.1.178&apos;&#10;Build info: version: &apos;4.9.1&apos;, revision: &apos;eb2032df7f&apos;&#10;System info: os.name: &apos;Windows 11&apos;, os.arch: &apos;amd64&apos;, os.version: &apos;10.0&apos;, java.version: &apos;17.0.7&apos;&#10;Driver info: org.openqa.selenium.chrome.ChromeDriver&#10;Command: [null, newSession {capabilities=[Capabilities {browserName: safari, browserVersion: null, bstack:options: {accessKey: twqxQydQD82kykCXeAwz, browser: safari, browserName: safari, browserVersion: null, browserstackSDK: testng-javaagent/1.5.2, buildIdentifier: #58, buildName: jenkins_BrowserStack-, consoleLogs: errors, debug: false, deviceName: iPhone 12, hostName: DESKTOP-SS9KUUU, local: true, localIdentifier: 30_May_1127_DESKTOP_SS9KUUU..., networkLogs: false, os: ios, osVersion: 14.0, projectName: BrowserStack Samples, source: testng:sample-master:v1.1, userName: deepakkumar_rQ89ol}, goog:chromeOptions: {args: [--remote-allow-origins=*, start-maximized, --disable-notifications], extensions: []}}]}]"/>
  </testcase>
  <testcase name="termofuses" classname="com.browserstack.staticpages" time="0">
    <skipped message="Could not start a new session. Handshake response does not match any supported protocol &#10;Host info: host: &apos;DESKTOP-SS9KUUU&apos;, ip: &apos;192.168.1.178&apos;&#10;Build info: version: &apos;4.9.1&apos;, revision: &apos;eb2032df7f&apos;&#10;System info: os.name: &apos;Windows 11&apos;, os.arch: &apos;amd64&apos;, os.version: &apos;10.0&apos;, java.version: &apos;17.0.7&apos;&#10;Driver info: org.openqa.selenium.chrome.ChromeDriver&#10;Command: [null, newSession {capabilities=[Capabilities {browserName: Firefox, browserVersion: latest, bstack:options: {accessKey: twqxQydQD82kykCXeAwz, browser: Firefox, browserName: Firefox, browserVersion: latest, browserstackSDK: testng-javaagent/1.5.2, buildIdentifier: #58, buildName: jenkins_BrowserStack-, consoleLogs: errors, debug: false, hostName: DESKTOP-SS9KUUU, local: true, localIdentifier: 30_May_1127_DESKTOP_SS9KUUU..., networkLogs: false, os: Windows, osVersion: 10, projectName: BrowserStack Samples, source: testng:sample-master:v1.1, userName: deepakkumar_rQ89ol}, goog:chromeOptions: {args: [--remote-allow-origins=*, start-maximized, --disable-notifications], extensions: []}}]}]"/>
  </testcase>
</testsuite>